#
# There is insufficient memory for the Java Runtime Environment to continue.
# Native memory allocation (malloc) failed to allocate 560336 bytes for Chunk::new
# Possible reasons:
#   The system is out of physical RAM or swap space
#   In 32 bit mode, the process size limit was hit
# Possible solutions:
#   Reduce memory load on the system
#   Increase physical memory or swap space
#   Check if swap backing store is full
#   Use 64 bit Java on a 64 bit OS
#   Decrease Java heap size (-Xmx/-Xms)
#   Decrease number of Java threads
#   Decrease Java thread stack sizes (-Xss)
#   Set larger code cache with -XX:ReservedCodeCacheSize=
# This output file may be truncated or incomplete.
#
#  Out of Memory Error (allocation.cpp:390), pid=10548, tid=0x0000000000005378
#
# JRE version: Java(TM) SE Runtime Environment (8.0_172-b11) (build 1.8.0_172-b11)
# Java VM: Java HotSpot(TM) 64-Bit Server VM (25.172-b11 mixed mode windows-amd64 compressed oops)
# Failed to write core dump. Minidumps are not enabled by default on client versions of Windows
#

---------------  T H R E A D  ---------------

Current thread (0x0000000016eae000):  JavaThread "C2 CompilerThread1" daemon [_thread_in_native, id=21368, stack(0x00000000189a0000,0x0000000018aa0000)]

Stack: [0x00000000189a0000,0x0000000018aa0000]
[error occurred during error reporting (printing stack bounds), id 0xc0000005]

Native frames: (J=compiled Java code, j=interpreted, Vv=VM code, C=native code)


Current CompileTask:
C2:   9838 1811 % !   4       com.sun.imageio.plugins.png.PNGImageReader::decodePass @ 680 (1201 bytes)


---------------  P R O C E S S  ---------------

Java Threads: ( => current thread )
  0x00000000021d2800 JavaThread "DestroyJavaVM" [_thread_blocked, id=19644, stack(0x0000000002040000,0x0000000002140000)]
  0x0000000019228800 JavaThread "main-FPSAWTAnimator#00-Timer0" [_thread_in_native, id=14420, stack(0x0000000025550000,0x0000000025650000)]
  0x0000000019cf1800 JavaThread "main-Display-.windows_nil-1-EDT-1" daemon [_thread_blocked, id=22440, stack(0x0000000024c50000,0x0000000024d50000)]
  0x00000000194e4800 JavaThread "main-SharedResourceRunner" daemon [_thread_blocked, id=21572, stack(0x000000001be00000,0x000000001bf00000)]
  0x0000000019cf2800 JavaThread "AWT-Windows" daemon [_thread_in_native, id=16172, stack(0x000000001adf0000,0x000000001aef0000)]
  0x0000000019cf1000 JavaThread "Java2D Disposer" daemon [_thread_blocked, id=20412, stack(0x000000001abf0000,0x000000001acf0000)]
  0x00000000185a9800 JavaThread "Service Thread" daemon [_thread_blocked, id=23464, stack(0x0000000018ba0000,0x0000000018ca0000)]
  0x00000000185a4800 JavaThread "C1 CompilerThread2" daemon [_thread_blocked, id=5072, stack(0x0000000018aa0000,0x0000000018ba0000)]
=>0x0000000016eae000 JavaThread "C2 CompilerThread1" daemon [_thread_in_native, id=21368, stack(0x00000000189a0000,0x0000000018aa0000)]
  0x0000000016e50000 JavaThread "C2 CompilerThread0" daemon [_thread_blocked, id=19784, stack(0x00000000184a0000,0x00000000185a0000)]
  0x0000000016e4d800 JavaThread "Attach Listener" daemon [_thread_blocked, id=19988, stack(0x00000000183a0000,0x00000000184a0000)]
  0x0000000016e4c000 JavaThread "Signal Dispatcher" daemon [_thread_blocked, id=1396, stack(0x00000000182a0000,0x00000000183a0000)]
  0x0000000016e3a800 JavaThread "Finalizer" daemon [_thread_blocked, id=4388, stack(0x00000000180b0000,0x00000000181b0000)]
  0x0000000016e19000 JavaThread "Reference Handler" daemon [_thread_blocked, id=11772, stack(0x0000000017fb0000,0x00000000180b0000)]

Other Threads:
  0x0000000016e17800 VMThread [stack: 0x0000000017eb0000,0x0000000017fb0000] [id=20268]
  0x00000000185ac000 WatcherThread [stack: 0x0000000018ca0000,0x0000000018da0000] [id=20400]

VM state:not at safepoint (normal execution)

VM Mutex/Monitor currently owned by a thread: None

Heap:
 PSYoungGen      total 278528K, used 236086K [0x00000000d5b80000, 0x00000000e7a80000, 0x0000000100000000)
  eden space 264704K, 88% used [0x00000000d5b80000,0x00000000e4035a90,0x00000000e5e00000)
  from space 13824K, 13% used [0x00000000e6c00000,0x00000000e6dd8000,0x00000000e7980000)
  to   space 14336K, 0% used [0x00000000e5e00000,0x00000000e5e00000,0x00000000e6c00000)
 ParOldGen       total 87552K, used 17614K [0x0000000081200000, 0x0000000086780000, 0x00000000d5b80000)
  object space 87552K, 20% used [0x0000000081200000,0x0000000082333948,0x0000000086780000)
 Metaspace       used 15286K, capacity 15490K, committed 15744K, reserved 1062912K
  class space    used 1459K, capacity 1537K, committed 1664K, reserved 1048576K

Card table byte_map: [0x0000000011690000,0x0000000011a90000] byte_map_base: 0x0000000011287000

Marking Bits: (ParMarkBitMap*) 0x00000000582b3c10
 Begin Bits: [0x0000000012140000, 0x00000000140f8000)
 End Bits:   [0x00000000140f8000, 0x00000000160b0000)

Polling page: 0x0000000000820000

CodeCache: size=245760Kb used=6159Kb max_used=6159Kb free=239600Kb
 bounds [0x00000000022d0000, 0x00000000028e0000, 0x00000000112d0000]
 total_blobs=2522 nmethods=1730 adapters=704
 compilation: enabled

Compilation events (10 events):
Event: 9.698 Thread 0x00000000185a4800 nmethod 1807 0x00000000028d32d0 code [0x00000000028d3420, 0x00000000028d3650]
Event: 9.698 Thread 0x00000000185a4800 1808       3       jogamp.newt.WindowImpl::doPointerEvent (1577 bytes)
Event: 9.701 Thread 0x00000000185a4800 nmethod 1808 0x00000000028d3710 code [0x00000000028d3ba0, 0x00000000028d7868]
Event: 9.730 Thread 0x00000000185a4800 1809       3       com.jogamp.common.util.Bitfield$Util::bitCount (49 bytes)
Event: 9.730 Thread 0x00000000185a4800 nmethod 1809 0x00000000028da1d0 code [0x00000000028da320, 0x00000000028da490]
Event: 9.764 Thread 0x00000000185a4800 1810       3       com.jogamp.newt.event.NEWTEvent::<init> (21 bytes)
Event: 9.764 Thread 0x00000000185a4800 nmethod 1810 0x00000000028da510 code [0x00000000028da6a0, 0x00000000028da9e8]
Event: 9.805 Thread 0x0000000016eae000 1811 % !   4       com.sun.imageio.plugins.png.PNGImageReader::decodePass @ 680 (1201 bytes)
Event: 9.808 Thread 0x00000000185a4800 1812       3       com.jogamp.newt.event.InputEvent::<init> (14 bytes)
Event: 9.808 Thread 0x00000000185a4800 nmethod 1812 0x00000000028dab90 code [0x00000000028dad20, 0x00000000028db0e8]

GC Heap History (10 events):
Event: 4.328 GC heap before
{Heap before GC invocations=8 (full 0):
 PSYoungGen      total 144896K, used 143684K [0x00000000d5b80000, 0x00000000e7980000, 0x0000000100000000)
  eden space 132608K, 100% used [0x00000000d5b80000,0x00000000ddd00000,0x00000000ddd00000)
  from space 12288K, 90% used [0x00000000ddd00000,0x00000000de7d1128,0x00000000de900000)
  to   space 13824K, 0% used [0x00000000e6c00000,0x00000000e6c00000,0x00000000e7980000)
 ParOldGen       total 87552K, used 8985K [0x0000000081200000, 0x0000000086780000, 0x00000000d5b80000)
  object space 87552K, 10% used [0x0000000081200000,0x0000000081ac64d0,0x0000000086780000)
 Metaspace       used 14990K, capacity 15170K, committed 15488K, reserved 1062912K
  class space    used 1458K, capacity 1537K, committed 1664K, reserved 1048576K
Event: 4.336 GC heap after
Heap after GC invocations=8 (full 0):
 PSYoungGen      total 278528K, used 9417K [0x00000000d5b80000, 0x00000000e7a80000, 0x0000000100000000)
  eden space 264704K, 0% used [0x00000000d5b80000,0x00000000d5b80000,0x00000000e5e00000)
  from space 13824K, 68% used [0x00000000e6c00000,0x00000000e75324e8,0x00000000e7980000)
  to   space 14336K, 0% used [0x00000000e5e00000,0x00000000e5e00000,0x00000000e6c00000)
 ParOldGen       total 87552K, used 9009K [0x0000000081200000, 0x0000000086780000, 0x00000000d5b80000)
  object space 87552K, 10% used [0x0000000081200000,0x0000000081acc4d0,0x0000000086780000)
 Metaspace       used 14990K, capacity 15170K, committed 15488K, reserved 1062912K
  class space    used 1458K, capacity 1537K, committed 1664K, reserved 1048576K
}
Event: 5.520 GC heap before
{Heap before GC invocations=9 (full 0):
 PSYoungGen      total 278528K, used 274121K [0x00000000d5b80000, 0x00000000e7a80000, 0x0000000100000000)
  eden space 264704K, 100% used [0x00000000d5b80000,0x00000000e5e00000,0x00000000e5e00000)
  from space 13824K, 68% used [0x00000000e6c00000,0x00000000e75324e8,0x00000000e7980000)
  to   space 14336K, 0% used [0x00000000e5e00000,0x00000000e5e00000,0x00000000e6c00000)
 ParOldGen       total 87552K, used 9009K [0x0000000081200000, 0x0000000086780000, 0x00000000d5b80000)
  object space 87552K, 10% used [0x0000000081200000,0x0000000081acc4d0,0x0000000086780000)
 Metaspace       used 15035K, capacity 15234K, committed 15488K, reserved 1062912K
  class space    used 1459K, capacity 1537K, committed 1664K, reserved 1048576K
Event: 5.536 GC heap after
Heap after GC invocations=9 (full 0):
 PSYoungGen      total 279040K, used 5075K [0x00000000d5b80000, 0x00000000e7a80000, 0x0000000100000000)
  eden space 264704K, 0% used [0x00000000d5b80000,0x00000000d5b80000,0x00000000e5e00000)
  from space 14336K, 35% used [0x00000000e5e00000,0x00000000e62f4d48,0x00000000e6c00000)
  to   space 13824K, 0% used [0x00000000e6c00000,0x00000000e6c00000,0x00000000e7980000)
 ParOldGen       total 87552K, used 14319K [0x0000000081200000, 0x0000000086780000, 0x00000000d5b80000)
  object space 87552K, 16% used [0x0000000081200000,0x0000000081ffbc70,0x0000000086780000)
 Metaspace       used 15035K, capacity 15234K, committed 15488K, reserved 1062912K
  class space    used 1459K, capacity 1537K, committed 1664K, reserved 1048576K
}
Event: 6.645 GC heap before
{Heap before GC invocations=10 (full 0):
 PSYoungGen      total 279040K, used 269779K [0x00000000d5b80000, 0x00000000e7a80000, 0x0000000100000000)
  eden space 264704K, 100% used [0x00000000d5b80000,0x00000000e5e00000,0x00000000e5e00000)
  from space 14336K, 35% used [0x00000000e5e00000,0x00000000e62f4d48,0x00000000e6c00000)
  to   space 13824K, 0% used [0x00000000e6c00000,0x00000000e6c00000,0x00000000e7980000)
 ParOldGen       total 87552K, used 14319K [0x0000000081200000, 0x0000000086780000, 0x00000000d5b80000)
  object space 87552K, 16% used [0x0000000081200000,0x0000000081ffbc70,0x0000000086780000)
 Metaspace       used 15097K, capacity 15234K, committed 15488K, reserved 1062912K
  class space    used 1459K, capacity 1537K, committed 1664K, reserved 1048576K
Event: 6.654 GC heap after
Heap after GC invocations=10 (full 0):
 PSYoungGen      total 278528K, used 1856K [0x00000000d5b80000, 0x00000000e7a80000, 0x0000000100000000)
  eden space 264704K, 0% used [0x00000000d5b80000,0x00000000d5b80000,0x00000000e5e00000)
  from space 13824K, 13% used [0x00000000e6c00000,0x00000000e6dd0000,0x00000000e7980000)
  to   space 14336K, 0% used [0x00000000e5e00000,0x00000000e5e00000,0x00000000e6c00000)
 ParOldGen       total 87552K, used 17526K [0x0000000081200000, 0x0000000086780000, 0x00000000d5b80000)
  object space 87552K, 20% used [0x0000000081200000,0x000000008231d948,0x0000000086780000)
 Metaspace       used 15097K, capacity 15234K, committed 15488K, reserved 1062912K
  class space    used 1459K, capacity 1537K, committed 1664K, reserved 1048576K
}
Event: 7.745 GC heap before
{Heap before GC invocations=11 (full 0):
 PSYoungGen      total 278528K, used 266560K [0x00000000d5b80000, 0x00000000e7a80000, 0x0000000100000000)
  eden space 264704K, 100% used [0x00000000d5b80000,0x00000000e5e00000,0x00000000e5e00000)
  from space 13824K, 13% used [0x00000000e6c00000,0x00000000e6dd0000,0x00000000e7980000)
  to   space 14336K, 0% used [0x00000000e5e00000,0x00000000e5e00000,0x00000000e6c00000)
 ParOldGen       total 87552K, used 17526K [0x0000000081200000, 0x0000000086780000, 0x00000000d5b80000)
  object space 87552K, 20% used [0x0000000081200000,0x000000008231d948,0x0000000086780000)
 Metaspace       used 15170K, capacity 15362K, committed 15744K, reserved 1062912K
  class space    used 1459K, capacity 1537K, committed 1664K, reserved 1048576K
Event: 7.751 GC heap after
Heap after GC invocations=11 (full 0):
 PSYoungGen      total 279040K, used 1888K [0x00000000d5b80000, 0x00000000e7a80000, 0x0000000100000000)
  eden space 264704K, 0% used [0x00000000d5b80000,0x00000000d5b80000,0x00000000e5e00000)
  from space 14336K, 13% used [0x00000000e5e00000,0x00000000e5fd8000,0x00000000e6c00000)
  to   space 13824K, 0% used [0x00000000e6c00000,0x00000000e6c00000,0x00000000e7980000)
 ParOldGen       total 87552K, used 17582K [0x0000000081200000, 0x0000000086780000, 0x00000000d5b80000)
  object space 87552K, 20% used [0x0000000081200000,0x000000008232b948,0x0000000086780000)
 Metaspace       used 15170K, capacity 15362K, committed 15744K, reserved 1062912K
  class space    used 1459K, capacity 1537K, committed 1664K, reserved 1048576K
}
Event: 8.835 GC heap before
{Heap before GC invocations=12 (full 0):
 PSYoungGen      total 279040K, used 266592K [0x00000000d5b80000, 0x00000000e7a80000, 0x0000000100000000)
  eden space 264704K, 100% used [0x00000000d5b80000,0x00000000e5e00000,0x00000000e5e00000)
  from space 14336K, 13% used [0x00000000e5e00000,0x00000000e5fd8000,0x00000000e6c00000)
  to   space 13824K, 0% used [0x00000000e6c00000,0x00000000e6c00000,0x00000000e7980000)
 ParOldGen       total 87552K, used 17582K [0x0000000081200000, 0x0000000086780000, 0x00000000d5b80000)
  object space 87552K, 20% used [0x0000000081200000,0x000000008232b948,0x0000000086780000)
 Metaspace       used 15194K, capacity 15362K, committed 15744K, reserved 1062912K
  class space    used 1459K, capacity 1537K, committed 1664K, reserved 1048576K
Event: 8.841 GC heap after
Heap after GC invocations=12 (full 0):
 PSYoungGen      total 278528K, used 1888K [0x00000000d5b80000, 0x00000000e7a80000, 0x0000000100000000)
  eden space 264704K, 0% used [0x00000000d5b80000,0x00000000d5b80000,0x00000000e5e00000)
  from space 13824K, 13% used [0x00000000e6c00000,0x00000000e6dd8000,0x00000000e7980000)
  to   space 14336K, 0% used [0x00000000e5e00000,0x00000000e5e00000,0x00000000e6c00000)
 ParOldGen       total 87552K, used 17614K [0x0000000081200000, 0x0000000086780000, 0x00000000d5b80000)
  object space 87552K, 20% used [0x0000000081200000,0x0000000082333948,0x0000000086780000)
 Metaspace       used 15194K, capacity 15362K, committed 15744K, reserved 1062912K
  class space    used 1459K, capacity 1537K, committed 1664K, reserved 1048576K
}

Deoptimization events (10 events):
Event: 2.881 Thread 0x00000000194e4800 Uncommon trap: reason=bimorphic action=maybe_recompile pc=0x000000000260b708 method=java.util.regex.Pattern$Curly.match0(Ljava/util/regex/Matcher;IILjava/lang/CharSequence;)Z @ 77
Event: 2.912 Thread 0x00000000021d2800 Uncommon trap: reason=unstable_if action=reinterpret pc=0x00000000024c8b80 method=java.lang.String.split(Ljava/lang/String;I)[Ljava/lang/String; @ 32
Event: 2.912 Thread 0x00000000021d2800 Uncommon trap: reason=bimorphic action=maybe_recompile pc=0x000000000268ce9c method=java.util.regex.Pattern$Start.match(Ljava/util/regex/Matcher;ILjava/lang/CharSequence;)Z @ 44
Event: 2.912 Thread 0x00000000021d2800 Uncommon trap: reason=bimorphic action=maybe_recompile pc=0x000000000268ce9c method=java.util.regex.Pattern$Start.match(Ljava/util/regex/Matcher;ILjava/lang/CharSequence;)Z @ 44
Event: 2.973 Thread 0x00000000021d2800 Uncommon trap: reason=unstable_if action=reinterpret pc=0x00000000026df834 method=java.lang.reflect.AccessibleObject.setAccessible0(Ljava/lang/reflect/AccessibleObject;Z)V @ 4
Event: 3.167 Thread 0x0000000019228800 Uncommon trap: reason=unstable_if action=reinterpret pc=0x0000000002723a8c method=java.util.regex.Pattern$Curly.match0(Ljava/util/regex/Matcher;IILjava/lang/CharSequence;)Z @ 5
Event: 3.169 Thread 0x0000000019228800 Uncommon trap: reason=unstable_if action=reinterpret pc=0x00000000025479d0 method=java.lang.String.<init>([CII)V @ 18
Event: 3.829 Thread 0x0000000019228800 Uncommon trap: reason=unstable_if action=reinterpret pc=0x00000000027ba704 method=com.jogamp.common.util.IntObjectHashMap.put(ILjava/lang/Object;)Ljava/lang/Object; @ 30
Event: 4.337 Thread 0x0000000019228800 Uncommon trap: reason=unstable_if action=reinterpret pc=0x00000000027c4300 method=java.nio.Bits.tryReserveMemory(JI)Z @ 29
Event: 5.537 Thread 0x0000000016e19000 Uncommon trap: reason=unstable_if action=reinterpret pc=0x0000000002801f2c method=sun.misc.Cleaner.remove(Lsun/misc/Cleaner;)Z @ 14

Classes redefined (0 events):
No events

Internal exceptions (10 events):
Event: 0.041 Thread 0x00000000021d2800 Exception <a 'java/lang/NoSuchMethodError': Method sun.misc.Unsafe.defineClass(Ljava/lang/String;[BII)Ljava/lang/Class; name or signature does not match> (0x00000000d5b87cb0) thrown at [C:\re\workspace\8-2-build-windows-amd64-cygwin\jdk8u172\10810\hotspot
Event: 0.041 Thread 0x00000000021d2800 Exception <a 'java/lang/NoSuchMethodError': Method sun.misc.Unsafe.prefetchRead(Ljava/lang/Object;J)V name or signature does not match> (0x00000000d5b87f98) thrown at [C:\re\workspace\8-2-build-windows-amd64-cygwin\jdk8u172\10810\hotspot\src\share\vm\prim
Event: 0.440 Thread 0x00000000021d2800 Exception <a 'java/security/PrivilegedActionException'> (0x00000000d5d527b8) thrown at [C:\re\workspace\8-2-build-windows-amd64-cygwin\jdk8u172\10810\hotspot\src\share\vm\prims\jvm.cpp, line 1435]
Event: 0.440 Thread 0x00000000021d2800 Exception <a 'java/security/PrivilegedActionException'> (0x00000000d5d529c8) thrown at [C:\re\workspace\8-2-build-windows-amd64-cygwin\jdk8u172\10810\hotspot\src\share\vm\prims\jvm.cpp, line 1435]
Event: 0.441 Thread 0x00000000021d2800 Exception <a 'java/security/PrivilegedActionException'> (0x00000000d5d56638) thrown at [C:\re\workspace\8-2-build-windows-amd64-cygwin\jdk8u172\10810\hotspot\src\share\vm\prims\jvm.cpp, line 1435]
Event: 0.441 Thread 0x00000000021d2800 Exception <a 'java/security/PrivilegedActionException'> (0x00000000d5d56848) thrown at [C:\re\workspace\8-2-build-windows-amd64-cygwin\jdk8u172\10810\hotspot\src\share\vm\prims\jvm.cpp, line 1435]
Event: 0.446 Thread 0x00000000021d2800 Exception <a 'java/io/FileNotFoundException'> (0x00000000d5d6b2d0) thrown at [C:\re\workspace\8-2-build-windows-amd64-cygwin\jdk8u172\10810\hotspot\src\share\vm\prims\jni.cpp, line 709]
Event: 0.505 Thread 0x00000000021d2800 Exception <a 'java/lang/NoSuchFieldError': method resolution failed> (0x00000000d5e90838) thrown at [C:\re\workspace\8-2-build-windows-amd64-cygwin\jdk8u172\10810\hotspot\src\share\vm\prims\methodHandles.cpp, line 1167]
Event: 0.506 Thread 0x00000000021d2800 Exception <a 'java/lang/NoSuchFieldError': method resolution failed> (0x00000000d5e9dbd8) thrown at [C:\re\workspace\8-2-build-windows-amd64-cygwin\jdk8u172\10810\hotspot\src\share\vm\prims\methodHandles.cpp, line 1167]
Event: 1.842 Thread 0x00000000021d2800 Exception <a 'java/io/FileNotFoundException'> (0x00000000d91e7028) thrown at [C:\re\workspace\8-2-build-windows-amd64-cygwin\jdk8u172\10810\hotspot\src\share\vm\prims\jni.cpp, line 709]

Events (10 events):
Event: 7.745 Executing VM operation: ParallelGCFailedAllocation
Event: 7.751 Executing VM operation: ParallelGCFailedAllocation done
Event: 7.944 Thread 0x0000000019228800 DEOPT PACKING pc=0x0000000002818c71 sp=0x000000002564edd0
Event: 7.944 Thread 0x0000000019228800 DEOPT UNPACKING pc=0x0000000002317890 sp=0x000000002564eb40 mode 0
Event: 8.835 Executing VM operation: ParallelGCFailedAllocation
Event: 8.841 Executing VM operation: ParallelGCFailedAllocation done
Event: 8.841 Thread 0x0000000019228800 DEOPT PACKING pc=0x000000000244e1c5 sp=0x000000002564ef10
Event: 8.841 Thread 0x0000000019228800 DEOPT UNPACKING pc=0x0000000002317890 sp=0x000000002564ed30 mode 0
Event: 8.844 Thread 0x0000000016e19000 DEOPT PACKING pc=0x0000000002487c85 sp=0x00000000180af2c0
Event: 8.844 Thread 0x0000000016e19000 DEOPT UNPACKING pc=0x0000000002317890 sp=0x00000000180af010 mode 0


Dynamic libraries:
0x00007ff652d30000 - 0x00007ff652d67000 	C:\Program Files\Java\jre1.8.0_172\bin\javaw.exe
0x00007ffb84550000 - 0x00007ffb84731000 	C:\WINDOWS\SYSTEM32\ntdll.dll
0x00007ffb84010000 - 0x00007ffb840c2000 	C:\WINDOWS\System32\KERNEL32.DLL
0x00007ffb80c40000 - 0x00007ffb80eb3000 	C:\WINDOWS\System32\KERNELBASE.dll
0x00007ffb836f0000 - 0x00007ffb83791000 	C:\WINDOWS\System32\ADVAPI32.dll
0x00007ffb81cc0000 - 0x00007ffb81d5e000 	C:\WINDOWS\System32\msvcrt.dll
0x00007ffb83a70000 - 0x00007ffb83acb000 	C:\WINDOWS\System32\sechost.dll
0x00007ffb83b40000 - 0x00007ffb83c64000 	C:\WINDOWS\System32\RPCRT4.dll
0x00007ffb81b30000 - 0x00007ffb81cc0000 	C:\WINDOWS\System32\USER32.dll
0x00007ffb80c20000 - 0x00007ffb80c40000 	C:\WINDOWS\System32\win32u.dll
0x00007ffb84270000 - 0x00007ffb84298000 	C:\WINDOWS\System32\GDI32.dll
0x00007ffb80980000 - 0x00007ffb80b12000 	C:\WINDOWS\System32\gdi32full.dll
0x00007ffb80ec0000 - 0x00007ffb80f5f000 	C:\WINDOWS\System32\msvcp_win.dll
0x00007ffb80b20000 - 0x00007ffb80c1a000 	C:\WINDOWS\System32\ucrtbase.dll
0x00007ffb6d4b0000 - 0x00007ffb6d719000 	C:\WINDOWS\WinSxS\amd64_microsoft.windows.common-controls_6595b64144ccf1df_6.0.17134.345_none_fb429a5930656358\COMCTL32.dll
0x00007ffb83c70000 - 0x00007ffb83f93000 	C:\WINDOWS\System32\combase.dll
0x00007ffb81010000 - 0x00007ffb8108a000 	C:\WINDOWS\System32\bcryptPrimitives.dll
0x00007ffb84230000 - 0x00007ffb8425d000 	C:\WINDOWS\System32\IMM32.DLL
0x0000000057570000 - 0x0000000057642000 	C:\Program Files\Java\jre1.8.0_172\bin\msvcr100.dll
0x0000000057a90000 - 0x0000000058333000 	C:\Program Files\Java\jre1.8.0_172\bin\server\jvm.dll
0x00007ffb84260000 - 0x00007ffb84268000 	C:\WINDOWS\System32\PSAPI.DLL
0x00007ffb6c080000 - 0x00007ffb6c089000 	C:\WINDOWS\SYSTEM32\WSOCK32.dll
0x00007ffb83ad0000 - 0x00007ffb83b3c000 	C:\WINDOWS\System32\WS2_32.dll
0x00007ffb7e9e0000 - 0x00007ffb7ea03000 	C:\WINDOWS\SYSTEM32\WINMM.dll
0x00007ffb798c0000 - 0x00007ffb798ca000 	C:\WINDOWS\SYSTEM32\VERSION.dll
0x00007ffb7e8c0000 - 0x00007ffb7e8ea000 	C:\WINDOWS\SYSTEM32\winmmbase.dll
0x00007ffb817a0000 - 0x00007ffb817e9000 	C:\WINDOWS\System32\cfgmgr32.dll
0x00000000579a0000 - 0x00000000579af000 	C:\Program Files\Java\jre1.8.0_172\bin\verify.dll
0x0000000057970000 - 0x0000000057999000 	C:\Program Files\Java\jre1.8.0_172\bin\java.dll
0x0000000057950000 - 0x0000000057966000 	C:\Program Files\Java\jre1.8.0_172\bin\zip.dll
0x00007ffb81d60000 - 0x00007ffb8319f000 	C:\WINDOWS\System32\SHELL32.dll
0x00007ffb837a0000 - 0x00007ffb83849000 	C:\WINDOWS\System32\shcore.dll
0x00007ffb81090000 - 0x00007ffb8179d000 	C:\WINDOWS\System32\windows.storage.dll
0x00007ffb83fa0000 - 0x00007ffb83ff1000 	C:\WINDOWS\System32\shlwapi.dll
0x00007ffb80870000 - 0x00007ffb80881000 	C:\WINDOWS\System32\kernel.appcore.dll
0x00007ffb80900000 - 0x00007ffb8091f000 	C:\WINDOWS\System32\profapi.dll
0x00007ffb808b0000 - 0x00007ffb808fc000 	C:\WINDOWS\System32\powrprof.dll
0x00007ffb80860000 - 0x00007ffb8086a000 	C:\WINDOWS\System32\FLTLIB.DLL
0x0000000057770000 - 0x0000000057909000 	C:\Program Files\Java\jre1.8.0_172\bin\awt.dll
0x00007ffb84440000 - 0x00007ffb84502000 	C:\WINDOWS\System32\OLEAUT32.dll
0x00007ffb7eb00000 - 0x00007ffb7eb8b000 	C:\WINDOWS\SYSTEM32\apphelp.dll
0x00007ffb80290000 - 0x00007ffb802a7000 	C:\WINDOWS\SYSTEM32\CRYPTSP.dll
0x00007ffb7fcc0000 - 0x00007ffb7fcf3000 	C:\WINDOWS\system32\rsaenh.dll
0x00007ffb803c0000 - 0x00007ffb803e5000 	C:\WINDOWS\SYSTEM32\bcrypt.dll
0x00007ffb80790000 - 0x00007ffb807b8000 	C:\WINDOWS\SYSTEM32\USERENV.dll
0x00007ffb802b0000 - 0x00007ffb802bb000 	C:\WINDOWS\SYSTEM32\CRYPTBASE.dll
0x0000000057930000 - 0x000000005794a000 	C:\Program Files\Java\jre1.8.0_172\bin\net.dll
0x00007ffb800e0000 - 0x00007ffb80146000 	C:\WINDOWS\system32\mswsock.dll
0x00007ffb7fe60000 - 0x00007ffb7fe98000 	C:\WINDOWS\SYSTEM32\IPHLPAPI.DLL
0x00007ffb84510000 - 0x00007ffb84518000 	C:\WINDOWS\System32\NSI.dll
0x00007ffb76480000 - 0x00007ffb76496000 	C:\WINDOWS\SYSTEM32\dhcpcsvc6.DLL
0x00007ffb790a0000 - 0x00007ffb790ba000 	C:\WINDOWS\SYSTEM32\dhcpcsvc.DLL
0x0000000057910000 - 0x0000000057921000 	C:\Program Files\Java\jre1.8.0_172\bin\nio.dll
0x00000000637c0000 - 0x00000000637cd000 	C:\Users\Tomas\AppData\Local\Temp\jogamp_0000\file_cache\jln7308641784023672459\jln6058679563260238810\natives\windows-amd64\gluegen-rt.dll
0x00007ffb7ee30000 - 0x00007ffb7eec8000 	C:\WINDOWS\system32\uxtheme.dll
0x00007ffb83850000 - 0x00007ffb839c4000 	C:\WINDOWS\System32\MSCTF.dll
0x00007ffb6f3c0000 - 0x00007ffb6f3f9000 	C:\Program Files\Nahimic\Nahimic2\UserInterface\x64\Nahimic2DevProps.dll
0x00007ffb840d0000 - 0x00007ffb84221000 	C:\WINDOWS\System32\ole32.dll
0x00007ffb6f450000 - 0x00007ffb6f49e000 	C:\Program Files\Nahimic\Nahimic2\UserInterface\x64\Nahimic2OSD.dll
0x00007ffb831a0000 - 0x00007ffb83240000 	C:\WINDOWS\System32\clbcatq.dll
0x00007ffb75d90000 - 0x00007ffb75e06000 	C:\WINDOWS\System32\MMDevApi.dll
0x00007ffb80670000 - 0x00007ffb80697000 	C:\WINDOWS\System32\DEVOBJ.dll
0x00007ffb7d250000 - 0x00007ffb7d404000 	C:\WINDOWS\System32\PROPSYS.dll
0x00007ffb75b50000 - 0x00007ffb75c7c000 	C:\WINDOWS\SYSTEM32\AUDIOSES.DLL
0x00007ffb7c9d0000 - 0x00007ffb7cb1d000 	C:\WINDOWS\SYSTEM32\wintypes.dll
0x00007ffb7c040000 - 0x00007ffb7c04a000 	C:\WINDOWS\SYSTEM32\AVRT.dll
0x00007ffb7ef10000 - 0x00007ffb7ef39000 	C:\WINDOWS\system32\dwmapi.dll
0x0000000057560000 - 0x0000000057567000 	C:\Program Files\Java\jre1.8.0_172\bin\jawt.dll
0x000000006a440000 - 0x000000006a44d000 	C:\Users\Tomas\AppData\Local\Temp\jogamp_0000\file_cache\jln7308641784023672459\jln6058679563260238810\natives\windows-amd64\nativewindow_awt.dll
0x00007ffb67be0000 - 0x00007ffb67d00000 	C:\WINDOWS\system32\opengl32.dll
0x00007ffb75040000 - 0x00007ffb7506c000 	C:\WINDOWS\SYSTEM32\GLU32.dll
0x000000006c100000 - 0x000000006c10f000 	C:\Users\Tomas\AppData\Local\Temp\jogamp_0000\file_cache\jln7308641784023672459\jln6058679563260238810\natives\windows-amd64\nativewindow_win32.dll
0x0000000064500000 - 0x00000000645b1000 	C:\Users\Tomas\AppData\Local\Temp\jogamp_0000\file_cache\jln7308641784023672459\jln6058679563260238810\natives\windows-amd64\jogl_desktop.dll
0x00007ffb541f0000 - 0x00007ffb54460000 	C:\Program Files\MiKTeX 2.9\miktex\bin\x64\libGLESv2.dll
0x00007ffb61330000 - 0x00007ffb613cc000 	C:\Program Files\Java\jre1.8.0_172\bin\MSVCP140.dll
0x00007ffb79510000 - 0x00007ffb79526000 	C:\Program Files\Java\jre1.8.0_172\bin\VCRUNTIME140.dll
0x00007ffb7b1e0000 - 0x00007ffb7b377000 	C:\WINDOWS\SYSTEM32\d3d9.dll
0x0000000064340000 - 0x00000000643a2000 	C:\Users\Tomas\AppData\Local\Temp\jogamp_0000\file_cache\jln7308641784023672459\jln6058679563260238810\natives\windows-amd64\jogl_mobile.dll
0x00007ffb2f510000 - 0x00007ffb303d2000 	C:\WINDOWS\System32\DriverStore\FileRepository\igdlh64.inf_amd64_d44295a98a21a376\ig9icd64.dll
0x00007ffb7d470000 - 0x00007ffb7d483000 	C:\WINDOWS\SYSTEM32\WTSAPI32.dll
0x00007ffb59460000 - 0x00007ffb5aa5e000 	C:\WINDOWS\System32\DriverStore\FileRepository\igdlh64.inf_amd64_d44295a98a21a376\igc64.dll
0x000000006cbc0000 - 0x000000006cbd3000 	C:\Users\Tomas\AppData\Local\Temp\jogamp_0000\file_cache\jln7308641784023672459\jln6058679563260238810\natives\windows-amd64\newt.dll
0x00007ffb7b090000 - 0x00007ffb7b138000 	C:\WINDOWS\SYSTEM32\mscms.dll
0x00007ffb7d440000 - 0x00007ffb7d450000 	C:\WINDOWS\SYSTEM32\ColorAdapterClient.dll
0x00007ffb64140000 - 0x00007ffb64183000 	C:\WINDOWS\SYSTEM32\icm32.dll
0x00007ffb83240000 - 0x00007ffb8368b000 	C:\WINDOWS\System32\setupapi.dll
0x00007ffb80920000 - 0x00007ffb80977000 	C:\WINDOWS\System32\WINTRUST.dll
0x00007ffb80890000 - 0x00007ffb808a2000 	C:\WINDOWS\System32\MSASN1.dll
0x00007ffb817f0000 - 0x00007ffb819d2000 	C:\WINDOWS\System32\CRYPT32.dll
0x00007ffb79f50000 - 0x00007ffb79fe7000 	C:\WINDOWS\System32\TextInputFramework.dll
0x00007ffb7e7e0000 - 0x00007ffb7e8ba000 	C:\WINDOWS\System32\CoreMessaging.dll
0x00007ffb7baf0000 - 0x00007ffb7be0e000 	C:\WINDOWS\System32\CoreUIComponents.dll
0x00007ffb7f950000 - 0x00007ffb7f981000 	C:\WINDOWS\SYSTEM32\ntmarta.dll
0x0000000057520000 - 0x0000000057551000 	C:\Program Files\Java\jre1.8.0_172\bin\jpeg.dll

VM Arguments:
jvm_args: -Dfile.encoding=Cp1252 
java_command: unsw.graphics.world.World res/worlds/test1.json
java_class_path (initial): C:\Program Files\Java\jre1.8.0_172\lib\resources.jar;C:\Program Files\Java\jre1.8.0_172\lib\rt.jar;C:\Program Files\Java\jre1.8.0_172\lib\jsse.jar;C:\Program Files\Java\jre1.8.0_172\lib\jce.jar;C:\Program Files\Java\jre1.8.0_172\lib\charsets.jar;C:\Program Files\Java\jre1.8.0_172\lib\jfr.jar;C:\Program Files\Java\jre1.8.0_172\lib\ext\access-bridge-64.jar;C:\Program Files\Java\jre1.8.0_172\lib\ext\cldrdata.jar;C:\Program Files\Java\jre1.8.0_172\lib\ext\dnsns.jar;C:\Program Files\Java\jre1.8.0_172\lib\ext\jaccess.jar;C:\Program Files\Java\jre1.8.0_172\lib\ext\jfxrt.jar;C:\Program Files\Java\jre1.8.0_172\lib\ext\localedata.jar;C:\Program Files\Java\jre1.8.0_172\lib\ext\nashorn.jar;C:\Program Files\Java\jre1.8.0_172\lib\ext\sunec.jar;C:\Program Files\Java\jre1.8.0_172\lib\ext\sunjce_provider.jar;C:\Program Files\Java\jre1.8.0_172\lib\ext\sunmscapi.jar;C:\Program Files\Java\jre1.8.0_172\lib\ext\sunpkcs11.jar;C:\Program Files\Java\jre1.8.0_172\lib\ext\zipfs.jar;D:\_UNSW\COMP3421 - Computer Graphics\COPM3421_ASS2\bin;D:\_UNSW\COMP3421 - Computer Graphics\COPM3421_ASS2\lib\gluegen-rt.jar;D:\_UNSW\COMP3421 - Computer Graphics\COPM3421_ASS2\lib\jogl-all.jar;C:\Users\Tomas\.p2\pool\plugins\org.junit_4.12.0.v201504281640\junit.jar;C:\Users\Tomas\.p2\pool\plugins\org.hamcrest.core_1.3.0.v201303031735.jar;D:\_UNSW\COMP3421 - Computer Graphics\COPM3421_ASS2\lib\jply.jar;D:\_UNSW\COMP3421 - Computer Graphics\COPM3421_ASS2\lib\commons-lang3-3.7.jar
Launcher Type: SUN_STANDARD

Environment Variables:
USERNAME=Tomas
OS=Windows_NT
PROCESSOR_IDENTIFIER=Intel64 Family 6 Model 158 Stepping 9, GenuineIntel



---------------  S Y S T E M  ---------------

OS: Windows 10.0 , 64 bit Build 17134 (10.0.17134.1)

CPU:total 4 (initial active 4) (4 cores per cpu, 1 threads per core) family 6 model 158 stepping 9, cmov, cx8, fxsr, mmx, sse, sse2, sse3, ssse3, sse4.1, sse4.2, popcnt, avx, avx2, aes, clmul, erms, 3dnowpref, lzcnt, tsc, tscinvbit, bmi1, bmi2, adx

Memory: 4k page, physical 8306720k(477816k free), swap 18318620k(512k free)

vm_info: Java HotSpot(TM) 64-Bit Server VM (25.172-b11) for windows-amd64 JRE (1.8.0_172-b11), built on Mar 28 2018 21:21:52 by "java_re" with MS VC++ 10.0 (VS2010)

time: Sun Oct 21 21:05:43 2018
elapsed time: 9 seconds (0d 0h 0m 9s)

