#
# A fatal error has been detected by the Java Runtime Environment:
#
#  EXCEPTION_ACCESS_VIOLATION (0xc0000005) at pc=0x00007ffb2fa6ed2d, pid=6216, tid=0x0000000000004f30
#
# JRE version: Java(TM) SE Runtime Environment (8.0_172-b11) (build 1.8.0_172-b11)
# Java VM: Java HotSpot(TM) 64-Bit Server VM (25.172-b11 mixed mode windows-amd64 compressed oops)
# Problematic frame:
# C  [ig9icd64.dll+0x55ed2d]
#
# Failed to write core dump. Minidumps are not enabled by default on client versions of Windows
#
# If you would like to submit a bug report, please visit:
#   http://bugreport.java.com/bugreport/crash.jsp
# The crash happened outside the Java Virtual Machine in native code.
# See problematic frame for where to report the bug.
#

---------------  T H R E A D  ---------------

Current thread (0x00000000199fb000):  JavaThread "main-FPSAWTAnimator#00-Timer0" [_thread_in_native, id=20272, stack(0x0000000025240000,0x0000000025340000)]

siginfo: ExceptionCode=0xc0000005, reading address 0x0000000000000110

Registers:
RAX=0x0000000000000000, RBX=0x00000001c09fa380, RCX=0x0000000000b18270, RDX=0x00000001c09fa380
RSP=0x000000002533dc30, RBP=0x0000000000b55cb0, RSI=0x000000001c699910, RDI=0x0000000000b18270
R8 =0x00000001c09fa380, R9 =0x000000002533db49, R10=0x0000000000000000, R11=0x0000000000000246
R12=0x000000000079e5bc, R13=0x000000001c810000, R14=0x000000001c6b9ba0, R15=0x000000001c699938
RIP=0x00007ffb2fa6ed2d, EFLAGS=0x0000000000010202

Top of Stack: (sp=0x000000002533dc30)
0x000000002533dc30:   00000001c09ee100 000000001c699910
0x000000002533dc40:   0000b802016b0000 000000002533dca8
0x000000002533dc50:   fffffffffffffffe 0000000100000000
0x000000002533dc60:   000000001c699938 000000001c6b9ba0
0x000000002533dc70:   00000001c09fa380 000000001c699910
0x000000002533dc80:   0000000000b55cb0 00007ffb2fa61b29
0x000000002533dc90:   00000001c09ee170 0000000000b18270
0x000000002533dca0:   000000001c699910 00007ffb00000000
0x000000002533dcb0:   0000000000b18201 0000000000000000
0x000000002533dcc0:   0000000000000000 00007ffb2fa60261
0x000000002533dcd0:   0000000000000001 0000000000b55cb0
0x000000002533dce0:   000000001c699910 0000000000000000
0x000000002533dcf0:   0000000000000001 00007ffb2fa6f204
0x000000002533dd00:   0000000000000000 0000000000000000
0x000000002533dd10:   000000002533de60 00007ffb2fa61d10
0x000000002533dd20:   000000001c699910 0000000000000000 

Instructions: (pc=0x00007ffb2fa6ed2d)
0x00007ffb2fa6ed0d:   90 48 8b 86 88 03 02 00 48 89 83 e8 03 00 00 48
0x00007ffb2fa6ed1d:   89 9e 88 03 02 00 ff 86 90 03 02 00 48 8b 43 08
0x00007ffb2fa6ed2d:   48 8b 88 10 01 00 00 48 01 8e 98 03 02 00 48 8b
0x00007ffb2fa6ed3d:   8e 98 03 02 00 48 03 8e f8 03 02 00 48 8b 05 28 


Register to memory mapping:

RAX=0x0000000000000000 is an unknown value
RBX=0x00000001c09fa380 is an unknown value
RCX=0x0000000000b18270 is an unknown value
RDX=0x00000001c09fa380 is an unknown value
RSP=0x000000002533dc30 is pointing into the stack for thread: 0x00000000199fb000
RBP=0x0000000000b55cb0 is an unknown value
RSI=0x000000001c699910 is an unknown value
RDI=0x0000000000b18270 is an unknown value
R8 =0x00000001c09fa380 is an unknown value
R9 =0x000000002533db49 is pointing into the stack for thread: 0x00000000199fb000
R10=0x0000000000000000 is an unknown value
R11=0x0000000000000246 is an unknown value
R12=0x000000000079e5bc is an unknown value
R13=0x000000001c810000 is an unknown value
R14=0x000000001c6b9ba0 is an unknown value
R15=0x000000001c699938 is an unknown value


Stack: [0x0000000025240000,0x0000000025340000],  sp=0x000000002533dc30,  free space=1015k
Native frames: (J=compiled Java code, j=interpreted, Vv=VM code, C=native code)
C  [ig9icd64.dll+0x55ed2d]

Java frames: (J=compiled Java code, j=interpreted, Vv=VM code)
J 1192  jogamp.opengl.gl4.GL4bcImpl.dispatch_glBufferDataDelegate1(IJLjava/lang/Object;IZIJ)V (0 bytes) @ 0x0000000002dc5933 [0x0000000002dc58c0+0x73]
J 1281 C2 jogamp.opengl.GLBufferObjectTracker.createBufferStorage(Ljogamp/opengl/GLBufferStateTracker;Lcom/jogamp/opengl/GL;IJLjava/nio/Buffer;IILjogamp/opengl/GLBufferObjectTracker$CreateStorageDispatch;)V (457 bytes) @ 0x0000000002e0c49c [0x0000000002e0c280+0x21c]
J 1273 C2 unsw.graphics.world.Particle.draw(Lcom/jogamp/opengl/GL3;)V (100 bytes) @ 0x0000000002e05b5c [0x0000000002e05300+0x85c]
J 1448 C2 unsw.graphics.world.World.display(Lcom/jogamp/opengl/GL3;)V (257 bytes) @ 0x0000000002e951c4 [0x0000000002e94300+0xec4]
J 1607 C2 jogamp.opengl.GLDrawableHelper.invokeGLImpl(Lcom/jogamp/opengl/GLDrawable;Lcom/jogamp/opengl/GLContext;Ljava/lang/Runnable;Ljava/lang/Runnable;)V (579 bytes) @ 0x0000000002aa3b48 [0x0000000002aa3680+0x4c8]
J 1597 C2 com.jogamp.newt.opengl.GLWindow.display()V (144 bytes) @ 0x0000000002af9e58 [0x0000000002af9c20+0x238]
J 1609 C2 com.jogamp.opengl.util.FPSAnimator$MainTask.run()V (805 bytes) @ 0x0000000002a78a40 [0x0000000002a78980+0xc0]
j  java.util.TimerThread.mainLoop()V+221
j  java.util.TimerThread.run()V+1
v  ~StubRoutines::call_stub

---------------  P R O C E S S  ---------------

Java Threads: ( => current thread )
  0x0000000002842800 JavaThread "DestroyJavaVM" [_thread_blocked, id=18232, stack(0x0000000002690000,0x0000000002790000)]
=>0x00000000199fb000 JavaThread "main-FPSAWTAnimator#00-Timer0" [_thread_in_native, id=20272, stack(0x0000000025240000,0x0000000025340000)]
  0x0000000019a01800 JavaThread "main-Display-.windows_nil-1-EDT-1" daemon [_thread_blocked, id=7308, stack(0x0000000025140000,0x0000000025240000)]
  0x00000000198f6000 JavaThread "main-SharedResourceRunner" daemon [_thread_blocked, id=9412, stack(0x000000001c2f0000,0x000000001c3f0000)]
  0x0000000019fe1800 JavaThread "AWT-Windows" daemon [_thread_in_native, id=16320, stack(0x000000001b350000,0x000000001b450000)]
  0x0000000019536000 JavaThread "Java2D Disposer" daemon [_thread_blocked, id=19396, stack(0x000000001b150000,0x000000001b250000)]
  0x0000000018d23000 JavaThread "Service Thread" daemon [_thread_blocked, id=19260, stack(0x0000000019200000,0x0000000019300000)]
  0x0000000018d08800 JavaThread "C1 CompilerThread2" daemon [_thread_blocked, id=14644, stack(0x0000000019100000,0x0000000019200000)]
  0x0000000017503800 JavaThread "C2 CompilerThread1" daemon [_thread_blocked, id=14148, stack(0x0000000018c00000,0x0000000018d00000)]
  0x00000000174c1000 JavaThread "C2 CompilerThread0" daemon [_thread_blocked, id=1368, stack(0x0000000018b00000,0x0000000018c00000)]
  0x00000000174be800 JavaThread "Attach Listener" daemon [_thread_blocked, id=18692, stack(0x0000000018a00000,0x0000000018b00000)]
  0x00000000174bd000 JavaThread "Signal Dispatcher" daemon [_thread_blocked, id=13712, stack(0x0000000018900000,0x0000000018a00000)]
  0x000000000293e000 JavaThread "Finalizer" daemon [_thread_blocked, id=2484, stack(0x0000000018710000,0x0000000018810000)]
  0x0000000002933000 JavaThread "Reference Handler" daemon [_thread_blocked, id=9776, stack(0x0000000018610000,0x0000000018710000)]

Other Threads:
  0x0000000017488000 VMThread [stack: 0x0000000018510000,0x0000000018610000] [id=2488]
  0x0000000018d29000 WatcherThread [stack: 0x0000000019300000,0x0000000019400000] [id=15168]

VM state:not at safepoint (normal execution)

VM Mutex/Monitor currently owned by a thread: None

Heap:
 PSYoungGen      total 260608K, used 101186K [0x00000000d5b80000, 0x00000000f6800000, 0x0000000100000000)
  eden space 256512K, 38% used [0x00000000d5b80000,0x00000000dbab0ba8,0x00000000e5600000)
  from space 4096K, 90% used [0x00000000f6400000,0x00000000f67a0000,0x00000000f6800000)
  to   space 9728K, 0% used [0x00000000f5500000,0x00000000f5500000,0x00000000f5e80000)
 ParOldGen       total 87552K, used 60245K [0x0000000081200000, 0x0000000086780000, 0x00000000d5b80000)
  object space 87552K, 68% used [0x0000000081200000,0x0000000084cd5548,0x0000000086780000)
 Metaspace       used 15063K, capacity 15246K, committed 15488K, reserved 1062912K
  class space    used 1457K, capacity 1537K, committed 1664K, reserved 1048576K

Card table byte_map: [0x0000000011d00000,0x0000000012100000] byte_map_base: 0x00000000118f7000

Marking Bits: (ParMarkBitMap*) 0x0000000058383c10
 Begin Bits: [0x00000000127b0000, 0x0000000014768000)
 End Bits:   [0x0000000014768000, 0x0000000016720000)

Polling page: 0x0000000000ec0000

CodeCache: size=245760Kb used=6024Kb max_used=6287Kb free=239735Kb
 bounds [0x0000000002940000, 0x0000000002f70000, 0x0000000011940000]
 total_blobs=2317 nmethods=1532 adapters=697
 compilation: enabled

Compilation events (10 events):
Event: 126.134 Thread 0x0000000017503800 1609   !   4       com.jogamp.opengl.util.FPSAnimator$MainTask::run (805 bytes)
Event: 126.140 Thread 0x0000000017503800 nmethod 1609 0x0000000002a787d0 code [0x0000000002a78980, 0x0000000002a78fe8]
Event: 129.464 Thread 0x00000000174c1000 1610       4       jogamp.opengl.gl4.GL4bcImpl::glUniform1f (45 bytes)
Event: 129.466 Thread 0x00000000174c1000 nmethod 1610 0x0000000002a76210 code [0x0000000002a76360, 0x0000000002a76448]
Event: 129.493 Thread 0x0000000017503800 1611       4       jogamp.opengl.gl4.GL4bcImpl::glPolygonMode (44 bytes)
Event: 129.494 Thread 0x0000000017503800 nmethod 1611 0x0000000002b00a10 code [0x0000000002b00b60, 0x0000000002b00c28]
Event: 144.709 Thread 0x00000000174c1000 1612       4       unsw.graphics.world.World::setDayLighting (130 bytes)
Event: 144.756 Thread 0x00000000174c1000 nmethod 1612 0x0000000002ac0e10 code [0x0000000002ac1220, 0x0000000002ac3060]
Event: 150.943 Thread 0x0000000017503800 1613   !   4       jogamp.opengl.GLContextImpl::makeCurrentWithinLock (728 bytes)
Event: 150.946 Thread 0x0000000017503800 nmethod 1613 0x0000000002f0ce90 code [0x0000000002f0d000, 0x0000000002f0d268]

GC Heap History (10 events):
Event: 193.524 GC heap before
{Heap before GC invocations=82 (full 0):
 PSYoungGen      total 326144K, used 326144K [0x00000000d5b80000, 0x00000000f7f80000, 0x0000000100000000)
  eden space 321536K, 100% used [0x00000000d5b80000,0x00000000e9580000,0x00000000e9580000)
  from space 4608K, 100% used [0x00000000f7100000,0x00000000f7580000,0x00000000f7580000)
  to   space 9728K, 0% used [0x00000000f7600000,0x00000000f7600000,0x00000000f7f80000)
 ParOldGen       total 87552K, used 59445K [0x0000000081200000, 0x0000000086780000, 0x00000000d5b80000)
  object space 87552K, 67% used [0x0000000081200000,0x0000000084c0d548,0x0000000086780000)
 Metaspace       used 15063K, capacity 15246K, committed 15488K, reserved 1062912K
  class space    used 1457K, capacity 1537K, committed 1664K, reserved 1048576K
Event: 193.538 GC heap after
Heap after GC invocations=82 (full 0):
 PSYoungGen      total 311808K, used 4384K [0x00000000d5b80000, 0x00000000f7a80000, 0x0000000100000000)
  eden space 307200K, 0% used [0x00000000d5b80000,0x00000000d5b80000,0x00000000e8780000)
  from space 4608K, 95% used [0x00000000f7600000,0x00000000f7a48000,0x00000000f7a80000)
  to   space 9728K, 0% used [0x00000000f6780000,0x00000000f6780000,0x00000000f7100000)
 ParOldGen       total 87552K, used 59621K [0x0000000081200000, 0x0000000086780000, 0x00000000d5b80000)
  object space 87552K, 68% used [0x0000000081200000,0x0000000084c39548,0x0000000086780000)
 Metaspace       used 15063K, capacity 15246K, committed 15488K, reserved 1062912K
  class space    used 1457K, capacity 1537K, committed 1664K, reserved 1048576K
}
Event: 195.303 GC heap before
{Heap before GC invocations=83 (full 0):
 PSYoungGen      total 311808K, used 311584K [0x00000000d5b80000, 0x00000000f7a80000, 0x0000000100000000)
  eden space 307200K, 100% used [0x00000000d5b80000,0x00000000e8780000,0x00000000e8780000)
  from space 4608K, 95% used [0x00000000f7600000,0x00000000f7a48000,0x00000000f7a80000)
  to   space 9728K, 0% used [0x00000000f6780000,0x00000000f6780000,0x00000000f7100000)
 ParOldGen       total 87552K, used 59621K [0x0000000081200000, 0x0000000086780000, 0x00000000d5b80000)
  object space 87552K, 68% used [0x0000000081200000,0x0000000084c39548,0x0000000086780000)
 Metaspace       used 15063K, capacity 15246K, committed 15488K, reserved 1062912K
  class space    used 1457K, capacity 1537K, committed 1664K, reserved 1048576K
Event: 195.328 GC heap after
Heap after GC invocations=83 (full 0):
 PSYoungGen      total 297984K, used 4192K [0x00000000d5b80000, 0x00000000f7680000, 0x0000000100000000)
  eden space 293376K, 0% used [0x00000000d5b80000,0x00000000d5b80000,0x00000000e7a00000)
  from space 4608K, 90% used [0x00000000f6780000,0x00000000f6b98000,0x00000000f6c00000)
  to   space 9728K, 0% used [0x00000000f6d00000,0x00000000f6d00000,0x00000000f7680000)
 ParOldGen       total 87552K, used 59781K [0x0000000081200000, 0x0000000086780000, 0x00000000d5b80000)
  object space 87552K, 68% used [0x0000000081200000,0x0000000084c61548,0x0000000086780000)
 Metaspace       used 15063K, capacity 15246K, committed 15488K, reserved 1062912K
  class space    used 1457K, capacity 1537K, committed 1664K, reserved 1048576K
}
Event: 197.066 GC heap before
{Heap before GC invocations=84 (full 0):
 PSYoungGen      total 297984K, used 297568K [0x00000000d5b80000, 0x00000000f7680000, 0x0000000100000000)
  eden space 293376K, 100% used [0x00000000d5b80000,0x00000000e7a00000,0x00000000e7a00000)
  from space 4608K, 90% used [0x00000000f6780000,0x00000000f6b98000,0x00000000f6c00000)
  to   space 9728K, 0% used [0x00000000f6d00000,0x00000000f6d00000,0x00000000f7680000)
 ParOldGen       total 87552K, used 59781K [0x0000000081200000, 0x0000000086780000, 0x00000000d5b80000)
  object space 87552K, 68% used [0x0000000081200000,0x0000000084c61548,0x0000000086780000)
 Metaspace       used 15063K, capacity 15246K, committed 15488K, reserved 1062912K
  class space    used 1457K, capacity 1537K, committed 1664K, reserved 1048576K
Event: 197.079 GC heap after
Heap after GC invocations=84 (full 0):
 PSYoungGen      total 284672K, used 4032K [0x00000000d5b80000, 0x00000000f7100000, 0x0000000100000000)
  eden space 280576K, 0% used [0x00000000d5b80000,0x00000000d5b80000,0x00000000e6d80000)
  from space 4096K, 98% used [0x00000000f6d00000,0x00000000f70f0000,0x00000000f7100000)
  to   space 9728K, 0% used [0x00000000f5e00000,0x00000000f5e00000,0x00000000f6780000)
 ParOldGen       total 87552K, used 59941K [0x0000000081200000, 0x0000000086780000, 0x00000000d5b80000)
  object space 87552K, 68% used [0x0000000081200000,0x0000000084c89548,0x0000000086780000)
 Metaspace       used 15063K, capacity 15246K, committed 15488K, reserved 1062912K
  class space    used 1457K, capacity 1537K, committed 1664K, reserved 1048576K
}
Event: 198.775 GC heap before
{Heap before GC invocations=85 (full 0):
 PSYoungGen      total 284672K, used 284608K [0x00000000d5b80000, 0x00000000f7100000, 0x0000000100000000)
  eden space 280576K, 100% used [0x00000000d5b80000,0x00000000e6d80000,0x00000000e6d80000)
  from space 4096K, 98% used [0x00000000f6d00000,0x00000000f70f0000,0x00000000f7100000)
  to   space 9728K, 0% used [0x00000000f5e00000,0x00000000f5e00000,0x00000000f6780000)
 ParOldGen       total 87552K, used 59941K [0x0000000081200000, 0x0000000086780000, 0x00000000d5b80000)
  object space 87552K, 68% used [0x0000000081200000,0x0000000084c89548,0x0000000086780000)
 Metaspace       used 15063K, capacity 15246K, committed 15488K, reserved 1062912K
  class space    used 1457K, capacity 1537K, committed 1664K, reserved 1048576K
Event: 198.786 GC heap after
Heap after GC invocations=85 (full 0):
 PSYoungGen      total 272384K, used 3808K [0x00000000d5b80000, 0x00000000f6d80000, 0x0000000100000000)
  eden space 268288K, 0% used [0x00000000d5b80000,0x00000000d5b80000,0x00000000e6180000)
  from space 4096K, 92% used [0x00000000f5e00000,0x00000000f61b8000,0x00000000f6200000)
  to   space 9728K, 0% used [0x00000000f6400000,0x00000000f6400000,0x00000000f6d80000)
 ParOldGen       total 87552K, used 60109K [0x0000000081200000, 0x0000000086780000, 0x00000000d5b80000)
  object space 87552K, 68% used [0x0000000081200000,0x0000000084cb3548,0x0000000086780000)
 Metaspace       used 15063K, capacity 15246K, committed 15488K, reserved 1062912K
  class space    used 1457K, capacity 1537K, committed 1664K, reserved 1048576K
}
Event: 200.518 GC heap before
{Heap before GC invocations=86 (full 0):
 PSYoungGen      total 272384K, used 272096K [0x00000000d5b80000, 0x00000000f6d80000, 0x0000000100000000)
  eden space 268288K, 100% used [0x00000000d5b80000,0x00000000e6180000,0x00000000e6180000)
  from space 4096K, 92% used [0x00000000f5e00000,0x00000000f61b8000,0x00000000f6200000)
  to   space 9728K, 0% used [0x00000000f6400000,0x00000000f6400000,0x00000000f6d80000)
 ParOldGen       total 87552K, used 60109K [0x0000000081200000, 0x0000000086780000, 0x00000000d5b80000)
  object space 87552K, 68% used [0x0000000081200000,0x0000000084cb3548,0x0000000086780000)
 Metaspace       used 15063K, capacity 15246K, committed 15488K, reserved 1062912K
  class space    used 1457K, capacity 1537K, committed 1664K, reserved 1048576K
Event: 200.531 GC heap after
Heap after GC invocations=86 (full 0):
 PSYoungGen      total 260608K, used 3712K [0x00000000d5b80000, 0x00000000f6800000, 0x0000000100000000)
  eden space 256512K, 0% used [0x00000000d5b80000,0x00000000d5b80000,0x00000000e5600000)
  from space 4096K, 90% used [0x00000000f6400000,0x00000000f67a0000,0x00000000f6800000)
  to   space 9728K, 0% used [0x00000000f5500000,0x00000000f5500000,0x00000000f5e80000)
 ParOldGen       total 87552K, used 60245K [0x0000000081200000, 0x0000000086780000, 0x00000000d5b80000)
  object space 87552K, 68% used [0x0000000081200000,0x0000000084cd5548,0x0000000086780000)
 Metaspace       used 15063K, capacity 15246K, committed 15488K, reserved 1062912K
  class space    used 1457K, capacity 1537K, committed 1664K, reserved 1048576K
}

Deoptimization events (10 events):
Event: 1.051 Thread 0x0000000002842800 Uncommon trap: reason=unstable_if action=reinterpret pc=0x0000000002c38d64 method=java.util.HashMap.getNode(ILjava/lang/Object;)Ljava/util/HashMap$Node; @ 62
Event: 1.593 Thread 0x0000000002842800 Uncommon trap: reason=unstable_if action=reinterpret pc=0x0000000002a813c8 method=java.lang.String.startsWith(Ljava/lang/String;I)Z @ 25
Event: 1.754 Thread 0x00000000198f6000 Uncommon trap: reason=unstable_if action=reinterpret pc=0x0000000002ae69cc method=java.lang.String.trim()Ljava/lang/String; @ 23
Event: 2.040 Thread 0x0000000002842800 Uncommon trap: reason=unstable_if action=reinterpret pc=0x0000000002b60c40 method=java.lang.String.split(Ljava/lang/String;I)[Ljava/lang/String; @ 32
Event: 2.040 Thread 0x0000000002842800 Uncommon trap: reason=bimorphic action=maybe_recompile pc=0x0000000002c3dfe0 method=java.util.regex.Pattern$Start.match(Ljava/util/regex/Matcher;ILjava/lang/CharSequence;)Z @ 44
Event: 2.040 Thread 0x0000000002842800 Uncommon trap: reason=bimorphic action=maybe_recompile pc=0x0000000002c3dfe0 method=java.util.regex.Pattern$Start.match(Ljava/util/regex/Matcher;ILjava/lang/CharSequence;)Z @ 44
Event: 2.103 Thread 0x0000000002842800 Uncommon trap: reason=unstable_if action=reinterpret pc=0x0000000002d16ef4 method=java.lang.reflect.AccessibleObject.setAccessible0(Ljava/lang/reflect/AccessibleObject;Z)V @ 4
Event: 2.201 Thread 0x00000000199fb000 Uncommon trap: reason=unstable_if action=reinterpret pc=0x0000000002bb0928 method=java.lang.String.<init>([CII)V @ 18
Event: 2.786 Thread 0x00000000199fb000 Uncommon trap: reason=unstable_if action=reinterpret pc=0x0000000002dfa380 method=java.nio.Bits.tryReserveMemory(JI)Z @ 29
Event: 5.259 Thread 0x00000000199fb000 Uncommon trap: reason=unstable_if action=reinterpret pc=0x0000000002e5a0dc method=unsw.graphics.world.World.display(Lcom/jogamp/opengl/GL3;)V @ 216

Classes redefined (0 events):
No events

Internal exceptions (10 events):
Event: 0.031 Thread 0x0000000002842800 Exception <a 'java/lang/NoSuchMethodError': Method sun.misc.Unsafe.defineClass(Ljava/lang/String;[BII)Ljava/lang/Class; name or signature does not match> (0x00000000d5b87cb0) thrown at [C:\re\workspace\8-2-build-windows-amd64-cygwin\jdk8u172\10810\hotspot
Event: 0.031 Thread 0x0000000002842800 Exception <a 'java/lang/NoSuchMethodError': Method sun.misc.Unsafe.prefetchRead(Ljava/lang/Object;J)V name or signature does not match> (0x00000000d5b87f98) thrown at [C:\re\workspace\8-2-build-windows-amd64-cygwin\jdk8u172\10810\hotspot\src\share\vm\prim
Event: 0.315 Thread 0x0000000002842800 Exception <a 'java/security/PrivilegedActionException'> (0x00000000d5cbbf20) thrown at [C:\re\workspace\8-2-build-windows-amd64-cygwin\jdk8u172\10810\hotspot\src\share\vm\prims\jvm.cpp, line 1435]
Event: 0.315 Thread 0x0000000002842800 Exception <a 'java/security/PrivilegedActionException'> (0x00000000d5cbc130) thrown at [C:\re\workspace\8-2-build-windows-amd64-cygwin\jdk8u172\10810\hotspot\src\share\vm\prims\jvm.cpp, line 1435]
Event: 0.316 Thread 0x0000000002842800 Exception <a 'java/security/PrivilegedActionException'> (0x00000000d5cbfda0) thrown at [C:\re\workspace\8-2-build-windows-amd64-cygwin\jdk8u172\10810\hotspot\src\share\vm\prims\jvm.cpp, line 1435]
Event: 0.316 Thread 0x0000000002842800 Exception <a 'java/security/PrivilegedActionException'> (0x00000000d5cbffb0) thrown at [C:\re\workspace\8-2-build-windows-amd64-cygwin\jdk8u172\10810\hotspot\src\share\vm\prims\jvm.cpp, line 1435]
Event: 0.323 Thread 0x0000000002842800 Exception <a 'java/io/FileNotFoundException'> (0x00000000d5cd4a80) thrown at [C:\re\workspace\8-2-build-windows-amd64-cygwin\jdk8u172\10810\hotspot\src\share\vm\prims\jni.cpp, line 709]
Event: 0.358 Thread 0x0000000002842800 Exception <a 'java/lang/NoSuchFieldError': method resolution failed> (0x00000000d5df80a8) thrown at [C:\re\workspace\8-2-build-windows-amd64-cygwin\jdk8u172\10810\hotspot\src\share\vm\prims\methodHandles.cpp, line 1167]
Event: 0.359 Thread 0x0000000002842800 Exception <a 'java/lang/NoSuchFieldError': method resolution failed> (0x00000000d5e05448) thrown at [C:\re\workspace\8-2-build-windows-amd64-cygwin\jdk8u172\10810\hotspot\src\share\vm\prims\methodHandles.cpp, line 1167]
Event: 1.378 Thread 0x0000000002842800 Exception <a 'java/io/FileNotFoundException'> (0x00000000d8539438) thrown at [C:\re\workspace\8-2-build-windows-amd64-cygwin\jdk8u172\10810\hotspot\src\share\vm\prims\jni.cpp, line 709]

Events (10 events):
Event: 193.524 Executing VM operation: ParallelGCFailedAllocation
Event: 193.538 Executing VM operation: ParallelGCFailedAllocation done
Event: 195.303 Executing VM operation: ParallelGCFailedAllocation
Event: 195.328 Executing VM operation: ParallelGCFailedAllocation done
Event: 197.066 Executing VM operation: ParallelGCFailedAllocation
Event: 197.079 Executing VM operation: ParallelGCFailedAllocation done
Event: 198.775 Executing VM operation: ParallelGCFailedAllocation
Event: 198.786 Executing VM operation: ParallelGCFailedAllocation done
Event: 200.518 Executing VM operation: ParallelGCFailedAllocation
Event: 200.531 Executing VM operation: ParallelGCFailedAllocation done


Dynamic libraries:
0x00007ff66a4a0000 - 0x00007ff66a4d7000 	C:\Program Files\Java\jre1.8.0_172\bin\javaw.exe
0x00007ffb84550000 - 0x00007ffb84731000 	C:\WINDOWS\SYSTEM32\ntdll.dll
0x00007ffb84010000 - 0x00007ffb840c2000 	C:\WINDOWS\System32\KERNEL32.DLL
0x00007ffb80c40000 - 0x00007ffb80eb3000 	C:\WINDOWS\System32\KERNELBASE.dll
0x00007ffb836f0000 - 0x00007ffb83791000 	C:\WINDOWS\System32\ADVAPI32.dll
0x00007ffb81cc0000 - 0x00007ffb81d5e000 	C:\WINDOWS\System32\msvcrt.dll
0x00007ffb83a70000 - 0x00007ffb83acb000 	C:\WINDOWS\System32\sechost.dll
0x00007ffb83b40000 - 0x00007ffb83c64000 	C:\WINDOWS\System32\RPCRT4.dll
0x00007ffb81b30000 - 0x00007ffb81cc0000 	C:\WINDOWS\System32\USER32.dll
0x00007ffb80c20000 - 0x00007ffb80c40000 	C:\WINDOWS\System32\win32u.dll
0x00007ffb84270000 - 0x00007ffb84298000 	C:\WINDOWS\System32\GDI32.dll
0x00007ffb80980000 - 0x00007ffb80b12000 	C:\WINDOWS\System32\gdi32full.dll
0x00007ffb80ec0000 - 0x00007ffb80f5f000 	C:\WINDOWS\System32\msvcp_win.dll
0x00007ffb80b20000 - 0x00007ffb80c1a000 	C:\WINDOWS\System32\ucrtbase.dll
0x00007ffb6d4b0000 - 0x00007ffb6d719000 	C:\WINDOWS\WinSxS\amd64_microsoft.windows.common-controls_6595b64144ccf1df_6.0.17134.345_none_fb429a5930656358\COMCTL32.dll
0x00007ffb83c70000 - 0x00007ffb83f93000 	C:\WINDOWS\System32\combase.dll
0x00007ffb81010000 - 0x00007ffb8108a000 	C:\WINDOWS\System32\bcryptPrimitives.dll
0x00007ffb84230000 - 0x00007ffb8425d000 	C:\WINDOWS\System32\IMM32.DLL
0x00000000574d0000 - 0x00000000575a2000 	C:\Program Files\Java\jre1.8.0_172\bin\msvcr100.dll
0x0000000057b60000 - 0x0000000058403000 	C:\Program Files\Java\jre1.8.0_172\bin\server\jvm.dll
0x00007ffb84260000 - 0x00007ffb84268000 	C:\WINDOWS\System32\PSAPI.DLL
0x00007ffb7e9e0000 - 0x00007ffb7ea03000 	C:\WINDOWS\SYSTEM32\WINMM.dll
0x00007ffb798c0000 - 0x00007ffb798ca000 	C:\WINDOWS\SYSTEM32\VERSION.dll
0x00007ffb6c080000 - 0x00007ffb6c089000 	C:\WINDOWS\SYSTEM32\WSOCK32.dll
0x00007ffb83ad0000 - 0x00007ffb83b3c000 	C:\WINDOWS\System32\WS2_32.dll
0x00007ffb7e8c0000 - 0x00007ffb7e8ea000 	C:\WINDOWS\SYSTEM32\WINMMBASE.dll
0x00007ffb817a0000 - 0x00007ffb817e9000 	C:\WINDOWS\System32\cfgmgr32.dll
0x0000000057a70000 - 0x0000000057a7f000 	C:\Program Files\Java\jre1.8.0_172\bin\verify.dll
0x0000000057a40000 - 0x0000000057a69000 	C:\Program Files\Java\jre1.8.0_172\bin\java.dll
0x0000000057a20000 - 0x0000000057a36000 	C:\Program Files\Java\jre1.8.0_172\bin\zip.dll
0x00007ffb81d60000 - 0x00007ffb8319f000 	C:\WINDOWS\System32\SHELL32.dll
0x00007ffb837a0000 - 0x00007ffb83849000 	C:\WINDOWS\System32\shcore.dll
0x00007ffb81090000 - 0x00007ffb8179d000 	C:\WINDOWS\System32\windows.storage.dll
0x00007ffb83fa0000 - 0x00007ffb83ff1000 	C:\WINDOWS\System32\shlwapi.dll
0x00007ffb80870000 - 0x00007ffb80881000 	C:\WINDOWS\System32\kernel.appcore.dll
0x00007ffb80900000 - 0x00007ffb8091f000 	C:\WINDOWS\System32\profapi.dll
0x00007ffb808b0000 - 0x00007ffb808fc000 	C:\WINDOWS\System32\powrprof.dll
0x00007ffb80860000 - 0x00007ffb8086a000 	C:\WINDOWS\System32\FLTLIB.DLL
0x0000000057840000 - 0x00000000579d9000 	C:\Program Files\Java\jre1.8.0_172\bin\awt.dll
0x00007ffb84440000 - 0x00007ffb84502000 	C:\WINDOWS\System32\OLEAUT32.dll
0x00007ffb7eb00000 - 0x00007ffb7eb8b000 	C:\WINDOWS\SYSTEM32\apphelp.dll
0x00007ffb80290000 - 0x00007ffb802a7000 	C:\WINDOWS\SYSTEM32\CRYPTSP.dll
0x00007ffb7fcc0000 - 0x00007ffb7fcf3000 	C:\WINDOWS\system32\rsaenh.dll
0x00007ffb803c0000 - 0x00007ffb803e5000 	C:\WINDOWS\SYSTEM32\bcrypt.dll
0x00007ffb80790000 - 0x00007ffb807b8000 	C:\WINDOWS\SYSTEM32\USERENV.dll
0x00007ffb802b0000 - 0x00007ffb802bb000 	C:\WINDOWS\SYSTEM32\CRYPTBASE.dll
0x0000000057a00000 - 0x0000000057a1a000 	C:\Program Files\Java\jre1.8.0_172\bin\net.dll
0x00007ffb800e0000 - 0x00007ffb80146000 	C:\WINDOWS\system32\mswsock.dll
0x00007ffb7fe60000 - 0x00007ffb7fe98000 	C:\WINDOWS\SYSTEM32\IPHLPAPI.DLL
0x00007ffb84510000 - 0x00007ffb84518000 	C:\WINDOWS\System32\NSI.dll
0x00007ffb76480000 - 0x00007ffb76496000 	C:\WINDOWS\SYSTEM32\dhcpcsvc6.DLL
0x00007ffb790a0000 - 0x00007ffb790ba000 	C:\WINDOWS\SYSTEM32\dhcpcsvc.DLL
0x00000000579e0000 - 0x00000000579f1000 	C:\Program Files\Java\jre1.8.0_172\bin\nio.dll
0x00000000637c0000 - 0x00000000637cd000 	C:\Users\Tomas\AppData\Local\Temp\jogamp_0000\file_cache\jln8192312261788065437\jln4578437112526804333\natives\windows-amd64\gluegen-rt.dll
0x00007ffb7ee30000 - 0x00007ffb7eec8000 	C:\WINDOWS\system32\uxtheme.dll
0x00007ffb83850000 - 0x00007ffb839c4000 	C:\WINDOWS\System32\MSCTF.dll
0x00007ffb6f3c0000 - 0x00007ffb6f3f9000 	C:\Program Files\Nahimic\Nahimic2\UserInterface\x64\Nahimic2DevProps.dll
0x00007ffb840d0000 - 0x00007ffb84221000 	C:\WINDOWS\System32\ole32.dll
0x00007ffb6f450000 - 0x00007ffb6f49e000 	C:\Program Files\Nahimic\Nahimic2\UserInterface\x64\Nahimic2OSD.dll
0x00007ffb831a0000 - 0x00007ffb83240000 	C:\WINDOWS\System32\clbcatq.dll
0x00007ffb75d90000 - 0x00007ffb75e06000 	C:\WINDOWS\System32\MMDevApi.dll
0x00007ffb80670000 - 0x00007ffb80697000 	C:\WINDOWS\System32\DEVOBJ.dll
0x00007ffb7d250000 - 0x00007ffb7d404000 	C:\WINDOWS\System32\PROPSYS.dll
0x00007ffb75b50000 - 0x00007ffb75c7c000 	C:\WINDOWS\SYSTEM32\AUDIOSES.DLL
0x00007ffb7c9d0000 - 0x00007ffb7cb1d000 	C:\WINDOWS\SYSTEM32\wintypes.dll
0x00007ffb7c040000 - 0x00007ffb7c04a000 	C:\WINDOWS\SYSTEM32\AVRT.dll
0x00007ffb7ef10000 - 0x00007ffb7ef39000 	C:\WINDOWS\system32\dwmapi.dll
0x00000000574c0000 - 0x00000000574c7000 	C:\Program Files\Java\jre1.8.0_172\bin\jawt.dll
0x000000006a440000 - 0x000000006a44d000 	C:\Users\Tomas\AppData\Local\Temp\jogamp_0000\file_cache\jln8192312261788065437\jln4578437112526804333\natives\windows-amd64\nativewindow_awt.dll
0x00007ffb67be0000 - 0x00007ffb67d00000 	C:\WINDOWS\system32\opengl32.dll
0x00007ffb75040000 - 0x00007ffb7506c000 	C:\WINDOWS\SYSTEM32\GLU32.dll
0x000000006c100000 - 0x000000006c10f000 	C:\Users\Tomas\AppData\Local\Temp\jogamp_0000\file_cache\jln8192312261788065437\jln4578437112526804333\natives\windows-amd64\nativewindow_win32.dll
0x0000000064500000 - 0x00000000645b1000 	C:\Users\Tomas\AppData\Local\Temp\jogamp_0000\file_cache\jln8192312261788065437\jln4578437112526804333\natives\windows-amd64\jogl_desktop.dll
0x00007ffb44dc0000 - 0x00007ffb45030000 	C:\Program Files\MiKTeX 2.9\miktex\bin\x64\libGLESv2.dll
0x00007ffb7b1e0000 - 0x00007ffb7b377000 	C:\WINDOWS\SYSTEM32\d3d9.dll
0x00007ffb51830000 - 0x00007ffb518cc000 	C:\Program Files\Java\jre1.8.0_172\bin\MSVCP140.dll
0x00007ffb78f00000 - 0x00007ffb78f16000 	C:\Program Files\Java\jre1.8.0_172\bin\VCRUNTIME140.dll
0x0000000064340000 - 0x00000000643a2000 	C:\Users\Tomas\AppData\Local\Temp\jogamp_0000\file_cache\jln8192312261788065437\jln4578437112526804333\natives\windows-amd64\jogl_mobile.dll
0x00007ffb2f510000 - 0x00007ffb303d2000 	C:\WINDOWS\System32\DriverStore\FileRepository\igdlh64.inf_amd64_d44295a98a21a376\ig9icd64.dll
0x00007ffb7d470000 - 0x00007ffb7d483000 	C:\WINDOWS\SYSTEM32\WTSAPI32.dll
0x00007ffb59460000 - 0x00007ffb5aa5e000 	C:\WINDOWS\System32\DriverStore\FileRepository\igdlh64.inf_amd64_d44295a98a21a376\igc64.dll
0x000000006cbc0000 - 0x000000006cbd3000 	C:\Users\Tomas\AppData\Local\Temp\jogamp_0000\file_cache\jln8192312261788065437\jln4578437112526804333\natives\windows-amd64\newt.dll
0x00007ffb7b090000 - 0x00007ffb7b138000 	C:\WINDOWS\SYSTEM32\mscms.dll
0x00007ffb7d440000 - 0x00007ffb7d450000 	C:\WINDOWS\SYSTEM32\ColorAdapterClient.dll
0x00007ffb55560000 - 0x00007ffb555a3000 	C:\WINDOWS\SYSTEM32\icm32.dll
0x00007ffb83240000 - 0x00007ffb8368b000 	C:\WINDOWS\System32\setupapi.dll
0x00007ffb80920000 - 0x00007ffb80977000 	C:\WINDOWS\System32\WINTRUST.dll
0x00007ffb80890000 - 0x00007ffb808a2000 	C:\WINDOWS\System32\MSASN1.dll
0x00007ffb817f0000 - 0x00007ffb819d2000 	C:\WINDOWS\System32\CRYPT32.dll
0x0000000057480000 - 0x00000000574b1000 	C:\Program Files\Java\jre1.8.0_172\bin\jpeg.dll

VM Arguments:
jvm_args: -Dfile.encoding=Cp1252 
java_command: unsw.graphics.world.World res/worlds/test1.json
java_class_path (initial): C:\Program Files\Java\jre1.8.0_172\lib\resources.jar;C:\Program Files\Java\jre1.8.0_172\lib\rt.jar;C:\Program Files\Java\jre1.8.0_172\lib\jsse.jar;C:\Program Files\Java\jre1.8.0_172\lib\jce.jar;C:\Program Files\Java\jre1.8.0_172\lib\charsets.jar;C:\Program Files\Java\jre1.8.0_172\lib\jfr.jar;C:\Program Files\Java\jre1.8.0_172\lib\ext\access-bridge-64.jar;C:\Program Files\Java\jre1.8.0_172\lib\ext\cldrdata.jar;C:\Program Files\Java\jre1.8.0_172\lib\ext\dnsns.jar;C:\Program Files\Java\jre1.8.0_172\lib\ext\jaccess.jar;C:\Program Files\Java\jre1.8.0_172\lib\ext\jfxrt.jar;C:\Program Files\Java\jre1.8.0_172\lib\ext\localedata.jar;C:\Program Files\Java\jre1.8.0_172\lib\ext\nashorn.jar;C:\Program Files\Java\jre1.8.0_172\lib\ext\sunec.jar;C:\Program Files\Java\jre1.8.0_172\lib\ext\sunjce_provider.jar;C:\Program Files\Java\jre1.8.0_172\lib\ext\sunmscapi.jar;C:\Program Files\Java\jre1.8.0_172\lib\ext\sunpkcs11.jar;C:\Program Files\Java\jre1.8.0_172\lib\ext\zipfs.jar;D:\_UNSW\COMP3421 - Computer Graphics\COPM3421_ASS2\bin;D:\_UNSW\COMP3421 - Computer Graphics\COPM3421_ASS2\lib\gluegen-rt.jar;D:\_UNSW\COMP3421 - Computer Graphics\COPM3421_ASS2\lib\jogl-all.jar;C:\Users\Tomas\.p2\pool\plugins\org.junit_4.12.0.v201504281640\junit.jar;C:\Users\Tomas\.p2\pool\plugins\org.hamcrest.core_1.3.0.v201303031735.jar;D:\_UNSW\COMP3421 - Computer Graphics\COPM3421_ASS2\lib\jply.jar;D:\_UNSW\COMP3421 - Computer Graphics\COPM3421_ASS2\lib\commons-lang3-3.7.jar
Launcher Type: SUN_STANDARD

Environment Variables:
USERNAME=Tomas
OS=Windows_NT
PROCESSOR_IDENTIFIER=Intel64 Family 6 Model 158 Stepping 9, GenuineIntel



---------------  S Y S T E M  ---------------

OS: Windows 10.0 , 64 bit Build 17134 (10.0.17134.1)

CPU:total 4 (initial active 4) (4 cores per cpu, 1 threads per core) family 6 model 158 stepping 9, cmov, cx8, fxsr, mmx, sse, sse2, sse3, ssse3, sse4.1, sse4.2, popcnt, avx, avx2, aes, clmul, erms, 3dnowpref, lzcnt, tsc, tscinvbit, bmi1, bmi2, adx

Memory: 4k page, physical 8306720k(449316k free), swap 18318620k(16k free)

vm_info: Java HotSpot(TM) 64-Bit Server VM (25.172-b11) for windows-amd64 JRE (1.8.0_172-b11), built on Mar 28 2018 21:21:52 by "java_re" with MS VC++ 10.0 (VS2010)

time: Thu Oct 18 22:52:27 2018
elapsed time: 203 seconds (0d 0h 3m 23s)

