#
# A fatal error has been detected by the Java Runtime Environment:
#
#  EXCEPTION_ACCESS_VIOLATION (0xc0000005) at pc=0x00007ffb45daed2d, pid=2600, tid=0x0000000000002bec
#
# JRE version: Java(TM) SE Runtime Environment (8.0_172-b11) (build 1.8.0_172-b11)
# Java VM: Java HotSpot(TM) 64-Bit Server VM (25.172-b11 mixed mode windows-amd64 compressed oops)
# Problematic frame:
# C  [ig9icd64.dll+0x55ed2d]
#
# Failed to write core dump. Minidumps are not enabled by default on client versions of Windows
#
# If you would like to submit a bug report, please visit:
#   http://bugreport.java.com/bugreport/crash.jsp
# The crash happened outside the Java Virtual Machine in native code.
# See problematic frame for where to report the bug.
#

---------------  T H R E A D  ---------------

Current thread (0x0000000018f8d000):  JavaThread "main-FPSAWTAnimator#00-Timer0" [_thread_in_native, id=11244, stack(0x00000000254b0000,0x00000000255b0000)]

siginfo: ExceptionCode=0xc0000005, reading address 0x0000000000000110

Registers:
RAX=0x0000000000000000, RBX=0x000000003ce3db50, RCX=0x00000000004eb490, RDX=0x000000003ce3db50
RSP=0x000000002559e030, RBP=0x000000000052bc70, RSI=0x000000001c24ee70, RDI=0x00000000004eb490
R8 =0x000000003ce3db50, R9 =0x000000002559df49, R10=0x0000000000000000, R11=0x0000000000000246
R12=0x000000000010b45d, R13=0x000000001c310000, R14=0x000000001c26f100, R15=0x000000001c24ee98
RIP=0x00007ffb45daed2d, EFLAGS=0x0000000000010202

Top of Stack: (sp=0x000000002559e030)
0x000000002559e030:   0000000037746200 000000001c24ee70
0x000000002559e040:   0000b80201cc0000 000000002559e0a8
0x000000002559e050:   fffffffffffffffe 0000000000000000
0x000000002559e060:   000000001c24ee98 000000001c26f100
0x000000002559e070:   000000003ce3db50 000000001c24ee70
0x000000002559e080:   000000000052bc70 00007ffb45da1b29
0x000000002559e090:   00000000377462e0 00000000004eb490
0x000000002559e0a0:   000000001c24ee70 0000000000000000
0x000000002559e0b0:   0000000000000001 0000000000000000
0x000000002559e0c0:   0000000000000000 00007ffb45da0261
0x000000002559e0d0:   0000000000000001 000000000052bc70
0x000000002559e0e0:   000000001c24ee70 0000000000000000
0x000000002559e0f0:   0000000000000001 0000000000000000
0x000000002559e100:   0000000000000000 00000000c0000017
0x000000002559e110:   000000002559e260 00007ffb45da1d10
0x000000002559e120:   000000001c24ee70 0000000000000000 

Instructions: (pc=0x00007ffb45daed2d)
0x00007ffb45daed0d:   90 48 8b 86 88 03 02 00 48 89 83 e8 03 00 00 48
0x00007ffb45daed1d:   89 9e 88 03 02 00 ff 86 90 03 02 00 48 8b 43 08
0x00007ffb45daed2d:   48 8b 88 10 01 00 00 48 01 8e 98 03 02 00 48 8b
0x00007ffb45daed3d:   8e 98 03 02 00 48 03 8e f8 03 02 00 48 8b 05 28 


Register to memory mapping:

RAX=0x0000000000000000 is an unknown value
RBX=0x000000003ce3db50 is an unknown value
RCX=0x00000000004eb490 is an unknown value
RDX=0x000000003ce3db50 is an unknown value
RSP=0x000000002559e030 is pointing into the stack for thread: 0x0000000018f8d000
RBP=0x000000000052bc70 is an unknown value
RSI=0x000000001c24ee70 is an unknown value
RDI=0x00000000004eb490 is an unknown value
R8 =0x000000003ce3db50 is an unknown value
R9 =0x000000002559df49 is pointing into the stack for thread: 0x0000000018f8d000
R10=0x0000000000000000 is an unknown value
R11=0x0000000000000246 is an unknown value
R12=0x000000000010b45d is an unknown value
R13=0x000000001c310000 is an unknown value
R14=0x000000001c26f100 is an unknown value
R15=0x000000001c24ee98 is an unknown value


Stack: [0x00000000254b0000,0x00000000255b0000],  sp=0x000000002559e030,  free space=952k
Native frames: (J=compiled Java code, j=interpreted, Vv=VM code, C=native code)
C  [ig9icd64.dll+0x55ed2d]
C  [ig9icd64.dll+0x551b29]
C  [ig9icd64.dll+0x550261]
C  [ig9icd64.dll+0x551d10]
C  [ig9icd64.dll+0x54eb1e]
C  [ig9icd64.dll+0x7bf9d]
C  [ig9icd64.dll+0x7ced9]
C  [ig9icd64.dll+0xebb4d]
C  [ig9icd64.dll+0x1fc0c4]
C  [ig9icd64.dll+0x1fc133]
C  [ig9icd64.dll+0x551559]
C  [ig9icd64.dll+0x551b18]
C  [ig9icd64.dll+0x550261]
C  [ig9icd64.dll+0x551d10]
C  [ig9icd64.dll+0x54eb1e]
C  [ig9icd64.dll+0x7bf9d]
C  [ig9icd64.dll+0x7ced9]
C  [ig9icd64.dll+0xebb4d]
C  [ig9icd64.dll+0x1fc0c4]
C  [ig9icd64.dll+0x1fc133]
C  [ig9icd64.dll+0x551559]
C  [ig9icd64.dll+0x551b18]
C  [ig9icd64.dll+0x550261]
C  [ig9icd64.dll+0x551d10]
C  [ig9icd64.dll+0x54eb1e]
C  [ig9icd64.dll+0x7bf9d]
C  [ig9icd64.dll+0x7ced9]
C  [ig9icd64.dll+0xebb4d]
C  [ig9icd64.dll+0x1fc0c4]
C  [ig9icd64.dll+0x1fc133]
C  [ig9icd64.dll+0x551559]
C  [ig9icd64.dll+0x551b18]
C  [ig9icd64.dll+0x550261]
C  [ig9icd64.dll+0x551d10]
C  [ig9icd64.dll+0x54eb1e]
C  [ig9icd64.dll+0x7bf9d]
C  [ig9icd64.dll+0x7ced9]
C  [ig9icd64.dll+0xebb4d]
C  [ig9icd64.dll+0x1fc0c4]
C  [ig9icd64.dll+0x1fc133]
C  [ig9icd64.dll+0x551559]
C  [ig9icd64.dll+0x551b18]
C  [ig9icd64.dll+0x550261]
C  [ig9icd64.dll+0x551d10]
C  [ig9icd64.dll+0x54eb1e]
C  [ig9icd64.dll+0x7bf9d]
C  [ig9icd64.dll+0x7ced9]
C  [ig9icd64.dll+0xebb4d]
C  [ig9icd64.dll+0x1fc0c4]
C  [ig9icd64.dll+0x1fc133]
C  [ig9icd64.dll+0x551559]
C  [ig9icd64.dll+0x551b18]
C  [ig9icd64.dll+0x550261]
C  [ig9icd64.dll+0x551d10]
C  [ig9icd64.dll+0x54eb1e]
C  [ig9icd64.dll+0x7bf9d]
C  [ig9icd64.dll+0x7ced9]
C  [ig9icd64.dll+0xebb4d]
C  [ig9icd64.dll+0x1fc0c4]
C  [ig9icd64.dll+0x1fc133]
C  [ig9icd64.dll+0x551559]
C  [ig9icd64.dll+0x551b18]
C  [ig9icd64.dll+0x550261]
C  [ig9icd64.dll+0x551d10]
C  [ig9icd64.dll+0x54eb1e]
C  [ig9icd64.dll+0x7bf9d]
C  [ig9icd64.dll+0x7ced9]
C  [ig9icd64.dll+0xebb4d]
C  [ig9icd64.dll+0x1fc0c4]
C  [ig9icd64.dll+0x1fc133]
C  [ig9icd64.dll+0x551559]
C  [ig9icd64.dll+0x551b18]
C  [ig9icd64.dll+0x550261]
C  [ig9icd64.dll+0x551d10]
C  [ig9icd64.dll+0x54eb1e]
C  [ig9icd64.dll+0x7bf9d]
C  [ig9icd64.dll+0x7ced9]
C  [ig9icd64.dll+0xebb4d]
C  [ig9icd64.dll+0x1fc0c4]
C  [ig9icd64.dll+0x1fc133]
C  [ig9icd64.dll+0x551559]
C  [ig9icd64.dll+0x551b18]
C  [ig9icd64.dll+0x550261]
C  [ig9icd64.dll+0x551d10]
C  [ig9icd64.dll+0x54eb1e]
C  [ig9icd64.dll+0x7bf9d]
C  [ig9icd64.dll+0x7ced9]
C  [ig9icd64.dll+0xebb4d]
C  [ig9icd64.dll+0x1fc0c4]
C  [ig9icd64.dll+0x1fc133]
C  [ig9icd64.dll+0x551559]
C  [ig9icd64.dll+0x551b18]
C  [ig9icd64.dll+0x550261]
C  [ig9icd64.dll+0x551d10]
C  [ig9icd64.dll+0x54eb1e]
C  [ig9icd64.dll+0x7bf9d]
C  [ig9icd64.dll+0x7ced9]
C  [ig9icd64.dll+0xebb4d]
C  [ig9icd64.dll+0x1fc0c4]
...<more frames>...

Java frames: (J=compiled Java code, j=interpreted, Vv=VM code)
J 1204  jogamp.opengl.gl4.GL4bcImpl.dispatch_glBufferDataDelegate1(IJLjava/lang/Object;IZIJ)V (0 bytes) @ 0x0000000002787a73 [0x0000000002787a00+0x73]
J 1357 C2 jogamp.opengl.GLBufferObjectTracker.createBufferStorage(Ljogamp/opengl/GLBufferStateTracker;Lcom/jogamp/opengl/GL;IJLjava/nio/Buffer;IILjogamp/opengl/GLBufferObjectTracker$CreateStorageDispatch;)V (457 bytes) @ 0x00000000027ef68c [0x00000000027ef440+0x24c]
J 1359 C2 unsw.graphics.world.Particle.draw(Lcom/jogamp/opengl/GL3;F)V (104 bytes) @ 0x00000000027f5138 [0x00000000027f45a0+0xb98]
J 1867 C2 unsw.graphics.world.World.display(Lcom/jogamp/opengl/GL3;)V (400 bytes) @ 0x00000000028b7a90 [0x00000000028b56e0+0x23b0]
J 2031 C1 jogamp.opengl.GLDrawableHelper.displayImpl(Lcom/jogamp/opengl/GLAutoDrawable;)V (86 bytes) @ 0x000000000298aad4 [0x0000000002989c00+0xed4]
J 1986 C1 jogamp.opengl.GLAutoDrawableBase$2.run()V (73 bytes) @ 0x000000000295793c [0x0000000002957560+0x3dc]
J 1984 C1 jogamp.opengl.GLDrawableHelper.invokeGLImpl(Lcom/jogamp/opengl/GLDrawable;Lcom/jogamp/opengl/GLContext;Ljava/lang/Runnable;Ljava/lang/Runnable;)V (579 bytes) @ 0x00000000029544ec [0x00000000029536a0+0xe4c]
J 1983 C1 jogamp.opengl.GLDrawableHelper.invokeGL(Lcom/jogamp/opengl/GLDrawable;Lcom/jogamp/opengl/GLContext;Ljava/lang/Runnable;Ljava/lang/Runnable;)V (76 bytes) @ 0x0000000002948444 [0x0000000002948380+0xc4]
J 1907 C1 com.jogamp.newt.opengl.GLWindow.display()V (144 bytes) @ 0x00000000027b6444 [0x00000000027b5b40+0x904]
J 1995 C1 com.jogamp.opengl.util.AWTAnimatorImpl.display(Ljava/util/ArrayList;ZZ)V (170 bytes) @ 0x000000000295a52c [0x0000000002959e40+0x6ec]
J 1993 C1 com.jogamp.opengl.util.FPSAnimator$MainTask.run()V (805 bytes) @ 0x000000000295e184 [0x000000000295d440+0xd44]
j  java.util.TimerThread.mainLoop()V+221
j  java.util.TimerThread.run()V+1
v  ~StubRoutines::call_stub

---------------  P R O C E S S  ---------------

Java Threads: ( => current thread )
  0x00000000021f2800 JavaThread "DestroyJavaVM" [_thread_blocked, id=16860, stack(0x00000000020f0000,0x00000000021f0000)]
=>0x0000000018f8d000 JavaThread "main-FPSAWTAnimator#00-Timer0" [_thread_in_native, id=11244, stack(0x00000000254b0000,0x00000000255b0000)]
  0x0000000019871000 JavaThread "main-Display-.windows_nil-1-EDT-1" daemon [_thread_blocked, id=22124, stack(0x0000000024bb0000,0x0000000024cb0000)]
  0x0000000019b53000 JavaThread "main-SharedResourceRunner" daemon [_thread_blocked, id=23536, stack(0x000000001bdb0000,0x000000001beb0000)]
  0x000000001907d000 JavaThread "AWT-Windows" daemon [_thread_in_native, id=13460, stack(0x000000001ad00000,0x000000001ae00000)]
  0x000000001907b800 JavaThread "Java2D Disposer" daemon [_thread_blocked, id=8848, stack(0x000000001ab00000,0x000000001ac00000)]
  0x00000000186d2800 JavaThread "Service Thread" daemon [_thread_blocked, id=3420, stack(0x0000000018bb0000,0x0000000018cb0000)]
  0x00000000186c0800 JavaThread "C1 CompilerThread2" daemon [_thread_blocked, id=20532, stack(0x0000000018ab0000,0x0000000018bb0000)]
  0x0000000016ec7000 JavaThread "C2 CompilerThread1" daemon [_thread_blocked, id=5556, stack(0x00000000185b0000,0x00000000186b0000)]
  0x0000000016e71000 JavaThread "C2 CompilerThread0" daemon [_thread_blocked, id=16432, stack(0x00000000184b0000,0x00000000185b0000)]
  0x0000000016e6e800 JavaThread "Attach Listener" daemon [_thread_blocked, id=19656, stack(0x00000000183b0000,0x00000000184b0000)]
  0x0000000016e6d000 JavaThread "Signal Dispatcher" daemon [_thread_blocked, id=6292, stack(0x00000000182b0000,0x00000000183b0000)]
  0x0000000016e5a800 JavaThread "Finalizer" daemon [_thread_blocked, id=13888, stack(0x00000000180c0000,0x00000000181c0000)]
  0x00000000022e1800 JavaThread "Reference Handler" daemon [_thread_blocked, id=20156, stack(0x0000000017fc0000,0x00000000180c0000)]

Other Threads:
  0x0000000016e38800 VMThread [stack: 0x0000000017ec0000,0x0000000017fc0000] [id=15640]
  0x00000000186d5000 WatcherThread [stack: 0x0000000018cb0000,0x0000000018db0000] [id=13092]

VM state:not at safepoint (normal execution)

VM Mutex/Monitor currently owned by a thread: None

Heap:
 PSYoungGen      total 483328K, used 442576K [0x00000000d5b80000, 0x00000000fe080000, 0x0000000100000000)
  eden space 478720K, 91% used [0x00000000d5b80000,0x00000000f0784130,0x00000000f2f00000)
  from space 4608K, 93% used [0x00000000fdc00000,0x00000000fe030010,0x00000000fe080000)
  to   space 8192K, 0% used [0x00000000fd080000,0x00000000fd080000,0x00000000fd880000)
 ParOldGen       total 87552K, used 19945K [0x0000000081200000, 0x0000000086780000, 0x00000000d5b80000)
  object space 87552K, 22% used [0x0000000081200000,0x000000008257a7c0,0x0000000086780000)
 Metaspace       used 15475K, capacity 15682K, committed 16000K, reserved 1062912K
  class space    used 1460K, capacity 1537K, committed 1664K, reserved 1048576K

Card table byte_map: [0x00000000116b0000,0x0000000011ab0000] byte_map_base: 0x00000000112a7000

Marking Bits: (ParMarkBitMap*) 0x00000000582b3c10
 Begin Bits: [0x0000000012160000, 0x0000000014118000)
 End Bits:   [0x0000000014118000, 0x00000000160d0000)

Polling page: 0x0000000000420000

CodeCache: size=245760Kb used=7006Kb max_used=7034Kb free=238753Kb
 bounds [0x00000000022f0000, 0x00000000029e0000, 0x00000000112f0000]
 total_blobs=2558 nmethods=1766 adapters=704
 compilation: enabled

Compilation events (10 events):
Event: 47.371 Thread 0x00000000186c0800 2092       3       unsw.graphics.CoordFrame3D::scale (21 bytes)
Event: 47.372 Thread 0x00000000186c0800 nmethod 2092 0x000000000299a5d0 code [0x000000000299a760, 0x000000000299aa98]
Event: 47.375 Thread 0x00000000186c0800 2093       3       unsw.graphics.world.WorldObject::setPosition (15 bytes)
Event: 47.375 Thread 0x00000000186c0800 nmethod 2093 0x0000000002999f90 code [0x000000000299a100, 0x000000000299a470]
Event: 47.404 Thread 0x00000000186c0800 2094       3       unsw.graphics.world.Camera::keyPressed (1 bytes)
Event: 47.404 Thread 0x00000000186c0800 nmethod 2094 0x0000000002999c50 code [0x0000000002999da0, 0x0000000002999ef0]
Event: 47.407 Thread 0x00000000186c0800 2095       3       unsw.graphics.world.Person::keyPressed (459 bytes)
Event: 47.410 Thread 0x00000000186c0800 nmethod 2095 0x00000000029b45d0 code [0x00000000029b4c20, 0x00000000029b9328]
Event: 47.411 Thread 0x00000000186c0800 2096       3       unsw.graphics.world.Person::setHeight (95 bytes)
Event: 47.411 Thread 0x00000000186c0800 nmethod 2096 0x00000000029a8f50 code [0x00000000029a9100, 0x00000000029a9948]

GC Heap History (10 events):
Event: 37.505 GC heap before
{Heap before GC invocations=22 (full 0):
 PSYoungGen      total 612352K, used 612192K [0x00000000d5b80000, 0x00000000ff580000, 0x0000000100000000)
  eden space 607744K, 100% used [0x00000000d5b80000,0x00000000fad00000,0x00000000fad00000)
  from space 4608K, 96% used [0x00000000fe680000,0x00000000fead8000,0x00000000feb00000)
  to   space 9728K, 0% used [0x00000000fec00000,0x00000000fec00000,0x00000000ff580000)
 ParOldGen       total 87552K, used 19091K [0x0000000081200000, 0x0000000086780000, 0x00000000d5b80000)
  object space 87552K, 21% used [0x0000000081200000,0x00000000824a4e10,0x0000000086780000)
 Metaspace       used 15459K, capacity 15682K, committed 16000K, reserved 1062912K
  class space    used 1460K, capacity 1537K, committed 1664K, reserved 1048576K
Event: 37.518 GC heap after
Heap after GC invocations=22 (full 0):
 PSYoungGen      total 583680K, used 4224K [0x00000000d5b80000, 0x00000000ff080000, 0x0000000100000000)
  eden space 579072K, 0% used [0x00000000d5b80000,0x00000000d5b80000,0x00000000f9100000)
  from space 4608K, 91% used [0x00000000fec00000,0x00000000ff020000,0x00000000ff080000)
  to   space 9216K, 0% used [0x00000000fde80000,0x00000000fde80000,0x00000000fe780000)
 ParOldGen       total 87552K, used 19267K [0x0000000081200000, 0x0000000086780000, 0x00000000d5b80000)
  object space 87552K, 22% used [0x0000000081200000,0x00000000824d0e10,0x0000000086780000)
 Metaspace       used 15459K, capacity 15682K, committed 16000K, reserved 1062912K
  class space    used 1460K, capacity 1537K, committed 1664K, reserved 1048576K
}
Event: 39.773 GC heap before
{Heap before GC invocations=23 (full 0):
 PSYoungGen      total 583680K, used 583296K [0x00000000d5b80000, 0x00000000ff080000, 0x0000000100000000)
  eden space 579072K, 100% used [0x00000000d5b80000,0x00000000f9100000,0x00000000f9100000)
  from space 4608K, 91% used [0x00000000fec00000,0x00000000ff020000,0x00000000ff080000)
  to   space 9216K, 0% used [0x00000000fde80000,0x00000000fde80000,0x00000000fe780000)
 ParOldGen       total 87552K, used 19267K [0x0000000081200000, 0x0000000086780000, 0x00000000d5b80000)
  object space 87552K, 22% used [0x0000000081200000,0x00000000824d0e30,0x0000000086780000)
 Metaspace       used 15463K, capacity 15682K, committed 16000K, reserved 1062912K
  class space    used 1460K, capacity 1537K, committed 1664K, reserved 1048576K
Event: 39.785 GC heap after
Heap after GC invocations=23 (full 0):
 PSYoungGen      total 556032K, used 4064K [0x00000000d5b80000, 0x00000000fec80000, 0x0000000100000000)
  eden space 551936K, 0% used [0x00000000d5b80000,0x00000000d5b80000,0x00000000f7680000)
  from space 4096K, 99% used [0x00000000fde80000,0x00000000fe278010,0x00000000fe280000)
  to   space 9216K, 0% used [0x00000000fe380000,0x00000000fe380000,0x00000000fec80000)
 ParOldGen       total 87552K, used 19427K [0x0000000081200000, 0x0000000086780000, 0x00000000d5b80000)
  object space 87552K, 22% used [0x0000000081200000,0x00000000824f8e30,0x0000000086780000)
 Metaspace       used 15463K, capacity 15682K, committed 16000K, reserved 1062912K
  class space    used 1460K, capacity 1537K, committed 1664K, reserved 1048576K
}
Event: 41.897 GC heap before
{Heap before GC invocations=24 (full 0):
 PSYoungGen      total 556032K, used 556000K [0x00000000d5b80000, 0x00000000fec80000, 0x0000000100000000)
  eden space 551936K, 100% used [0x00000000d5b80000,0x00000000f7680000,0x00000000f7680000)
  from space 4096K, 99% used [0x00000000fde80000,0x00000000fe278010,0x00000000fe280000)
  to   space 9216K, 0% used [0x00000000fe380000,0x00000000fe380000,0x00000000fec80000)
 ParOldGen       total 87552K, used 19429K [0x0000000081200000, 0x0000000086780000, 0x00000000d5b80000)
  object space 87552K, 22% used [0x0000000081200000,0x00000000824f9700,0x0000000086780000)
 Metaspace       used 15463K, capacity 15682K, committed 16000K, reserved 1062912K
  class space    used 1460K, capacity 1537K, committed 1664K, reserved 1048576K
Event: 41.908 GC heap after
Heap after GC invocations=24 (full 0):
 PSYoungGen      total 530944K, used 4508K [0x00000000d5b80000, 0x00000000fe800000, 0x0000000100000000)
  eden space 526336K, 0% used [0x00000000d5b80000,0x00000000d5b80000,0x00000000f5d80000)
  from space 4608K, 97% used [0x00000000fe380000,0x00000000fe7e71c0,0x00000000fe800000)
  to   space 8704K, 0% used [0x00000000fd700000,0x00000000fd700000,0x00000000fdf80000)
 ParOldGen       total 87552K, used 19661K [0x0000000081200000, 0x0000000086780000, 0x00000000d5b80000)
  object space 87552K, 22% used [0x0000000081200000,0x0000000082533710,0x0000000086780000)
 Metaspace       used 15463K, capacity 15682K, committed 16000K, reserved 1062912K
  class space    used 1460K, capacity 1537K, committed 1664K, reserved 1048576K
}
Event: 44.119 GC heap before
{Heap before GC invocations=25 (full 0):
 PSYoungGen      total 530944K, used 530844K [0x00000000d5b80000, 0x00000000fe800000, 0x0000000100000000)
  eden space 526336K, 100% used [0x00000000d5b80000,0x00000000f5d80000,0x00000000f5d80000)
  from space 4608K, 97% used [0x00000000fe380000,0x00000000fe7e71c0,0x00000000fe800000)
  to   space 8704K, 0% used [0x00000000fd700000,0x00000000fd700000,0x00000000fdf80000)
 ParOldGen       total 87552K, used 19663K [0x0000000081200000, 0x0000000086780000, 0x00000000d5b80000)
  object space 87552K, 22% used [0x0000000081200000,0x0000000082533fc0,0x0000000086780000)
 Metaspace       used 15468K, capacity 15682K, committed 16000K, reserved 1062912K
  class space    used 1460K, capacity 1537K, committed 1664K, reserved 1048576K
Event: 44.133 GC heap after
Heap after GC invocations=25 (full 0):
 PSYoungGen      total 506368K, used 4380K [0x00000000d5b80000, 0x00000000fe400000, 0x0000000100000000)
  eden space 501760K, 0% used [0x00000000d5b80000,0x00000000d5b80000,0x00000000f4580000)
  from space 4608K, 95% used [0x00000000fd700000,0x00000000fdb471c0,0x00000000fdb80000)
  to   space 8192K, 0% used [0x00000000fdc00000,0x00000000fdc00000,0x00000000fe400000)
 ParOldGen       total 87552K, used 19807K [0x0000000081200000, 0x0000000086780000, 0x00000000d5b80000)
  object space 87552K, 22% used [0x0000000081200000,0x0000000082557fc0,0x0000000086780000)
 Metaspace       used 15468K, capacity 15682K, committed 16000K, reserved 1062912K
  class space    used 1460K, capacity 1537K, committed 1664K, reserved 1048576K
}
Event: 46.234 GC heap before
{Heap before GC invocations=26 (full 0):
 PSYoungGen      total 506368K, used 506140K [0x00000000d5b80000, 0x00000000fe400000, 0x0000000100000000)
  eden space 501760K, 100% used [0x00000000d5b80000,0x00000000f4580000,0x00000000f4580000)
  from space 4608K, 95% used [0x00000000fd700000,0x00000000fdb471c0,0x00000000fdb80000)
  to   space 8192K, 0% used [0x00000000fdc00000,0x00000000fdc00000,0x00000000fe400000)
 ParOldGen       total 87552K, used 19809K [0x0000000081200000, 0x0000000086780000, 0x00000000d5b80000)
  object space 87552K, 22% used [0x0000000081200000,0x00000000825587c0,0x0000000086780000)
 Metaspace       used 15468K, capacity 15682K, committed 16000K, reserved 1062912K
  class space    used 1460K, capacity 1537K, committed 1664K, reserved 1048576K
Event: 46.255 GC heap after
Heap after GC invocations=26 (full 0):
 PSYoungGen      total 483328K, used 4288K [0x00000000d5b80000, 0x00000000fe080000, 0x0000000100000000)
  eden space 478720K, 0% used [0x00000000d5b80000,0x00000000d5b80000,0x00000000f2f00000)
  from space 4608K, 93% used [0x00000000fdc00000,0x00000000fe030010,0x00000000fe080000)
  to   space 8192K, 0% used [0x00000000fd080000,0x00000000fd080000,0x00000000fd880000)
 ParOldGen       total 87552K, used 19945K [0x0000000081200000, 0x0000000086780000, 0x00000000d5b80000)
  object space 87552K, 22% used [0x0000000081200000,0x000000008257a7c0,0x0000000086780000)
 Metaspace       used 15468K, capacity 15682K, committed 16000K, reserved 1062912K
  class space    used 1460K, capacity 1537K, committed 1664K, reserved 1048576K
}

Deoptimization events (10 events):
Event: 2.172 Thread 0x0000000019b53000 Uncommon trap: reason=unstable_if action=reinterpret pc=0x0000000002491c10 method=java.lang.String.trim()Ljava/lang/String; @ 23
Event: 2.502 Thread 0x00000000021f2800 Uncommon trap: reason=unstable_if action=reinterpret pc=0x000000000255be80 method=java.lang.String.split(Ljava/lang/String;I)[Ljava/lang/String; @ 32
Event: 2.502 Thread 0x00000000021f2800 Uncommon trap: reason=bimorphic action=maybe_recompile pc=0x0000000002639ddc method=java.util.regex.Pattern$Start.match(Ljava/util/regex/Matcher;ILjava/lang/CharSequence;)Z @ 44
Event: 2.502 Thread 0x00000000021f2800 Uncommon trap: reason=bimorphic action=maybe_recompile pc=0x0000000002639ddc method=java.util.regex.Pattern$Start.match(Ljava/util/regex/Matcher;ILjava/lang/CharSequence;)Z @ 44
Event: 2.553 Thread 0x00000000021f2800 Uncommon trap: reason=unstable_if action=reinterpret pc=0x00000000026f67f4 method=java.lang.reflect.AccessibleObject.setAccessible0(Ljava/lang/reflect/AccessibleObject;Z)V @ 4
Event: 2.724 Thread 0x0000000018f8d000 Uncommon trap: reason=unstable_if action=reinterpret pc=0x0000000002555654 method=java.lang.String.<init>([CII)V @ 18
Event: 3.229 Thread 0x0000000018f8d000 Uncommon trap: reason=unstable_if action=reinterpret pc=0x00000000027cdfc4 method=com.jogamp.common.util.IntObjectHashMap.put(ILjava/lang/Object;)Ljava/lang/Object; @ 30
Event: 3.682 Thread 0x0000000018f8d000 Uncommon trap: reason=unstable_if action=reinterpret pc=0x00000000027d7cc0 method=java.nio.Bits.tryReserveMemory(JI)Z @ 29
Event: 9.534 Thread 0x0000000018f8d000 Uncommon trap: reason=unstable_if action=reinterpret pc=0x00000000025a8af4 method=unsw.graphics.world.World.display(Lcom/jogamp/opengl/GL3;)V @ 350
Event: 9.571 Thread 0x0000000018f8d000 Uncommon trap: reason=unstable_if action=reinterpret pc=0x0000000002454634 method=unsw.graphics.world.World.display(Lcom/jogamp/opengl/GL3;)V @ 350

Classes redefined (0 events):
No events

Internal exceptions (10 events):
Event: 0.034 Thread 0x00000000021f2800 Exception <a 'java/lang/NoSuchMethodError': Method sun.misc.Unsafe.defineClass(Ljava/lang/String;[BII)Ljava/lang/Class; name or signature does not match> (0x00000000d5b87cb0) thrown at [C:\re\workspace\8-2-build-windows-amd64-cygwin\jdk8u172\10810\hotspot
Event: 0.034 Thread 0x00000000021f2800 Exception <a 'java/lang/NoSuchMethodError': Method sun.misc.Unsafe.prefetchRead(Ljava/lang/Object;J)V name or signature does not match> (0x00000000d5b87f98) thrown at [C:\re\workspace\8-2-build-windows-amd64-cygwin\jdk8u172\10810\hotspot\src\share\vm\prim
Event: 0.406 Thread 0x00000000021f2800 Exception <a 'java/security/PrivilegedActionException'> (0x00000000d5ca68b8) thrown at [C:\re\workspace\8-2-build-windows-amd64-cygwin\jdk8u172\10810\hotspot\src\share\vm\prims\jvm.cpp, line 1435]
Event: 0.406 Thread 0x00000000021f2800 Exception <a 'java/security/PrivilegedActionException'> (0x00000000d5ca6ac8) thrown at [C:\re\workspace\8-2-build-windows-amd64-cygwin\jdk8u172\10810\hotspot\src\share\vm\prims\jvm.cpp, line 1435]
Event: 0.407 Thread 0x00000000021f2800 Exception <a 'java/security/PrivilegedActionException'> (0x00000000d5caa738) thrown at [C:\re\workspace\8-2-build-windows-amd64-cygwin\jdk8u172\10810\hotspot\src\share\vm\prims\jvm.cpp, line 1435]
Event: 0.407 Thread 0x00000000021f2800 Exception <a 'java/security/PrivilegedActionException'> (0x00000000d5caa948) thrown at [C:\re\workspace\8-2-build-windows-amd64-cygwin\jdk8u172\10810\hotspot\src\share\vm\prims\jvm.cpp, line 1435]
Event: 0.414 Thread 0x00000000021f2800 Exception <a 'java/io/FileNotFoundException'> (0x00000000d5cbf3d0) thrown at [C:\re\workspace\8-2-build-windows-amd64-cygwin\jdk8u172\10810\hotspot\src\share\vm\prims\jni.cpp, line 709]
Event: 0.455 Thread 0x00000000021f2800 Exception <a 'java/lang/NoSuchFieldError': method resolution failed> (0x00000000d5de2940) thrown at [C:\re\workspace\8-2-build-windows-amd64-cygwin\jdk8u172\10810\hotspot\src\share\vm\prims\methodHandles.cpp, line 1167]
Event: 0.456 Thread 0x00000000021f2800 Exception <a 'java/lang/NoSuchFieldError': method resolution failed> (0x00000000d5defce0) thrown at [C:\re\workspace\8-2-build-windows-amd64-cygwin\jdk8u172\10810\hotspot\src\share\vm\prims\methodHandles.cpp, line 1167]
Event: 1.653 Thread 0x00000000021f2800 Exception <a 'java/io/FileNotFoundException'> (0x00000000d93a74a0) thrown at [C:\re\workspace\8-2-build-windows-amd64-cygwin\jdk8u172\10810\hotspot\src\share\vm\prims\jni.cpp, line 709]

Events (10 events):
Event: 41.897 Executing VM operation: ParallelGCFailedAllocation done
Event: 41.897 Executing VM operation: ParallelGCSystemGC
Event: 41.908 Executing VM operation: ParallelGCSystemGC done
Event: 44.118 Executing VM operation: ParallelGCFailedAllocation
Event: 44.119 Executing VM operation: ParallelGCFailedAllocation done
Event: 44.119 Executing VM operation: ParallelGCSystemGC
Event: 44.133 Executing VM operation: ParallelGCSystemGC done
Event: 46.234 Executing VM operation: ParallelGCFailedAllocation
Event: 46.255 Executing VM operation: ParallelGCFailedAllocation done
Event: 47.404 Thread 0x00000000186c0800 flushing nmethod 0x000000000264ff90


Dynamic libraries:
0x00007ff652d30000 - 0x00007ff652d67000 	C:\Program Files\Java\jre1.8.0_172\bin\javaw.exe
0x00007ffb84550000 - 0x00007ffb84731000 	C:\WINDOWS\SYSTEM32\ntdll.dll
0x00007ffb84010000 - 0x00007ffb840c2000 	C:\WINDOWS\System32\KERNEL32.DLL
0x00007ffb80c40000 - 0x00007ffb80eb3000 	C:\WINDOWS\System32\KERNELBASE.dll
0x00007ffb836f0000 - 0x00007ffb83791000 	C:\WINDOWS\System32\ADVAPI32.dll
0x00007ffb81cc0000 - 0x00007ffb81d5e000 	C:\WINDOWS\System32\msvcrt.dll
0x00007ffb83a70000 - 0x00007ffb83acb000 	C:\WINDOWS\System32\sechost.dll
0x00007ffb83b40000 - 0x00007ffb83c64000 	C:\WINDOWS\System32\RPCRT4.dll
0x00007ffb81b30000 - 0x00007ffb81cc0000 	C:\WINDOWS\System32\USER32.dll
0x00007ffb80c20000 - 0x00007ffb80c40000 	C:\WINDOWS\System32\win32u.dll
0x00007ffb84270000 - 0x00007ffb84298000 	C:\WINDOWS\System32\GDI32.dll
0x00007ffb80980000 - 0x00007ffb80b12000 	C:\WINDOWS\System32\gdi32full.dll
0x00007ffb80ec0000 - 0x00007ffb80f5f000 	C:\WINDOWS\System32\msvcp_win.dll
0x00007ffb80b20000 - 0x00007ffb80c1a000 	C:\WINDOWS\System32\ucrtbase.dll
0x00007ffb6d4b0000 - 0x00007ffb6d719000 	C:\WINDOWS\WinSxS\amd64_microsoft.windows.common-controls_6595b64144ccf1df_6.0.17134.345_none_fb429a5930656358\COMCTL32.dll
0x00007ffb83c70000 - 0x00007ffb83f93000 	C:\WINDOWS\System32\combase.dll
0x00007ffb81010000 - 0x00007ffb8108a000 	C:\WINDOWS\System32\bcryptPrimitives.dll
0x00007ffb84230000 - 0x00007ffb8425d000 	C:\WINDOWS\System32\IMM32.DLL
0x0000000057570000 - 0x0000000057642000 	C:\Program Files\Java\jre1.8.0_172\bin\msvcr100.dll
0x0000000057a90000 - 0x0000000058333000 	C:\Program Files\Java\jre1.8.0_172\bin\server\jvm.dll
0x00007ffb84260000 - 0x00007ffb84268000 	C:\WINDOWS\System32\PSAPI.DLL
0x00007ffb6c080000 - 0x00007ffb6c089000 	C:\WINDOWS\SYSTEM32\WSOCK32.dll
0x00007ffb83ad0000 - 0x00007ffb83b3c000 	C:\WINDOWS\System32\WS2_32.dll
0x00007ffb7e9e0000 - 0x00007ffb7ea03000 	C:\WINDOWS\SYSTEM32\WINMM.dll
0x00007ffb798c0000 - 0x00007ffb798ca000 	C:\WINDOWS\SYSTEM32\VERSION.dll
0x00007ffb7e8c0000 - 0x00007ffb7e8ea000 	C:\WINDOWS\SYSTEM32\WINMMBASE.dll
0x00007ffb817a0000 - 0x00007ffb817e9000 	C:\WINDOWS\System32\cfgmgr32.dll
0x00000000579a0000 - 0x00000000579af000 	C:\Program Files\Java\jre1.8.0_172\bin\verify.dll
0x0000000057970000 - 0x0000000057999000 	C:\Program Files\Java\jre1.8.0_172\bin\java.dll
0x0000000057950000 - 0x0000000057966000 	C:\Program Files\Java\jre1.8.0_172\bin\zip.dll
0x00007ffb81d60000 - 0x00007ffb8319f000 	C:\WINDOWS\System32\SHELL32.dll
0x00007ffb837a0000 - 0x00007ffb83849000 	C:\WINDOWS\System32\shcore.dll
0x00007ffb81090000 - 0x00007ffb8179d000 	C:\WINDOWS\System32\windows.storage.dll
0x00007ffb83fa0000 - 0x00007ffb83ff1000 	C:\WINDOWS\System32\shlwapi.dll
0x00007ffb80870000 - 0x00007ffb80881000 	C:\WINDOWS\System32\kernel.appcore.dll
0x00007ffb80900000 - 0x00007ffb8091f000 	C:\WINDOWS\System32\profapi.dll
0x00007ffb808b0000 - 0x00007ffb808fc000 	C:\WINDOWS\System32\powrprof.dll
0x00007ffb80860000 - 0x00007ffb8086a000 	C:\WINDOWS\System32\FLTLIB.DLL
0x0000000057770000 - 0x0000000057909000 	C:\Program Files\Java\jre1.8.0_172\bin\awt.dll
0x00007ffb84440000 - 0x00007ffb84502000 	C:\WINDOWS\System32\OLEAUT32.dll
0x00007ffb7eb00000 - 0x00007ffb7eb8b000 	C:\WINDOWS\SYSTEM32\apphelp.dll
0x00007ffb80290000 - 0x00007ffb802a7000 	C:\WINDOWS\SYSTEM32\CRYPTSP.dll
0x00007ffb7fcc0000 - 0x00007ffb7fcf3000 	C:\WINDOWS\system32\rsaenh.dll
0x00007ffb803c0000 - 0x00007ffb803e5000 	C:\WINDOWS\SYSTEM32\bcrypt.dll
0x00007ffb80790000 - 0x00007ffb807b8000 	C:\WINDOWS\SYSTEM32\USERENV.dll
0x00007ffb802b0000 - 0x00007ffb802bb000 	C:\WINDOWS\SYSTEM32\CRYPTBASE.dll
0x0000000057930000 - 0x000000005794a000 	C:\Program Files\Java\jre1.8.0_172\bin\net.dll
0x00007ffb800e0000 - 0x00007ffb80146000 	C:\WINDOWS\system32\mswsock.dll
0x00007ffb7fe60000 - 0x00007ffb7fe98000 	C:\WINDOWS\SYSTEM32\IPHLPAPI.DLL
0x00007ffb84510000 - 0x00007ffb84518000 	C:\WINDOWS\System32\NSI.dll
0x00007ffb76480000 - 0x00007ffb76496000 	C:\WINDOWS\SYSTEM32\dhcpcsvc6.DLL
0x00007ffb790a0000 - 0x00007ffb790ba000 	C:\WINDOWS\SYSTEM32\dhcpcsvc.DLL
0x0000000057910000 - 0x0000000057921000 	C:\Program Files\Java\jre1.8.0_172\bin\nio.dll
0x00000000637c0000 - 0x00000000637cd000 	C:\Users\Tomas\AppData\Local\Temp\jogamp_0000\file_cache\jln5458029847783096115\jln9143418799048627541\natives\windows-amd64\gluegen-rt.dll
0x00007ffb7ee30000 - 0x00007ffb7eec8000 	C:\WINDOWS\system32\uxtheme.dll
0x00007ffb83850000 - 0x00007ffb839c4000 	C:\WINDOWS\System32\MSCTF.dll
0x00007ffb6f3c0000 - 0x00007ffb6f3f9000 	C:\Program Files\Nahimic\Nahimic2\UserInterface\x64\Nahimic2DevProps.dll
0x00007ffb840d0000 - 0x00007ffb84221000 	C:\WINDOWS\System32\ole32.dll
0x00007ffb6f450000 - 0x00007ffb6f49e000 	C:\Program Files\Nahimic\Nahimic2\UserInterface\x64\Nahimic2OSD.dll
0x00007ffb831a0000 - 0x00007ffb83240000 	C:\WINDOWS\System32\clbcatq.dll
0x00007ffb75d90000 - 0x00007ffb75e06000 	C:\WINDOWS\System32\MMDevApi.dll
0x00007ffb80670000 - 0x00007ffb80697000 	C:\WINDOWS\System32\DEVOBJ.dll
0x00007ffb7d250000 - 0x00007ffb7d404000 	C:\WINDOWS\System32\PROPSYS.dll
0x00007ffb75b50000 - 0x00007ffb75c7c000 	C:\WINDOWS\SYSTEM32\AUDIOSES.DLL
0x00007ffb7c9d0000 - 0x00007ffb7cb1d000 	C:\WINDOWS\SYSTEM32\wintypes.dll
0x00007ffb7c040000 - 0x00007ffb7c04a000 	C:\WINDOWS\SYSTEM32\AVRT.dll
0x00007ffb7ef10000 - 0x00007ffb7ef39000 	C:\WINDOWS\system32\dwmapi.dll
0x0000000057560000 - 0x0000000057567000 	C:\Program Files\Java\jre1.8.0_172\bin\jawt.dll
0x000000006a440000 - 0x000000006a44d000 	C:\Users\Tomas\AppData\Local\Temp\jogamp_0000\file_cache\jln5458029847783096115\jln9143418799048627541\natives\windows-amd64\nativewindow_awt.dll
0x00007ffb67be0000 - 0x00007ffb67d00000 	C:\WINDOWS\system32\opengl32.dll
0x00007ffb75040000 - 0x00007ffb7506c000 	C:\WINDOWS\SYSTEM32\GLU32.dll
0x000000006c100000 - 0x000000006c10f000 	C:\Users\Tomas\AppData\Local\Temp\jogamp_0000\file_cache\jln5458029847783096115\jln9143418799048627541\natives\windows-amd64\nativewindow_win32.dll
0x0000000064500000 - 0x00000000645b1000 	C:\Users\Tomas\AppData\Local\Temp\jogamp_0000\file_cache\jln5458029847783096115\jln9143418799048627541\natives\windows-amd64\jogl_desktop.dll
0x00007ffb541f0000 - 0x00007ffb54460000 	C:\Program Files\MiKTeX 2.9\miktex\bin\x64\libGLESv2.dll
0x00007ffb7b1e0000 - 0x00007ffb7b377000 	C:\WINDOWS\SYSTEM32\d3d9.dll
0x00007ffb63dc0000 - 0x00007ffb63e5c000 	C:\Program Files\Java\jre1.8.0_172\bin\MSVCP140.dll
0x00007ffb7aa90000 - 0x00007ffb7aaa6000 	C:\Program Files\Java\jre1.8.0_172\bin\VCRUNTIME140.dll
0x0000000064340000 - 0x00000000643a2000 	C:\Users\Tomas\AppData\Local\Temp\jogamp_0000\file_cache\jln5458029847783096115\jln9143418799048627541\natives\windows-amd64\jogl_mobile.dll
0x00007ffb45850000 - 0x00007ffb46712000 	C:\WINDOWS\System32\DriverStore\FileRepository\igdlh64.inf_amd64_d44295a98a21a376\ig9icd64.dll
0x00007ffb7d470000 - 0x00007ffb7d483000 	C:\WINDOWS\SYSTEM32\WTSAPI32.dll
0x00007ffb59460000 - 0x00007ffb5aa5e000 	C:\WINDOWS\System32\DriverStore\FileRepository\igdlh64.inf_amd64_d44295a98a21a376\igc64.dll
0x000000006cbc0000 - 0x000000006cbd3000 	C:\Users\Tomas\AppData\Local\Temp\jogamp_0000\file_cache\jln5458029847783096115\jln9143418799048627541\natives\windows-amd64\newt.dll
0x00007ffb7b090000 - 0x00007ffb7b138000 	C:\WINDOWS\SYSTEM32\mscms.dll
0x00007ffb7d440000 - 0x00007ffb7d450000 	C:\WINDOWS\SYSTEM32\ColorAdapterClient.dll
0x00007ffb68890000 - 0x00007ffb688d3000 	C:\WINDOWS\SYSTEM32\icm32.dll
0x00007ffb83240000 - 0x00007ffb8368b000 	C:\WINDOWS\System32\setupapi.dll
0x00007ffb80920000 - 0x00007ffb80977000 	C:\WINDOWS\System32\WINTRUST.dll
0x00007ffb80890000 - 0x00007ffb808a2000 	C:\WINDOWS\System32\MSASN1.dll
0x00007ffb817f0000 - 0x00007ffb819d2000 	C:\WINDOWS\System32\CRYPT32.dll
0x00007ffb79f50000 - 0x00007ffb79fe7000 	C:\WINDOWS\System32\TextInputFramework.dll
0x00007ffb7e7e0000 - 0x00007ffb7e8ba000 	C:\WINDOWS\System32\CoreMessaging.dll
0x00007ffb7baf0000 - 0x00007ffb7be0e000 	C:\WINDOWS\System32\CoreUIComponents.dll
0x00007ffb7f950000 - 0x00007ffb7f981000 	C:\WINDOWS\SYSTEM32\ntmarta.dll
0x0000000057520000 - 0x0000000057551000 	C:\Program Files\Java\jre1.8.0_172\bin\jpeg.dll
0x00007ffb78c00000 - 0x00007ffb78dc9000 	C:\WINDOWS\SYSTEM32\dbghelp.dll

VM Arguments:
jvm_args: -Dfile.encoding=Cp1252 
java_command: unsw.graphics.world.World res/worlds/test1.json
java_class_path (initial): C:\Program Files\Java\jre1.8.0_172\lib\resources.jar;C:\Program Files\Java\jre1.8.0_172\lib\rt.jar;C:\Program Files\Java\jre1.8.0_172\lib\jsse.jar;C:\Program Files\Java\jre1.8.0_172\lib\jce.jar;C:\Program Files\Java\jre1.8.0_172\lib\charsets.jar;C:\Program Files\Java\jre1.8.0_172\lib\jfr.jar;C:\Program Files\Java\jre1.8.0_172\lib\ext\access-bridge-64.jar;C:\Program Files\Java\jre1.8.0_172\lib\ext\cldrdata.jar;C:\Program Files\Java\jre1.8.0_172\lib\ext\dnsns.jar;C:\Program Files\Java\jre1.8.0_172\lib\ext\jaccess.jar;C:\Program Files\Java\jre1.8.0_172\lib\ext\jfxrt.jar;C:\Program Files\Java\jre1.8.0_172\lib\ext\localedata.jar;C:\Program Files\Java\jre1.8.0_172\lib\ext\nashorn.jar;C:\Program Files\Java\jre1.8.0_172\lib\ext\sunec.jar;C:\Program Files\Java\jre1.8.0_172\lib\ext\sunjce_provider.jar;C:\Program Files\Java\jre1.8.0_172\lib\ext\sunmscapi.jar;C:\Program Files\Java\jre1.8.0_172\lib\ext\sunpkcs11.jar;C:\Program Files\Java\jre1.8.0_172\lib\ext\zipfs.jar;D:\_UNSW\COMP3421 - Computer Graphics\COPM3421_ASS2\bin;D:\_UNSW\COMP3421 - Computer Graphics\COPM3421_ASS2\lib\gluegen-rt.jar;D:\_UNSW\COMP3421 - Computer Graphics\COPM3421_ASS2\lib\jogl-all.jar;C:\Users\Tomas\.p2\pool\plugins\org.junit_4.12.0.v201504281640\junit.jar;C:\Users\Tomas\.p2\pool\plugins\org.hamcrest.core_1.3.0.v201303031735.jar;D:\_UNSW\COMP3421 - Computer Graphics\COPM3421_ASS2\lib\jply.jar;D:\_UNSW\COMP3421 - Computer Graphics\COPM3421_ASS2\lib\commons-lang3-3.7.jar
Launcher Type: SUN_STANDARD

Environment Variables:
USERNAME=Tomas
OS=Windows_NT
PROCESSOR_IDENTIFIER=Intel64 Family 6 Model 158 Stepping 9, GenuineIntel



---------------  S Y S T E M  ---------------

OS: Windows 10.0 , 64 bit Build 17134 (10.0.17134.1)

CPU:total 4 (initial active 4) (4 cores per cpu, 1 threads per core) family 6 model 158 stepping 9, cmov, cx8, fxsr, mmx, sse, sse2, sse3, ssse3, sse4.1, sse4.2, popcnt, avx, avx2, aes, clmul, erms, 3dnowpref, lzcnt, tsc, tscinvbit, bmi1, bmi2, adx

Memory: 4k page, physical 8306720k(545460k free), swap 18318620k(210332k free)

vm_info: Java HotSpot(TM) 64-Bit Server VM (25.172-b11) for windows-amd64 JRE (1.8.0_172-b11), built on Mar 28 2018 21:21:52 by "java_re" with MS VC++ 10.0 (VS2010)

time: Sun Oct 21 15:49:39 2018
elapsed time: 50 seconds (0d 0h 0m 50s)

