#
# A fatal error has been detected by the Java Runtime Environment:
#
#  EXCEPTION_ACCESS_VIOLATION (0xc0000005) at pc=0x00007ffb2fa6ed2d, pid=19232, tid=0x00000000000053d0
#
# JRE version: Java(TM) SE Runtime Environment (8.0_172-b11) (build 1.8.0_172-b11)
# Java VM: Java HotSpot(TM) 64-Bit Server VM (25.172-b11 mixed mode windows-amd64 compressed oops)
# Problematic frame:
# C  [ig9icd64.dll+0x55ed2d]
#
# Failed to write core dump. Minidumps are not enabled by default on client versions of Windows
#
# If you would like to submit a bug report, please visit:
#   http://bugreport.java.com/bugreport/crash.jsp
# The crash happened outside the Java Virtual Machine in native code.
# See problematic frame for where to report the bug.
#

---------------  T H R E A D  ---------------

Current thread (0x0000000019e26000):  JavaThread "main-FPSAWTAnimator#00-Timer0" [_thread_in_native, id=21456, stack(0x0000000025970000,0x0000000025a70000)]

siginfo: ExceptionCode=0xc0000005, reading address 0x0000000000000110

Registers:
RAX=0x0000000000000000, RBX=0x000000029727ad90, RCX=0x0000000000945ef0, RDX=0x000000029727ad90
RSP=0x0000000025a6d2e0, RBP=0x0000000000983ea0, RSI=0x000000001c67b150, RDI=0x0000000000945ef0
R8 =0x000000029727ad90, R9 =0x0000000025a6d1f9, R10=0x0000000000000000, R11=0x0000000000000246
R12=0x0000000001044159, R13=0x000000001c750000, R14=0x000000001c69b3e0, R15=0x000000001c67b178
RIP=0x00007ffb2fa6ed2d, EFLAGS=0x0000000000010202

Top of Stack: (sp=0x0000000025a6d2e0)
0x0000000025a6d2e0:   00000002968edc00 000000001c67b150
0x0000000025a6d2f0:   0000b802000b0000 0000000025a6d358
0x0000000025a6d300:   fffffffffffffffe 0000000200000000
0x0000000025a6d310:   000000001c67b178 000000001c69b3e0
0x0000000025a6d320:   000000029727ad90 000000001c67b150
0x0000000025a6d330:   0000000000983ea0 00007ffb2fa61b29
0x0000000025a6d340:   00000002968edce0 0000000000945ef0
0x0000000025a6d350:   000000001c67b150 00007ffb00000000
0x0000000025a6d360:   0000000025a6e101 0000000000986c98
0x0000000025a6d370:   0000000000000000 00007ffb2fa60261
0x0000000025a6d380:   0000000000000001 0000000000983ea0
0x0000000025a6d390:   000000001c67b150 0000000000000000
0x0000000025a6d3a0:   000000000098ab01 0000000000000000
0x0000000025a6d3b0:   0000000000000000 0000000000000000
0x0000000025a6d3c0:   0000000025a6d510 00007ffb2fa61d10
0x0000000025a6d3d0:   000000001c67b150 0000000000000000 

Instructions: (pc=0x00007ffb2fa6ed2d)
0x00007ffb2fa6ed0d:   90 48 8b 86 88 03 02 00 48 89 83 e8 03 00 00 48
0x00007ffb2fa6ed1d:   89 9e 88 03 02 00 ff 86 90 03 02 00 48 8b 43 08
0x00007ffb2fa6ed2d:   48 8b 88 10 01 00 00 48 01 8e 98 03 02 00 48 8b
0x00007ffb2fa6ed3d:   8e 98 03 02 00 48 03 8e f8 03 02 00 48 8b 05 28 


Register to memory mapping:

RAX=0x0000000000000000 is an unknown value
RBX=0x000000029727ad90 is an unknown value
RCX=0x0000000000945ef0 is an unknown value
RDX=0x000000029727ad90 is an unknown value
RSP=0x0000000025a6d2e0 is pointing into the stack for thread: 0x0000000019e26000
RBP=0x0000000000983ea0 is an unknown value
RSI=0x000000001c67b150 is an unknown value
RDI=0x0000000000945ef0 is an unknown value
R8 =0x000000029727ad90 is an unknown value
R9 =0x0000000025a6d1f9 is pointing into the stack for thread: 0x0000000019e26000
R10=0x0000000000000000 is an unknown value
R11=0x0000000000000246 is an unknown value
R12=0x0000000001044159 is an unknown value
R13=0x000000001c750000 is an unknown value
R14=0x000000001c69b3e0 is an unknown value
R15=0x000000001c67b178 is an unknown value


Stack: [0x0000000025970000,0x0000000025a70000],  sp=0x0000000025a6d2e0,  free space=1012k
Native frames: (J=compiled Java code, j=interpreted, Vv=VM code, C=native code)
C  [ig9icd64.dll+0x55ed2d]
C  [ig9icd64.dll+0x551b29]
C  [ig9icd64.dll+0x550261]
C  [ig9icd64.dll+0x551d10]
C  [ig9icd64.dll+0x54eb1e]
C  [ig9icd64.dll+0x7bf9d]
C  [ig9icd64.dll+0x7ced9]
C  [ig9icd64.dll+0xebb4d]
C  [ig9icd64.dll+0x1fc0c4]
C  [ig9icd64.dll+0x1fc133]
C  [ig9icd64.dll+0x551559]
C  [ig9icd64.dll+0x551b18]
C  [ig9icd64.dll+0x550261]
C  [ig9icd64.dll+0x551d10]
C  [ig9icd64.dll+0x54eb1e]
C  [ig9icd64.dll+0x7bf9d]
C  [ig9icd64.dll+0x7ced9]
C  [ig9icd64.dll+0xebb4d]
C  [ig9icd64.dll+0x1fc0c4]
C  [ig9icd64.dll+0x1fc133]
C  [ig9icd64.dll+0x551559]
C  [ig9icd64.dll+0x27af35]
C  [ig9icd64.dll+0x2b4cfc]
C  [ig9icd64.dll+0xb507b]
C  [ig9icd64.dll+0x331d4]
C  [ig9icd64.dll+0x34911]
C  0x0000000002c2c531

Java frames: (J=compiled Java code, j=interpreted, Vv=VM code)
J 1217  jogamp.opengl.gl4.GL4bcImpl.dispatch_glBufferDataDelegate1(IJLjava/lang/Object;IZIJ)V (0 bytes) @ 0x0000000002c2c4b3 [0x0000000002c2c440+0x73]
J 1362 C2 jogamp.opengl.GLBufferObjectTracker.createBufferStorage(Ljogamp/opengl/GLBufferStateTracker;Lcom/jogamp/opengl/GL;IJLjava/nio/Buffer;IILjogamp/opengl/GLBufferObjectTracker$CreateStorageDispatch;)V (457 bytes) @ 0x0000000002c820cc [0x0000000002c81e80+0x24c]
J 1336 C2 unsw.graphics.world.Particle.draw(Lcom/jogamp/opengl/GL3;F)V (104 bytes) @ 0x0000000002c77540 [0x0000000002c769c0+0xb80]
J 1859 C2 unsw.graphics.world.World.display(Lcom/jogamp/opengl/GL3;)V (421 bytes) @ 0x0000000002de9a2c [0x0000000002de7ca0+0x1d8c]
J 2279 C2 jogamp.opengl.GLDrawableHelper.invokeGLImpl(Lcom/jogamp/opengl/GLDrawable;Lcom/jogamp/opengl/GLContext;Ljava/lang/Runnable;Ljava/lang/Runnable;)V (579 bytes) @ 0x000000000292fd08 [0x000000000292f840+0x4c8]
J 2275 C2 com.jogamp.newt.opengl.GLWindow.display()V (144 bytes) @ 0x0000000002cb7d88 [0x0000000002cb7b60+0x228]
J 2285 C2 com.jogamp.opengl.util.FPSAnimator$MainTask.run()V (805 bytes) @ 0x0000000002cd56c0 [0x0000000002cd5600+0xc0]
j  java.util.TimerThread.mainLoop()V+221
j  java.util.TimerThread.run()V+1
v  ~StubRoutines::call_stub

---------------  P R O C E S S  ---------------

Java Threads: ( => current thread )
  0x00000000025c2800 JavaThread "DestroyJavaVM" [_thread_blocked, id=19620, stack(0x0000000002490000,0x0000000002590000)]
=>0x0000000019e26000 JavaThread "main-FPSAWTAnimator#00-Timer0" [_thread_in_native, id=21456, stack(0x0000000025970000,0x0000000025a70000)]
  0x000000001a049000 JavaThread "main-Display-.windows_nil-1-EDT-1" daemon [_thread_blocked, id=4212, stack(0x0000000025070000,0x0000000025170000)]
  0x000000001959f000 JavaThread "main-SharedResourceRunner" daemon [_thread_blocked, id=204, stack(0x000000001c230000,0x000000001c330000)]
  0x000000001a1a6800 JavaThread "AWT-Windows" daemon [_thread_in_native, id=6020, stack(0x000000001b190000,0x000000001b290000)]
  0x000000001a1a5000 JavaThread "Java2D Disposer" daemon [_thread_blocked, id=5808, stack(0x000000001af90000,0x000000001b090000)]
  0x0000000018c78800 JavaThread "Service Thread" daemon [_thread_blocked, id=21884, stack(0x0000000019040000,0x0000000019140000)]
  0x0000000017307000 JavaThread "C1 CompilerThread2" daemon [_thread_blocked, id=6072, stack(0x0000000018b40000,0x0000000018c40000)]
  0x00000000172f4000 JavaThread "C2 CompilerThread1" daemon [_thread_blocked, id=12652, stack(0x0000000018a40000,0x0000000018b40000)]
  0x00000000172f2000 JavaThread "C2 CompilerThread0" daemon [_thread_blocked, id=11372, stack(0x0000000018940000,0x0000000018a40000)]
  0x00000000172ef800 JavaThread "Attach Listener" daemon [_thread_blocked, id=11580, stack(0x0000000018840000,0x0000000018940000)]
  0x00000000172ed800 JavaThread "Signal Dispatcher" daemon [_thread_blocked, id=13136, stack(0x0000000018740000,0x0000000018840000)]
  0x00000000172da800 JavaThread "Finalizer" daemon [_thread_blocked, id=13368, stack(0x0000000018550000,0x0000000018650000)]
  0x00000000026b1800 JavaThread "Reference Handler" daemon [_thread_blocked, id=9836, stack(0x0000000018450000,0x0000000018550000)]

Other Threads:
  0x00000000172b8800 VMThread [stack: 0x0000000018350000,0x0000000018450000] [id=4048]
  0x000000001734e800 WatcherThread [stack: 0x0000000019140000,0x0000000019240000] [id=20736]

VM state:not at safepoint (normal execution)

VM Mutex/Monitor currently owned by a thread: None

Heap:
 PSYoungGen      total 86016K, used 40326K [0x00000000d5b80000, 0x00000000ebb80000, 0x0000000100000000)
  eden space 84992K, 46% used [0x00000000d5b80000,0x00000000d8229810,0x00000000dae80000)
  from space 1024K, 71% used [0x00000000eb900000,0x00000000eb9b8000,0x00000000eba00000)
  to   space 1536K, 0% used [0x00000000eba00000,0x00000000eba00000,0x00000000ebb80000)
 ParOldGen       total 48128K, used 15033K [0x0000000081200000, 0x0000000084100000, 0x00000000d5b80000)
  object space 48128K, 31% used [0x0000000081200000,0x00000000820ae438,0x0000000084100000)
 Metaspace       used 15505K, capacity 15682K, committed 16000K, reserved 1062912K
  class space    used 1461K, capacity 1537K, committed 1664K, reserved 1048576K

Card table byte_map: [0x0000000011b30000,0x0000000011f30000] byte_map_base: 0x0000000011727000

Marking Bits: (ParMarkBitMap*) 0x00000000582b3c10
 Begin Bits: [0x00000000125e0000, 0x0000000014598000)
 End Bits:   [0x0000000014598000, 0x0000000016550000)

Polling page: 0x0000000000890000

CodeCache: size=245760Kb used=6590Kb max_used=7629Kb free=239169Kb
 bounds [0x0000000002770000, 0x0000000002f40000, 0x0000000011770000]
 total_blobs=2530 nmethods=1738 adapters=704
 compilation: enabled

Compilation events (10 events):
Event: 371.566 Thread 0x00000000172f2000 nmethod 2291 0x0000000002cb5e90 code [0x0000000002cb6020, 0x0000000002cb6630]
Event: 371.569 Thread 0x00000000172f4000 nmethod 2292 0x0000000002d4f250 code [0x0000000002d4f400, 0x0000000002d4fac8]
Event: 642.514 Thread 0x0000000017307000 2293 % !   3       sun.java2d.Disposer::run @ 0 (53 bytes)
Event: 642.516 Thread 0x0000000017307000 nmethod 2293% 0x0000000002bfbd10 code [0x0000000002bfbf20, 0x0000000002bfc9b8]
Event: 657.764 Thread 0x0000000017307000 2294   !   3       sun.java2d.Disposer::run (53 bytes)
Event: 657.765 Thread 0x0000000017307000 nmethod 2294 0x0000000002d608d0 code [0x0000000002d60ae0, 0x0000000002d61578]
Event: 658.280 Thread 0x0000000017307000 2295 % !   3       jogamp.newt.DefaultEDTUtil$NEDT::run @ 53 (1112 bytes)
Event: 658.290 Thread 0x0000000017307000 nmethod 2295% 0x0000000002ef9c90 code [0x0000000002efa580, 0x0000000002f01378]
Event: 669.460 Thread 0x0000000017307000 2296   !   3       jogamp.newt.DefaultEDTUtil$NEDT::run (1112 bytes)
Event: 669.465 Thread 0x0000000017307000 nmethod 2296 0x0000000002d53bd0 code [0x0000000002d54480, 0x0000000002d5acf8]

GC Heap History (10 events):
Event: 884.739 GC heap before
{Heap before GC invocations=5039 (full 6):
 PSYoungGen      total 102400K, used 102240K [0x00000000d5b80000, 0x00000000ebe00000, 0x0000000100000000)
  eden space 101376K, 100% used [0x00000000d5b80000,0x00000000dbe80000,0x00000000dbe80000)
  from space 1024K, 84% used [0x00000000ebd00000,0x00000000ebdd8000,0x00000000ebe00000)
  to   space 1536K, 0% used [0x00000000ebb00000,0x00000000ebb00000,0x00000000ebc80000)
 ParOldGen       total 48128K, used 14825K [0x0000000081200000, 0x0000000084100000, 0x00000000d5b80000)
  object space 48128K, 30% used [0x0000000081200000,0x000000008207a438,0x0000000084100000)
 Metaspace       used 15505K, capacity 15682K, committed 16000K, reserved 1062912K
  class space    used 1461K, capacity 1537K, committed 1664K, reserved 1048576K
Event: 884.744 GC heap after
Heap after GC invocations=5039 (full 6):
 PSYoungGen      total 98816K, used 800K [0x00000000d5b80000, 0x00000000ebd80000, 0x0000000100000000)
  eden space 97792K, 0% used [0x00000000d5b80000,0x00000000d5b80000,0x00000000dbb00000)
  from space 1024K, 78% used [0x00000000ebb00000,0x00000000ebbc8000,0x00000000ebc00000)
  to   space 1536K, 0% used [0x00000000ebc00000,0x00000000ebc00000,0x00000000ebd80000)
 ParOldGen       total 48128K, used 14865K [0x0000000081200000, 0x0000000084100000, 0x00000000d5b80000)
  object space 48128K, 30% used [0x0000000081200000,0x0000000082084438,0x0000000084100000)
 Metaspace       used 15505K, capacity 15682K, committed 16000K, reserved 1062912K
  class space    used 1461K, capacity 1537K, committed 1664K, reserved 1048576K
}
Event: 885.281 GC heap before
{Heap before GC invocations=5040 (full 6):
 PSYoungGen      total 98816K, used 98592K [0x00000000d5b80000, 0x00000000ebd80000, 0x0000000100000000)
  eden space 97792K, 100% used [0x00000000d5b80000,0x00000000dbb00000,0x00000000dbb00000)
  from space 1024K, 78% used [0x00000000ebb00000,0x00000000ebbc8000,0x00000000ebc00000)
  to   space 1536K, 0% used [0x00000000ebc00000,0x00000000ebc00000,0x00000000ebd80000)
 ParOldGen       total 48128K, used 14865K [0x0000000081200000, 0x0000000084100000, 0x00000000d5b80000)
  object space 48128K, 30% used [0x0000000081200000,0x0000000082084438,0x0000000084100000)
 Metaspace       used 15505K, capacity 15682K, committed 16000K, reserved 1062912K
  class space    used 1461K, capacity 1537K, committed 1664K, reserved 1048576K
Event: 885.284 GC heap after
Heap after GC invocations=5040 (full 6):
 PSYoungGen      total 95232K, used 768K [0x00000000d5b80000, 0x00000000ebd00000, 0x0000000100000000)
  eden space 94208K, 0% used [0x00000000d5b80000,0x00000000d5b80000,0x00000000db780000)
  from space 1024K, 75% used [0x00000000ebc00000,0x00000000ebcc0000,0x00000000ebd00000)
  to   space 1536K, 0% used [0x00000000eba00000,0x00000000eba00000,0x00000000ebb80000)
 ParOldGen       total 48128K, used 14905K [0x0000000081200000, 0x0000000084100000, 0x00000000d5b80000)
  object space 48128K, 30% used [0x0000000081200000,0x000000008208e438,0x0000000084100000)
 Metaspace       used 15505K, capacity 15682K, committed 16000K, reserved 1062912K
  class space    used 1461K, capacity 1537K, committed 1664K, reserved 1048576K
}
Event: 885.747 GC heap before
{Heap before GC invocations=5041 (full 6):
 PSYoungGen      total 95232K, used 94504K [0x00000000d5b80000, 0x00000000ebd00000, 0x0000000100000000)
  eden space 94208K, 99% used [0x00000000d5b80000,0x00000000db70a0d8,0x00000000db780000)
  from space 1024K, 75% used [0x00000000ebc00000,0x00000000ebcc0000,0x00000000ebd00000)
  to   space 1536K, 0% used [0x00000000eba00000,0x00000000eba00000,0x00000000ebb80000)
 ParOldGen       total 48128K, used 14905K [0x0000000081200000, 0x0000000084100000, 0x00000000d5b80000)
  object space 48128K, 30% used [0x0000000081200000,0x000000008208e438,0x0000000084100000)
 Metaspace       used 15505K, capacity 15682K, committed 16000K, reserved 1062912K
  class space    used 1461K, capacity 1537K, committed 1664K, reserved 1048576K
Event: 885.750 GC heap after
Heap after GC invocations=5041 (full 6):
 PSYoungGen      total 92160K, used 800K [0x00000000d5b80000, 0x00000000ebc80000, 0x0000000100000000)
  eden space 91136K, 0% used [0x00000000d5b80000,0x00000000d5b80000,0x00000000db480000)
  from space 1024K, 78% used [0x00000000eba00000,0x00000000ebac8000,0x00000000ebb00000)
  to   space 1536K, 0% used [0x00000000ebb00000,0x00000000ebb00000,0x00000000ebc80000)
 ParOldGen       total 48128K, used 14953K [0x0000000081200000, 0x0000000084100000, 0x00000000d5b80000)
  object space 48128K, 31% used [0x0000000081200000,0x000000008209a438,0x0000000084100000)
 Metaspace       used 15505K, capacity 15682K, committed 16000K, reserved 1062912K
  class space    used 1461K, capacity 1537K, committed 1664K, reserved 1048576K
}
Event: 886.248 GC heap before
{Heap before GC invocations=5042 (full 6):
 PSYoungGen      total 92160K, used 91936K [0x00000000d5b80000, 0x00000000ebc80000, 0x0000000100000000)
  eden space 91136K, 100% used [0x00000000d5b80000,0x00000000db480000,0x00000000db480000)
  from space 1024K, 78% used [0x00000000eba00000,0x00000000ebac8000,0x00000000ebb00000)
  to   space 1536K, 0% used [0x00000000ebb00000,0x00000000ebb00000,0x00000000ebc80000)
 ParOldGen       total 48128K, used 14953K [0x0000000081200000, 0x0000000084100000, 0x00000000d5b80000)
  object space 48128K, 31% used [0x0000000081200000,0x000000008209a438,0x0000000084100000)
 Metaspace       used 15505K, capacity 15682K, committed 16000K, reserved 1062912K
  class space    used 1461K, capacity 1537K, committed 1664K, reserved 1048576K
Event: 886.250 GC heap after
Heap after GC invocations=5042 (full 6):
 PSYoungGen      total 89088K, used 736K [0x00000000d5b80000, 0x00000000ebc00000, 0x0000000100000000)
  eden space 88064K, 0% used [0x00000000d5b80000,0x00000000d5b80000,0x00000000db180000)
  from space 1024K, 71% used [0x00000000ebb00000,0x00000000ebbb8000,0x00000000ebc00000)
  to   space 1536K, 0% used [0x00000000eb900000,0x00000000eb900000,0x00000000eba80000)
 ParOldGen       total 48128K, used 15001K [0x0000000081200000, 0x0000000084100000, 0x00000000d5b80000)
  object space 48128K, 31% used [0x0000000081200000,0x00000000820a6438,0x0000000084100000)
 Metaspace       used 15505K, capacity 15682K, committed 16000K, reserved 1062912K
  class space    used 1461K, capacity 1537K, committed 1664K, reserved 1048576K
}
Event: 886.717 GC heap before
{Heap before GC invocations=5043 (full 6):
 PSYoungGen      total 89088K, used 88800K [0x00000000d5b80000, 0x00000000ebc00000, 0x0000000100000000)
  eden space 88064K, 100% used [0x00000000d5b80000,0x00000000db180000,0x00000000db180000)
  from space 1024K, 71% used [0x00000000ebb00000,0x00000000ebbb8000,0x00000000ebc00000)
  to   space 1536K, 0% used [0x00000000eb900000,0x00000000eb900000,0x00000000eba80000)
 ParOldGen       total 48128K, used 15001K [0x0000000081200000, 0x0000000084100000, 0x00000000d5b80000)
  object space 48128K, 31% used [0x0000000081200000,0x00000000820a6438,0x0000000084100000)
 Metaspace       used 15505K, capacity 15682K, committed 16000K, reserved 1062912K
  class space    used 1461K, capacity 1537K, committed 1664K, reserved 1048576K
Event: 886.725 GC heap after
Heap after GC invocations=5043 (full 6):
 PSYoungGen      total 86016K, used 736K [0x00000000d5b80000, 0x00000000ebb80000, 0x0000000100000000)
  eden space 84992K, 0% used [0x00000000d5b80000,0x00000000d5b80000,0x00000000dae80000)
  from space 1024K, 71% used [0x00000000eb900000,0x00000000eb9b8000,0x00000000eba00000)
  to   space 1536K, 0% used [0x00000000eba00000,0x00000000eba00000,0x00000000ebb80000)
 ParOldGen       total 48128K, used 15033K [0x0000000081200000, 0x0000000084100000, 0x00000000d5b80000)
  object space 48128K, 31% used [0x0000000081200000,0x00000000820ae438,0x0000000084100000)
 Metaspace       used 15505K, capacity 15682K, committed 16000K, reserved 1062912K
  class space    used 1461K, capacity 1537K, committed 1664K, reserved 1048576K
}

Deoptimization events (10 events):
Event: 1.660 Thread 0x00000000025c2800 Uncommon trap: reason=unstable_if action=reinterpret pc=0x00000000028b3788 method=java.lang.String.startsWith(Ljava/lang/String;I)Z @ 25
Event: 1.809 Thread 0x000000001959f000 Uncommon trap: reason=unstable_if action=reinterpret pc=0x0000000002911b50 method=java.lang.String.trim()Ljava/lang/String; @ 23
Event: 2.074 Thread 0x00000000025c2800 Uncommon trap: reason=unstable_if action=reinterpret pc=0x00000000029d5380 method=java.lang.String.split(Ljava/lang/String;I)[Ljava/lang/String; @ 32
Event: 2.074 Thread 0x00000000025c2800 Uncommon trap: reason=bimorphic action=maybe_recompile pc=0x0000000002b2bc9c method=java.util.regex.Pattern$Start.match(Ljava/util/regex/Matcher;ILjava/lang/CharSequence;)Z @ 44
Event: 2.074 Thread 0x00000000025c2800 Uncommon trap: reason=bimorphic action=maybe_recompile pc=0x0000000002b2bc9c method=java.util.regex.Pattern$Start.match(Ljava/util/regex/Matcher;ILjava/lang/CharSequence;)Z @ 44
Event: 2.112 Thread 0x00000000025c2800 Uncommon trap: reason=unstable_if action=reinterpret pc=0x0000000002b7c1f4 method=java.lang.reflect.AccessibleObject.setAccessible0(Ljava/lang/reflect/AccessibleObject;Z)V @ 4
Event: 2.230 Thread 0x0000000019e26000 Uncommon trap: reason=unstable_if action=reinterpret pc=0x00000000029db828 method=java.lang.String.<init>([CII)V @ 18
Event: 2.613 Thread 0x0000000019e26000 Uncommon trap: reason=unstable_if action=reinterpret pc=0x0000000002c58e44 method=com.jogamp.common.util.IntObjectHashMap.put(ILjava/lang/Object;)Ljava/lang/Object; @ 30
Event: 6.837 Thread 0x0000000019e26000 Uncommon trap: reason=unstable_if action=reinterpret pc=0x0000000002c650c0 method=java.nio.Bits.tryReserveMemory(JI)Z @ 29
Event: 8.545 Thread 0x0000000019e26000 Uncommon trap: reason=unstable_if action=reinterpret pc=0x0000000002917a40 method=unsw.graphics.world.World.display(Lcom/jogamp/opengl/GL3;)V @ 371

Classes redefined (0 events):
No events

Internal exceptions (10 events):
Event: 0.034 Thread 0x00000000025c2800 Exception <a 'java/lang/NoSuchMethodError': Method sun.misc.Unsafe.defineClass(Ljava/lang/String;[BII)Ljava/lang/Class; name or signature does not match> (0x00000000d5b87cb0) thrown at [C:\re\workspace\8-2-build-windows-amd64-cygwin\jdk8u172\10810\hotspot
Event: 0.034 Thread 0x00000000025c2800 Exception <a 'java/lang/NoSuchMethodError': Method sun.misc.Unsafe.prefetchRead(Ljava/lang/Object;J)V name or signature does not match> (0x00000000d5b87f98) thrown at [C:\re\workspace\8-2-build-windows-amd64-cygwin\jdk8u172\10810\hotspot\src\share\vm\prim
Event: 0.320 Thread 0x00000000025c2800 Exception <a 'java/security/PrivilegedActionException'> (0x00000000d5d0fb80) thrown at [C:\re\workspace\8-2-build-windows-amd64-cygwin\jdk8u172\10810\hotspot\src\share\vm\prims\jvm.cpp, line 1435]
Event: 0.320 Thread 0x00000000025c2800 Exception <a 'java/security/PrivilegedActionException'> (0x00000000d5d0fd90) thrown at [C:\re\workspace\8-2-build-windows-amd64-cygwin\jdk8u172\10810\hotspot\src\share\vm\prims\jvm.cpp, line 1435]
Event: 0.320 Thread 0x00000000025c2800 Exception <a 'java/security/PrivilegedActionException'> (0x00000000d5d13a00) thrown at [C:\re\workspace\8-2-build-windows-amd64-cygwin\jdk8u172\10810\hotspot\src\share\vm\prims\jvm.cpp, line 1435]
Event: 0.320 Thread 0x00000000025c2800 Exception <a 'java/security/PrivilegedActionException'> (0x00000000d5d13c10) thrown at [C:\re\workspace\8-2-build-windows-amd64-cygwin\jdk8u172\10810\hotspot\src\share\vm\prims\jvm.cpp, line 1435]
Event: 0.325 Thread 0x00000000025c2800 Exception <a 'java/io/FileNotFoundException'> (0x00000000d5d28698) thrown at [C:\re\workspace\8-2-build-windows-amd64-cygwin\jdk8u172\10810\hotspot\src\share\vm\prims\jni.cpp, line 709]
Event: 0.353 Thread 0x00000000025c2800 Exception <a 'java/lang/NoSuchFieldError': method resolution failed> (0x00000000d5df89c8) thrown at [C:\re\workspace\8-2-build-windows-amd64-cygwin\jdk8u172\10810\hotspot\src\share\vm\prims\methodHandles.cpp, line 1167]
Event: 0.354 Thread 0x00000000025c2800 Exception <a 'java/lang/NoSuchFieldError': method resolution failed> (0x00000000d5e05d68) thrown at [C:\re\workspace\8-2-build-windows-amd64-cygwin\jdk8u172\10810\hotspot\src\share\vm\prims\methodHandles.cpp, line 1167]
Event: 1.455 Thread 0x00000000025c2800 Exception <a 'java/io/FileNotFoundException'> (0x00000000d8f22f60) thrown at [C:\re\workspace\8-2-build-windows-amd64-cygwin\jdk8u172\10810\hotspot\src\share\vm\prims\jni.cpp, line 709]

Events (10 events):
Event: 884.739 Executing VM operation: ParallelGCFailedAllocation
Event: 884.744 Executing VM operation: ParallelGCFailedAllocation done
Event: 885.281 Executing VM operation: ParallelGCFailedAllocation
Event: 885.284 Executing VM operation: ParallelGCFailedAllocation done
Event: 885.747 Executing VM operation: ParallelGCFailedAllocation
Event: 885.750 Executing VM operation: ParallelGCFailedAllocation done
Event: 886.247 Executing VM operation: ParallelGCFailedAllocation
Event: 886.250 Executing VM operation: ParallelGCFailedAllocation done
Event: 886.717 Executing VM operation: ParallelGCFailedAllocation
Event: 886.725 Executing VM operation: ParallelGCFailedAllocation done


Dynamic libraries:
0x00007ff652d30000 - 0x00007ff652d67000 	C:\Program Files\Java\jre1.8.0_172\bin\javaw.exe
0x00007ffb84550000 - 0x00007ffb84731000 	C:\WINDOWS\SYSTEM32\ntdll.dll
0x00007ffb84010000 - 0x00007ffb840c2000 	C:\WINDOWS\System32\KERNEL32.DLL
0x00007ffb80c40000 - 0x00007ffb80eb3000 	C:\WINDOWS\System32\KERNELBASE.dll
0x00007ffb836f0000 - 0x00007ffb83791000 	C:\WINDOWS\System32\ADVAPI32.dll
0x00007ffb81cc0000 - 0x00007ffb81d5e000 	C:\WINDOWS\System32\msvcrt.dll
0x00007ffb83a70000 - 0x00007ffb83acb000 	C:\WINDOWS\System32\sechost.dll
0x00007ffb83b40000 - 0x00007ffb83c64000 	C:\WINDOWS\System32\RPCRT4.dll
0x00007ffb81b30000 - 0x00007ffb81cc0000 	C:\WINDOWS\System32\USER32.dll
0x00007ffb80c20000 - 0x00007ffb80c40000 	C:\WINDOWS\System32\win32u.dll
0x00007ffb84270000 - 0x00007ffb84298000 	C:\WINDOWS\System32\GDI32.dll
0x00007ffb80980000 - 0x00007ffb80b12000 	C:\WINDOWS\System32\gdi32full.dll
0x00007ffb80ec0000 - 0x00007ffb80f5f000 	C:\WINDOWS\System32\msvcp_win.dll
0x00007ffb80b20000 - 0x00007ffb80c1a000 	C:\WINDOWS\System32\ucrtbase.dll
0x00007ffb6d4b0000 - 0x00007ffb6d719000 	C:\WINDOWS\WinSxS\amd64_microsoft.windows.common-controls_6595b64144ccf1df_6.0.17134.345_none_fb429a5930656358\COMCTL32.dll
0x00007ffb83c70000 - 0x00007ffb83f93000 	C:\WINDOWS\System32\combase.dll
0x00007ffb81010000 - 0x00007ffb8108a000 	C:\WINDOWS\System32\bcryptPrimitives.dll
0x00007ffb84230000 - 0x00007ffb8425d000 	C:\WINDOWS\System32\IMM32.DLL
0x0000000057570000 - 0x0000000057642000 	C:\Program Files\Java\jre1.8.0_172\bin\msvcr100.dll
0x0000000057a90000 - 0x0000000058333000 	C:\Program Files\Java\jre1.8.0_172\bin\server\jvm.dll
0x00007ffb84260000 - 0x00007ffb84268000 	C:\WINDOWS\System32\PSAPI.DLL
0x00007ffb6c080000 - 0x00007ffb6c089000 	C:\WINDOWS\SYSTEM32\WSOCK32.dll
0x00007ffb7e9e0000 - 0x00007ffb7ea03000 	C:\WINDOWS\SYSTEM32\WINMM.dll
0x00007ffb798c0000 - 0x00007ffb798ca000 	C:\WINDOWS\SYSTEM32\VERSION.dll
0x00007ffb83ad0000 - 0x00007ffb83b3c000 	C:\WINDOWS\System32\WS2_32.dll
0x00007ffb7e8c0000 - 0x00007ffb7e8ea000 	C:\WINDOWS\SYSTEM32\WINMMBASE.dll
0x00007ffb817a0000 - 0x00007ffb817e9000 	C:\WINDOWS\System32\cfgmgr32.dll
0x00000000579a0000 - 0x00000000579af000 	C:\Program Files\Java\jre1.8.0_172\bin\verify.dll
0x0000000057970000 - 0x0000000057999000 	C:\Program Files\Java\jre1.8.0_172\bin\java.dll
0x0000000057950000 - 0x0000000057966000 	C:\Program Files\Java\jre1.8.0_172\bin\zip.dll
0x00007ffb81d60000 - 0x00007ffb8319f000 	C:\WINDOWS\System32\SHELL32.dll
0x00007ffb837a0000 - 0x00007ffb83849000 	C:\WINDOWS\System32\shcore.dll
0x00007ffb81090000 - 0x00007ffb8179d000 	C:\WINDOWS\System32\windows.storage.dll
0x00007ffb83fa0000 - 0x00007ffb83ff1000 	C:\WINDOWS\System32\shlwapi.dll
0x00007ffb80870000 - 0x00007ffb80881000 	C:\WINDOWS\System32\kernel.appcore.dll
0x00007ffb80900000 - 0x00007ffb8091f000 	C:\WINDOWS\System32\profapi.dll
0x00007ffb808b0000 - 0x00007ffb808fc000 	C:\WINDOWS\System32\powrprof.dll
0x00007ffb80860000 - 0x00007ffb8086a000 	C:\WINDOWS\System32\FLTLIB.DLL
0x0000000057770000 - 0x0000000057909000 	C:\Program Files\Java\jre1.8.0_172\bin\awt.dll
0x00007ffb84440000 - 0x00007ffb84502000 	C:\WINDOWS\System32\OLEAUT32.dll
0x00007ffb7eb00000 - 0x00007ffb7eb8b000 	C:\WINDOWS\SYSTEM32\apphelp.dll
0x00007ffb80290000 - 0x00007ffb802a7000 	C:\WINDOWS\SYSTEM32\CRYPTSP.dll
0x00007ffb7fcc0000 - 0x00007ffb7fcf3000 	C:\WINDOWS\system32\rsaenh.dll
0x00007ffb803c0000 - 0x00007ffb803e5000 	C:\WINDOWS\SYSTEM32\bcrypt.dll
0x00007ffb80790000 - 0x00007ffb807b8000 	C:\WINDOWS\SYSTEM32\USERENV.dll
0x00007ffb802b0000 - 0x00007ffb802bb000 	C:\WINDOWS\SYSTEM32\CRYPTBASE.dll
0x0000000057930000 - 0x000000005794a000 	C:\Program Files\Java\jre1.8.0_172\bin\net.dll
0x00007ffb800e0000 - 0x00007ffb80146000 	C:\WINDOWS\system32\mswsock.dll
0x00007ffb7fe60000 - 0x00007ffb7fe98000 	C:\WINDOWS\SYSTEM32\IPHLPAPI.DLL
0x00007ffb84510000 - 0x00007ffb84518000 	C:\WINDOWS\System32\NSI.dll
0x00007ffb76480000 - 0x00007ffb76496000 	C:\WINDOWS\SYSTEM32\dhcpcsvc6.DLL
0x00007ffb790a0000 - 0x00007ffb790ba000 	C:\WINDOWS\SYSTEM32\dhcpcsvc.DLL
0x0000000057910000 - 0x0000000057921000 	C:\Program Files\Java\jre1.8.0_172\bin\nio.dll
0x00000000637c0000 - 0x00000000637cd000 	C:\Users\Tomas\AppData\Local\Temp\jogamp_0000\file_cache\jln2811730848904647536\jln4931498333417385561\natives\windows-amd64\gluegen-rt.dll
0x00007ffb7ee30000 - 0x00007ffb7eec8000 	C:\WINDOWS\system32\uxtheme.dll
0x00007ffb83850000 - 0x00007ffb839c4000 	C:\WINDOWS\System32\MSCTF.dll
0x00007ffb6f3c0000 - 0x00007ffb6f3f9000 	C:\Program Files\Nahimic\Nahimic2\UserInterface\x64\Nahimic2DevProps.dll
0x00007ffb840d0000 - 0x00007ffb84221000 	C:\WINDOWS\System32\ole32.dll
0x00007ffb6f450000 - 0x00007ffb6f49e000 	C:\Program Files\Nahimic\Nahimic2\UserInterface\x64\Nahimic2OSD.dll
0x00007ffb831a0000 - 0x00007ffb83240000 	C:\WINDOWS\System32\clbcatq.dll
0x00007ffb75d90000 - 0x00007ffb75e06000 	C:\WINDOWS\System32\MMDevApi.dll
0x00007ffb80670000 - 0x00007ffb80697000 	C:\WINDOWS\System32\DEVOBJ.dll
0x00007ffb7d250000 - 0x00007ffb7d404000 	C:\WINDOWS\System32\PROPSYS.dll
0x00007ffb75b50000 - 0x00007ffb75c7c000 	C:\WINDOWS\SYSTEM32\AUDIOSES.DLL
0x00007ffb7c9d0000 - 0x00007ffb7cb1d000 	C:\WINDOWS\SYSTEM32\wintypes.dll
0x00007ffb7c040000 - 0x00007ffb7c04a000 	C:\WINDOWS\SYSTEM32\AVRT.dll
0x00007ffb7ef10000 - 0x00007ffb7ef39000 	C:\WINDOWS\system32\dwmapi.dll
0x0000000057560000 - 0x0000000057567000 	C:\Program Files\Java\jre1.8.0_172\bin\jawt.dll
0x000000006a440000 - 0x000000006a44d000 	C:\Users\Tomas\AppData\Local\Temp\jogamp_0000\file_cache\jln2811730848904647536\jln4931498333417385561\natives\windows-amd64\nativewindow_awt.dll
0x00007ffb67be0000 - 0x00007ffb67d00000 	C:\WINDOWS\system32\opengl32.dll
0x00007ffb75040000 - 0x00007ffb7506c000 	C:\WINDOWS\SYSTEM32\GLU32.dll
0x000000006c100000 - 0x000000006c10f000 	C:\Users\Tomas\AppData\Local\Temp\jogamp_0000\file_cache\jln2811730848904647536\jln4931498333417385561\natives\windows-amd64\nativewindow_win32.dll
0x0000000064500000 - 0x00000000645b1000 	C:\Users\Tomas\AppData\Local\Temp\jogamp_0000\file_cache\jln2811730848904647536\jln4931498333417385561\natives\windows-amd64\jogl_desktop.dll
0x00007ffb51920000 - 0x00007ffb51b90000 	C:\Program Files\MiKTeX 2.9\miktex\bin\x64\libGLESv2.dll
0x00007ffb7b1e0000 - 0x00007ffb7b377000 	C:\WINDOWS\SYSTEM32\d3d9.dll
0x00007ffb79510000 - 0x00007ffb79526000 	C:\Program Files\Java\jre1.8.0_172\bin\VCRUNTIME140.dll
0x00007ffb63d20000 - 0x00007ffb63dbc000 	C:\Program Files\Java\jre1.8.0_172\bin\MSVCP140.dll
0x0000000064340000 - 0x00000000643a2000 	C:\Users\Tomas\AppData\Local\Temp\jogamp_0000\file_cache\jln2811730848904647536\jln4931498333417385561\natives\windows-amd64\jogl_mobile.dll
0x00007ffb2f510000 - 0x00007ffb303d2000 	C:\WINDOWS\System32\DriverStore\FileRepository\igdlh64.inf_amd64_d44295a98a21a376\ig9icd64.dll
0x00007ffb7d470000 - 0x00007ffb7d483000 	C:\WINDOWS\SYSTEM32\WTSAPI32.dll
0x00007ffb59460000 - 0x00007ffb5aa5e000 	C:\WINDOWS\System32\DriverStore\FileRepository\igdlh64.inf_amd64_d44295a98a21a376\igc64.dll
0x000000006cbc0000 - 0x000000006cbd3000 	C:\Users\Tomas\AppData\Local\Temp\jogamp_0000\file_cache\jln2811730848904647536\jln4931498333417385561\natives\windows-amd64\newt.dll
0x00007ffb7b090000 - 0x00007ffb7b138000 	C:\WINDOWS\SYSTEM32\mscms.dll
0x00007ffb7d440000 - 0x00007ffb7d450000 	C:\WINDOWS\SYSTEM32\ColorAdapterClient.dll
0x00007ffb641e0000 - 0x00007ffb64223000 	C:\WINDOWS\SYSTEM32\icm32.dll
0x00007ffb83240000 - 0x00007ffb8368b000 	C:\WINDOWS\System32\setupapi.dll
0x00007ffb80920000 - 0x00007ffb80977000 	C:\WINDOWS\System32\WINTRUST.dll
0x00007ffb80890000 - 0x00007ffb808a2000 	C:\WINDOWS\System32\MSASN1.dll
0x00007ffb817f0000 - 0x00007ffb819d2000 	C:\WINDOWS\System32\CRYPT32.dll
0x00007ffb79f50000 - 0x00007ffb79fe7000 	C:\WINDOWS\System32\TextInputFramework.dll
0x00007ffb7baf0000 - 0x00007ffb7be0e000 	C:\WINDOWS\System32\CoreUIComponents.dll
0x00007ffb7f950000 - 0x00007ffb7f981000 	C:\WINDOWS\SYSTEM32\ntmarta.dll
0x00007ffb7e7e0000 - 0x00007ffb7e8ba000 	C:\WINDOWS\System32\CoreMessaging.dll
0x0000000057520000 - 0x0000000057551000 	C:\Program Files\Java\jre1.8.0_172\bin\jpeg.dll
0x00007ffb78c00000 - 0x00007ffb78dc9000 	C:\WINDOWS\SYSTEM32\dbghelp.dll

VM Arguments:
jvm_args: -Dfile.encoding=Cp1252 
java_command: unsw.graphics.world.World res/worlds/test1.json
java_class_path (initial): C:\Program Files\Java\jre1.8.0_172\lib\resources.jar;C:\Program Files\Java\jre1.8.0_172\lib\rt.jar;C:\Program Files\Java\jre1.8.0_172\lib\jsse.jar;C:\Program Files\Java\jre1.8.0_172\lib\jce.jar;C:\Program Files\Java\jre1.8.0_172\lib\charsets.jar;C:\Program Files\Java\jre1.8.0_172\lib\jfr.jar;C:\Program Files\Java\jre1.8.0_172\lib\ext\access-bridge-64.jar;C:\Program Files\Java\jre1.8.0_172\lib\ext\cldrdata.jar;C:\Program Files\Java\jre1.8.0_172\lib\ext\dnsns.jar;C:\Program Files\Java\jre1.8.0_172\lib\ext\jaccess.jar;C:\Program Files\Java\jre1.8.0_172\lib\ext\jfxrt.jar;C:\Program Files\Java\jre1.8.0_172\lib\ext\localedata.jar;C:\Program Files\Java\jre1.8.0_172\lib\ext\nashorn.jar;C:\Program Files\Java\jre1.8.0_172\lib\ext\sunec.jar;C:\Program Files\Java\jre1.8.0_172\lib\ext\sunjce_provider.jar;C:\Program Files\Java\jre1.8.0_172\lib\ext\sunmscapi.jar;C:\Program Files\Java\jre1.8.0_172\lib\ext\sunpkcs11.jar;C:\Program Files\Java\jre1.8.0_172\lib\ext\zipfs.jar;D:\_UNSW\COMP3421 - Computer Graphics\COPM3421_ASS2\bin;D:\_UNSW\COMP3421 - Computer Graphics\COPM3421_ASS2\lib\gluegen-rt.jar;D:\_UNSW\COMP3421 - Computer Graphics\COPM3421_ASS2\lib\jogl-all.jar;C:\Users\Tomas\.p2\pool\plugins\org.junit_4.12.0.v201504281640\junit.jar;C:\Users\Tomas\.p2\pool\plugins\org.hamcrest.core_1.3.0.v201303031735.jar;D:\_UNSW\COMP3421 - Computer Graphics\COPM3421_ASS2\lib\jply.jar;D:\_UNSW\COMP3421 - Computer Graphics\COPM3421_ASS2\lib\commons-lang3-3.7.jar
Launcher Type: SUN_STANDARD

Environment Variables:
USERNAME=Tomas
OS=Windows_NT
PROCESSOR_IDENTIFIER=Intel64 Family 6 Model 158 Stepping 9, GenuineIntel



---------------  S Y S T E M  ---------------

OS: Windows 10.0 , 64 bit Build 17134 (10.0.17134.1)

CPU:total 4 (initial active 4) (4 cores per cpu, 1 threads per core) family 6 model 158 stepping 9, cmov, cx8, fxsr, mmx, sse, sse2, sse3, ssse3, sse4.1, sse4.2, popcnt, avx, avx2, aes, clmul, erms, 3dnowpref, lzcnt, tsc, tscinvbit, bmi1, bmi2, adx

Memory: 4k page, physical 8306720k(380616k free), swap 18318620k(5836k free)

vm_info: Java HotSpot(TM) 64-Bit Server VM (25.172-b11) for windows-amd64 JRE (1.8.0_172-b11), built on Mar 28 2018 21:21:52 by "java_re" with MS VC++ 10.0 (VS2010)

time: Sun Oct 21 18:22:21 2018
elapsed time: 888 seconds (0d 0h 14m 48s)

