#
# There is insufficient memory for the Java Runtime Environment to continue.
# Native memory allocation (malloc) failed to allocate 32744 bytes for ChunkPool::allocate
# Possible reasons:
#   The system is out of physical RAM or swap space
#   In 32 bit mode, the process size limit was hit
# Possible solutions:
#   Reduce memory load on the system
#   Increase physical memory or swap space
#   Check if swap backing store is full
#   Use 64 bit Java on a 64 bit OS
#   Decrease Java heap size (-Xmx/-Xms)
#   Decrease number of Java threads
#   Decrease Java thread stack sizes (-Xss)
#   Set larger code cache with -XX:ReservedCodeCacheSize=
# This output file may be truncated or incomplete.
#
#  Out of Memory Error (allocation.cpp:273), pid=15564, tid=0x0000000000004670
#
# JRE version: Java(TM) SE Runtime Environment (8.0_172-b11) (build 1.8.0_172-b11)
# Java VM: Java HotSpot(TM) 64-Bit Server VM (25.172-b11 mixed mode windows-amd64 compressed oops)
# Failed to write core dump. Minidumps are not enabled by default on client versions of Windows
#

---------------  T H R E A D  ---------------

Current thread (0x00000000173ad800):  JavaThread "C1 CompilerThread2" daemon [_thread_in_native, id=18032, stack(0x0000000018bd0000,0x0000000018cd0000)]

Stack: [0x0000000018bd0000,0x0000000018cd0000]
[error occurred during error reporting (printing stack bounds), id 0xc0000005]

Native frames: (J=compiled Java code, j=interpreted, Vv=VM code, C=native code)


Current CompileTask:
C1: 665787 2262 % !   3       jogamp.newt.DefaultEDTUtil$NEDT::run @ 53 (1112 bytes)


---------------  P R O C E S S  ---------------

Java Threads: ( => current thread )
  0x0000000002702800 JavaThread "DestroyJavaVM" [_thread_blocked, id=21528, stack(0x0000000002600000,0x0000000002700000)]
  0x0000000019e21000 JavaThread "main-FPSAWTAnimator#00-Timer0" [_thread_in_native, id=21584, stack(0x0000000025aa0000,0x0000000025ba0000)]
  0x0000000019c2d000 JavaThread "main-Display-.windows_nil-1-EDT-1" daemon [_thread_blocked, id=10112, stack(0x00000000251a0000,0x00000000252a0000)]
  0x0000000019d9e800 JavaThread "main-SharedResourceRunner" daemon [_thread_blocked, id=21804, stack(0x000000001c2c0000,0x000000001c3c0000)]
  0x000000001a000800 JavaThread "AWT-Windows" daemon [_thread_in_native, id=12652, stack(0x000000001b220000,0x000000001b320000)]
  0x0000000019fff800 JavaThread "Java2D Disposer" daemon [_thread_blocked, id=20964, stack(0x000000001b020000,0x000000001b120000)]
  0x0000000018d0a000 JavaThread "Service Thread" daemon [_thread_blocked, id=22204, stack(0x00000000190d0000,0x00000000191d0000)]
=>0x00000000173ad800 JavaThread "C1 CompilerThread2" daemon [_thread_in_native, id=18032, stack(0x0000000018bd0000,0x0000000018cd0000)]
  0x0000000017389000 JavaThread "C2 CompilerThread1" daemon [_thread_blocked, id=17868, stack(0x0000000018ad0000,0x0000000018bd0000)]
  0x0000000017381000 JavaThread "C2 CompilerThread0" daemon [_thread_blocked, id=1896, stack(0x00000000189d0000,0x0000000018ad0000)]
  0x000000001737e800 JavaThread "Attach Listener" daemon [_thread_blocked, id=19620, stack(0x00000000188d0000,0x00000000189d0000)]
  0x000000001737d000 JavaThread "Signal Dispatcher" daemon [_thread_blocked, id=13288, stack(0x00000000187d0000,0x00000000188d0000)]
  0x00000000027fe000 JavaThread "Finalizer" daemon [_thread_blocked, id=13596, stack(0x00000000185e0000,0x00000000186e0000)]
  0x00000000027f3000 JavaThread "Reference Handler" daemon [_thread_blocked, id=6692, stack(0x00000000184e0000,0x00000000185e0000)]

Other Threads:
  0x0000000017348000 VMThread [stack: 0x00000000183e0000,0x00000000184e0000] [id=15248]
  0x0000000018d20800 WatcherThread [stack: 0x00000000191d0000,0x00000000192d0000] [id=16644]

VM state:not at safepoint (normal execution)

VM Mutex/Monitor currently owned by a thread: None

Heap:
 PSYoungGen      total 32768K, used 10853K [0x00000000d5b80000, 0x00000000ecb80000, 0x0000000100000000)
  eden space 32256K, 32% used [0x00000000d5b80000,0x00000000d65c9788,0x00000000d7b00000)
  from space 512K, 62% used [0x00000000ecb00000,0x00000000ecb50000,0x00000000ecb80000)
  to   space 512K, 0% used [0x00000000eca80000,0x00000000eca80000,0x00000000ecb00000)
 ParOldGen       total 44032K, used 40006K [0x0000000081200000, 0x0000000083d00000, 0x00000000d5b80000)
  object space 44032K, 90% used [0x0000000081200000,0x00000000839118d8,0x0000000083d00000)
 Metaspace       used 15462K, capacity 15682K, committed 16000K, reserved 1062912K
  class space    used 1461K, capacity 1537K, committed 1664K, reserved 1048576K

Card table byte_map: [0x0000000011bc0000,0x0000000011fc0000] byte_map_base: 0x00000000117b7000

Marking Bits: (ParMarkBitMap*) 0x00000000582b3c10
 Begin Bits: [0x0000000012670000, 0x0000000014628000)
 End Bits:   [0x0000000014628000, 0x00000000165e0000)

Polling page: 0x0000000000c80000

CodeCache: size=245760Kb used=6471Kb max_used=7563Kb free=239288Kb
 bounds [0x0000000002800000, 0x0000000002fa0000, 0x0000000011800000]
 total_blobs=2519 nmethods=1727 adapters=704
 compilation: enabled

Compilation events (10 events):
Event: 313.295 Thread 0x0000000017381000 nmethod 2256 0x0000000002dc0ed0 code [0x0000000002dc1080, 0x0000000002dc16e8]
Event: 313.307 Thread 0x0000000017389000 2258   !   4       com.sun.imageio.plugins.jpeg.JPEGImageReader::setInput (60 bytes)
Event: 313.307 Thread 0x0000000017381000 2259       4       com.sun.imageio.plugins.jpeg.JPEGImageReader::resetInternalState (94 bytes)
Event: 313.309 Thread 0x0000000017381000 nmethod 2259 0x00000000029c1cd0 code [0x00000000029c1e20, 0x00000000029c1fa8]
Event: 313.314 Thread 0x0000000017389000 nmethod 2258 0x0000000002ec7210 code [0x0000000002ec73c0, 0x0000000002ec7dc8]
Event: 353.780 Thread 0x0000000017381000 2260       4       unsw.graphics.world.World::setLighting (369 bytes)
Event: 353.996 Thread 0x0000000017381000 nmethod 2260 0x0000000002b43e10 code [0x0000000002b443a0, 0x0000000002b474b0]
Event: 372.906 Thread 0x0000000017389000 2261   !   4       com.sun.imageio.plugins.jpeg.JPEGImageReader::read (73 bytes)
Event: 372.909 Thread 0x0000000017389000 nmethod 2261 0x0000000002a87cd0 code [0x0000000002a87e60, 0x0000000002a88470]
Event: 665.635 Thread 0x00000000173ad800 2262 % !   3       jogamp.newt.DefaultEDTUtil$NEDT::run @ 53 (1112 bytes)

GC Heap History (10 events):
Event: 662.545 GC heap before
{Heap before GC invocations=3799 (full 3):
 PSYoungGen      total 35328K, used 35168K [0x00000000d5b80000, 0x00000000ecb80000, 0x0000000100000000)
  eden space 34816K, 100% used [0x00000000d5b80000,0x00000000d7d80000,0x00000000d7d80000)
  from space 512K, 68% used [0x00000000eca80000,0x00000000ecad8000,0x00000000ecb00000)
  to   space 512K, 0% used [0x00000000ecb00000,0x00000000ecb00000,0x00000000ecb80000)
 ParOldGen       total 44032K, used 39894K [0x0000000081200000, 0x0000000083d00000, 0x00000000d5b80000)
  object space 44032K, 90% used [0x0000000081200000,0x00000000838f58d8,0x0000000083d00000)
 Metaspace       used 15449K, capacity 15682K, committed 16000K, reserved 1062912K
  class space    used 1461K, capacity 1537K, committed 1664K, reserved 1048576K
Event: 662.547 GC heap after
Heap after GC invocations=3799 (full 3):
 PSYoungGen      total 34816K, used 352K [0x00000000d5b80000, 0x00000000ecb80000, 0x0000000100000000)
  eden space 34304K, 0% used [0x00000000d5b80000,0x00000000d5b80000,0x00000000d7d00000)
  from space 512K, 68% used [0x00000000ecb00000,0x00000000ecb58000,0x00000000ecb80000)
  to   space 512K, 0% used [0x00000000eca80000,0x00000000eca80000,0x00000000ecb00000)
 ParOldGen       total 44032K, used 39926K [0x0000000081200000, 0x0000000083d00000, 0x00000000d5b80000)
  object space 44032K, 90% used [0x0000000081200000,0x00000000838fd8d8,0x0000000083d00000)
 Metaspace       used 15449K, capacity 15682K, committed 16000K, reserved 1062912K
  class space    used 1461K, capacity 1537K, committed 1664K, reserved 1048576K
}
Event: 662.783 GC heap before
{Heap before GC invocations=3800 (full 3):
 PSYoungGen      total 34816K, used 34656K [0x00000000d5b80000, 0x00000000ecb80000, 0x0000000100000000)
  eden space 34304K, 100% used [0x00000000d5b80000,0x00000000d7d00000,0x00000000d7d00000)
  from space 512K, 68% used [0x00000000ecb00000,0x00000000ecb58000,0x00000000ecb80000)
  to   space 512K, 0% used [0x00000000eca80000,0x00000000eca80000,0x00000000ecb00000)
 ParOldGen       total 44032K, used 39926K [0x0000000081200000, 0x0000000083d00000, 0x00000000d5b80000)
  object space 44032K, 90% used [0x0000000081200000,0x00000000838fd8d8,0x0000000083d00000)
 Metaspace       used 15449K, capacity 15682K, committed 16000K, reserved 1062912K
  class space    used 1461K, capacity 1537K, committed 1664K, reserved 1048576K
Event: 662.785 GC heap after
Heap after GC invocations=3800 (full 3):
 PSYoungGen      total 34304K, used 320K [0x00000000d5b80000, 0x00000000ecb80000, 0x0000000100000000)
  eden space 33792K, 0% used [0x00000000d5b80000,0x00000000d5b80000,0x00000000d7c80000)
  from space 512K, 62% used [0x00000000eca80000,0x00000000ecad0000,0x00000000ecb00000)
  to   space 512K, 0% used [0x00000000ecb00000,0x00000000ecb00000,0x00000000ecb80000)
 ParOldGen       total 44032K, used 39942K [0x0000000081200000, 0x0000000083d00000, 0x00000000d5b80000)
  object space 44032K, 90% used [0x0000000081200000,0x00000000839018d8,0x0000000083d00000)
 Metaspace       used 15449K, capacity 15682K, committed 16000K, reserved 1062912K
  class space    used 1461K, capacity 1537K, committed 1664K, reserved 1048576K
}
Event: 662.999 GC heap before
{Heap before GC invocations=3801 (full 3):
 PSYoungGen      total 34304K, used 34112K [0x00000000d5b80000, 0x00000000ecb80000, 0x0000000100000000)
  eden space 33792K, 100% used [0x00000000d5b80000,0x00000000d7c80000,0x00000000d7c80000)
  from space 512K, 62% used [0x00000000eca80000,0x00000000ecad0000,0x00000000ecb00000)
  to   space 512K, 0% used [0x00000000ecb00000,0x00000000ecb00000,0x00000000ecb80000)
 ParOldGen       total 44032K, used 39942K [0x0000000081200000, 0x0000000083d00000, 0x00000000d5b80000)
  object space 44032K, 90% used [0x0000000081200000,0x00000000839018d8,0x0000000083d00000)
 Metaspace       used 15449K, capacity 15682K, committed 16000K, reserved 1062912K
  class space    used 1461K, capacity 1537K, committed 1664K, reserved 1048576K
Event: 663.001 GC heap after
Heap after GC invocations=3801 (full 3):
 PSYoungGen      total 33792K, used 352K [0x00000000d5b80000, 0x00000000ecb80000, 0x0000000100000000)
  eden space 33280K, 0% used [0x00000000d5b80000,0x00000000d5b80000,0x00000000d7c00000)
  from space 512K, 68% used [0x00000000ecb00000,0x00000000ecb58000,0x00000000ecb80000)
  to   space 512K, 0% used [0x00000000eca80000,0x00000000eca80000,0x00000000ecb00000)
 ParOldGen       total 44032K, used 39966K [0x0000000081200000, 0x0000000083d00000, 0x00000000d5b80000)
  object space 44032K, 90% used [0x0000000081200000,0x00000000839078d8,0x0000000083d00000)
 Metaspace       used 15449K, capacity 15682K, committed 16000K, reserved 1062912K
  class space    used 1461K, capacity 1537K, committed 1664K, reserved 1048576K
}
Event: 663.243 GC heap before
{Heap before GC invocations=3802 (full 3):
 PSYoungGen      total 33792K, used 33632K [0x00000000d5b80000, 0x00000000ecb80000, 0x0000000100000000)
  eden space 33280K, 100% used [0x00000000d5b80000,0x00000000d7c00000,0x00000000d7c00000)
  from space 512K, 68% used [0x00000000ecb00000,0x00000000ecb58000,0x00000000ecb80000)
  to   space 512K, 0% used [0x00000000eca80000,0x00000000eca80000,0x00000000ecb00000)
 ParOldGen       total 44032K, used 39966K [0x0000000081200000, 0x0000000083d00000, 0x00000000d5b80000)
  object space 44032K, 90% used [0x0000000081200000,0x00000000839078d8,0x0000000083d00000)
 Metaspace       used 15449K, capacity 15682K, committed 16000K, reserved 1062912K
  class space    used 1461K, capacity 1537K, committed 1664K, reserved 1048576K
Event: 663.245 GC heap after
Heap after GC invocations=3802 (full 3):
 PSYoungGen      total 33280K, used 320K [0x00000000d5b80000, 0x00000000ecb80000, 0x0000000100000000)
  eden space 32768K, 0% used [0x00000000d5b80000,0x00000000d5b80000,0x00000000d7b80000)
  from space 512K, 62% used [0x00000000eca80000,0x00000000ecad0000,0x00000000ecb00000)
  to   space 512K, 0% used [0x00000000ecb00000,0x00000000ecb00000,0x00000000ecb80000)
 ParOldGen       total 44032K, used 39982K [0x0000000081200000, 0x0000000083d00000, 0x00000000d5b80000)
  object space 44032K, 90% used [0x0000000081200000,0x000000008390b8d8,0x0000000083d00000)
 Metaspace       used 15449K, capacity 15682K, committed 16000K, reserved 1062912K
  class space    used 1461K, capacity 1537K, committed 1664K, reserved 1048576K
}
Event: 663.481 GC heap before
{Heap before GC invocations=3803 (full 3):
 PSYoungGen      total 33280K, used 33088K [0x00000000d5b80000, 0x00000000ecb80000, 0x0000000100000000)
  eden space 32768K, 100% used [0x00000000d5b80000,0x00000000d7b80000,0x00000000d7b80000)
  from space 512K, 62% used [0x00000000eca80000,0x00000000ecad0000,0x00000000ecb00000)
  to   space 512K, 0% used [0x00000000ecb00000,0x00000000ecb00000,0x00000000ecb80000)
 ParOldGen       total 44032K, used 39982K [0x0000000081200000, 0x0000000083d00000, 0x00000000d5b80000)
  object space 44032K, 90% used [0x0000000081200000,0x000000008390b8d8,0x0000000083d00000)
 Metaspace       used 15449K, capacity 15682K, committed 16000K, reserved 1062912K
  class space    used 1461K, capacity 1537K, committed 1664K, reserved 1048576K
Event: 663.482 GC heap after
Heap after GC invocations=3803 (full 3):
 PSYoungGen      total 32768K, used 320K [0x00000000d5b80000, 0x00000000ecb80000, 0x0000000100000000)
  eden space 32256K, 0% used [0x00000000d5b80000,0x00000000d5b80000,0x00000000d7b00000)
  from space 512K, 62% used [0x00000000ecb00000,0x00000000ecb50000,0x00000000ecb80000)
  to   space 512K, 0% used [0x00000000eca80000,0x00000000eca80000,0x00000000ecb00000)
 ParOldGen       total 44032K, used 40006K [0x0000000081200000, 0x0000000083d00000, 0x00000000d5b80000)
  object space 44032K, 90% used [0x0000000081200000,0x00000000839118d8,0x0000000083d00000)
 Metaspace       used 15449K, capacity 15682K, committed 16000K, reserved 1062912K
  class space    used 1461K, capacity 1537K, committed 1664K, reserved 1048576K
}

Deoptimization events (10 events):
Event: 2.054 Thread 0x0000000002702800 Uncommon trap: reason=unstable_if action=reinterpret pc=0x0000000002a5e2a8 method=java.lang.String.split(Ljava/lang/String;I)[Ljava/lang/String; @ 32
Event: 2.054 Thread 0x0000000002702800 Uncommon trap: reason=bimorphic action=maybe_recompile pc=0x0000000002b3651c method=java.util.regex.Pattern$Start.match(Ljava/util/regex/Matcher;ILjava/lang/CharSequence;)Z @ 44
Event: 2.054 Thread 0x0000000002702800 Uncommon trap: reason=bimorphic action=maybe_recompile pc=0x0000000002b3651c method=java.util.regex.Pattern$Start.match(Ljava/util/regex/Matcher;ILjava/lang/CharSequence;)Z @ 44
Event: 2.097 Thread 0x0000000002702800 Uncommon trap: reason=unstable_if action=reinterpret pc=0x0000000002c0aeb4 method=java.lang.reflect.AccessibleObject.setAccessible0(Ljava/lang/reflect/AccessibleObject;Z)V @ 4
Event: 2.212 Thread 0x0000000019e21000 Uncommon trap: reason=unstable_if action=reinterpret pc=0x0000000002a70768 method=java.lang.String.<init>([CII)V @ 18
Event: 2.582 Thread 0x0000000019e21000 Uncommon trap: reason=unstable_if action=reinterpret pc=0x0000000002ce5004 method=com.jogamp.common.util.IntObjectHashMap.put(ILjava/lang/Object;)Ljava/lang/Object; @ 30
Event: 8.382 Thread 0x0000000019e21000 Uncommon trap: reason=unstable_if action=reinterpret pc=0x0000000002e0a734 method=unsw.graphics.world.World.display(Lcom/jogamp/opengl/GL3;)V @ 364
Event: 8.421 Thread 0x0000000019e21000 Uncommon trap: reason=unstable_if action=reinterpret pc=0x0000000002951eb4 method=unsw.graphics.world.World.display(Lcom/jogamp/opengl/GL3;)V @ 364
Event: 16.515 Thread 0x0000000019c2d000 Uncommon trap: reason=unstable_if action=reinterpret pc=0x0000000002960090 method=java.lang.StrictMath.floorOrCeil(DDDD)D @ 115
Event: 32.351 Thread 0x00000000027f3000 Uncommon trap: reason=unstable_if action=reinterpret pc=0x0000000002d2a36c method=sun.misc.Cleaner.remove(Lsun/misc/Cleaner;)Z @ 14

Classes redefined (0 events):
No events

Internal exceptions (10 events):
Event: 0.035 Thread 0x0000000002702800 Exception <a 'java/lang/NoSuchMethodError': Method sun.misc.Unsafe.defineClass(Ljava/lang/String;[BII)Ljava/lang/Class; name or signature does not match> (0x00000000d5b87cb0) thrown at [C:\re\workspace\8-2-build-windows-amd64-cygwin\jdk8u172\10810\hotspot
Event: 0.035 Thread 0x0000000002702800 Exception <a 'java/lang/NoSuchMethodError': Method sun.misc.Unsafe.prefetchRead(Ljava/lang/Object;J)V name or signature does not match> (0x00000000d5b87f98) thrown at [C:\re\workspace\8-2-build-windows-amd64-cygwin\jdk8u172\10810\hotspot\src\share\vm\prim
Event: 0.342 Thread 0x0000000002702800 Exception <a 'java/security/PrivilegedActionException'> (0x00000000d5cfeca8) thrown at [C:\re\workspace\8-2-build-windows-amd64-cygwin\jdk8u172\10810\hotspot\src\share\vm\prims\jvm.cpp, line 1435]
Event: 0.342 Thread 0x0000000002702800 Exception <a 'java/security/PrivilegedActionException'> (0x00000000d5cfeeb8) thrown at [C:\re\workspace\8-2-build-windows-amd64-cygwin\jdk8u172\10810\hotspot\src\share\vm\prims\jvm.cpp, line 1435]
Event: 0.342 Thread 0x0000000002702800 Exception <a 'java/security/PrivilegedActionException'> (0x00000000d5d02b28) thrown at [C:\re\workspace\8-2-build-windows-amd64-cygwin\jdk8u172\10810\hotspot\src\share\vm\prims\jvm.cpp, line 1435]
Event: 0.342 Thread 0x0000000002702800 Exception <a 'java/security/PrivilegedActionException'> (0x00000000d5d02d38) thrown at [C:\re\workspace\8-2-build-windows-amd64-cygwin\jdk8u172\10810\hotspot\src\share\vm\prims\jvm.cpp, line 1435]
Event: 0.347 Thread 0x0000000002702800 Exception <a 'java/io/FileNotFoundException'> (0x00000000d5d177c0) thrown at [C:\re\workspace\8-2-build-windows-amd64-cygwin\jdk8u172\10810\hotspot\src\share\vm\prims\jni.cpp, line 709]
Event: 0.379 Thread 0x0000000002702800 Exception <a 'java/lang/NoSuchFieldError': method resolution failed> (0x00000000d5de79e8) thrown at [C:\re\workspace\8-2-build-windows-amd64-cygwin\jdk8u172\10810\hotspot\src\share\vm\prims\methodHandles.cpp, line 1167]
Event: 0.380 Thread 0x0000000002702800 Exception <a 'java/lang/NoSuchFieldError': method resolution failed> (0x00000000d5df4d88) thrown at [C:\re\workspace\8-2-build-windows-amd64-cygwin\jdk8u172\10810\hotspot\src\share\vm\prims\methodHandles.cpp, line 1167]
Event: 1.427 Thread 0x0000000002702800 Exception <a 'java/io/FileNotFoundException'> (0x00000000d923c160) thrown at [C:\re\workspace\8-2-build-windows-amd64-cygwin\jdk8u172\10810\hotspot\src\share\vm\prims\jni.cpp, line 709]

Events (10 events):
Event: 662.545 Executing VM operation: ParallelGCFailedAllocation
Event: 662.547 Executing VM operation: ParallelGCFailedAllocation done
Event: 662.783 Executing VM operation: ParallelGCFailedAllocation
Event: 662.785 Executing VM operation: ParallelGCFailedAllocation done
Event: 662.999 Executing VM operation: ParallelGCFailedAllocation
Event: 663.001 Executing VM operation: ParallelGCFailedAllocation done
Event: 663.242 Executing VM operation: ParallelGCFailedAllocation
Event: 663.245 Executing VM operation: ParallelGCFailedAllocation done
Event: 663.481 Executing VM operation: ParallelGCFailedAllocation
Event: 663.482 Executing VM operation: ParallelGCFailedAllocation done


Dynamic libraries:
0x00007ff652d30000 - 0x00007ff652d67000 	C:\Program Files\Java\jre1.8.0_172\bin\javaw.exe
0x00007ffb84550000 - 0x00007ffb84731000 	C:\WINDOWS\SYSTEM32\ntdll.dll
0x00007ffb84010000 - 0x00007ffb840c2000 	C:\WINDOWS\System32\KERNEL32.DLL
0x00007ffb80c40000 - 0x00007ffb80eb3000 	C:\WINDOWS\System32\KERNELBASE.dll
0x00007ffb836f0000 - 0x00007ffb83791000 	C:\WINDOWS\System32\ADVAPI32.dll
0x00007ffb81cc0000 - 0x00007ffb81d5e000 	C:\WINDOWS\System32\msvcrt.dll
0x00007ffb83a70000 - 0x00007ffb83acb000 	C:\WINDOWS\System32\sechost.dll
0x00007ffb83b40000 - 0x00007ffb83c64000 	C:\WINDOWS\System32\RPCRT4.dll
0x00007ffb81b30000 - 0x00007ffb81cc0000 	C:\WINDOWS\System32\USER32.dll
0x00007ffb80c20000 - 0x00007ffb80c40000 	C:\WINDOWS\System32\win32u.dll
0x00007ffb84270000 - 0x00007ffb84298000 	C:\WINDOWS\System32\GDI32.dll
0x00007ffb80980000 - 0x00007ffb80b12000 	C:\WINDOWS\System32\gdi32full.dll
0x00007ffb80ec0000 - 0x00007ffb80f5f000 	C:\WINDOWS\System32\msvcp_win.dll
0x00007ffb80b20000 - 0x00007ffb80c1a000 	C:\WINDOWS\System32\ucrtbase.dll
0x00007ffb6d4b0000 - 0x00007ffb6d719000 	C:\WINDOWS\WinSxS\amd64_microsoft.windows.common-controls_6595b64144ccf1df_6.0.17134.345_none_fb429a5930656358\COMCTL32.dll
0x00007ffb83c70000 - 0x00007ffb83f93000 	C:\WINDOWS\System32\combase.dll
0x00007ffb81010000 - 0x00007ffb8108a000 	C:\WINDOWS\System32\bcryptPrimitives.dll
0x00007ffb84230000 - 0x00007ffb8425d000 	C:\WINDOWS\System32\IMM32.DLL
0x0000000057570000 - 0x0000000057642000 	C:\Program Files\Java\jre1.8.0_172\bin\msvcr100.dll
0x0000000057a90000 - 0x0000000058333000 	C:\Program Files\Java\jre1.8.0_172\bin\server\jvm.dll
0x00007ffb84260000 - 0x00007ffb84268000 	C:\WINDOWS\System32\PSAPI.DLL
0x00007ffb6c080000 - 0x00007ffb6c089000 	C:\WINDOWS\SYSTEM32\WSOCK32.dll
0x00007ffb7e9e0000 - 0x00007ffb7ea03000 	C:\WINDOWS\SYSTEM32\WINMM.dll
0x00007ffb798c0000 - 0x00007ffb798ca000 	C:\WINDOWS\SYSTEM32\VERSION.dll
0x00007ffb7e8c0000 - 0x00007ffb7e8ea000 	C:\WINDOWS\SYSTEM32\WINMMBASE.dll
0x00007ffb817a0000 - 0x00007ffb817e9000 	C:\WINDOWS\System32\cfgmgr32.dll
0x00007ffb83ad0000 - 0x00007ffb83b3c000 	C:\WINDOWS\System32\WS2_32.dll
0x00000000579a0000 - 0x00000000579af000 	C:\Program Files\Java\jre1.8.0_172\bin\verify.dll
0x0000000057970000 - 0x0000000057999000 	C:\Program Files\Java\jre1.8.0_172\bin\java.dll
0x0000000057950000 - 0x0000000057966000 	C:\Program Files\Java\jre1.8.0_172\bin\zip.dll
0x00007ffb81d60000 - 0x00007ffb8319f000 	C:\WINDOWS\System32\SHELL32.dll
0x00007ffb837a0000 - 0x00007ffb83849000 	C:\WINDOWS\System32\shcore.dll
0x00007ffb81090000 - 0x00007ffb8179d000 	C:\WINDOWS\System32\windows.storage.dll
0x00007ffb83fa0000 - 0x00007ffb83ff1000 	C:\WINDOWS\System32\shlwapi.dll
0x00007ffb80870000 - 0x00007ffb80881000 	C:\WINDOWS\System32\kernel.appcore.dll
0x00007ffb80900000 - 0x00007ffb8091f000 	C:\WINDOWS\System32\profapi.dll
0x00007ffb808b0000 - 0x00007ffb808fc000 	C:\WINDOWS\System32\powrprof.dll
0x00007ffb80860000 - 0x00007ffb8086a000 	C:\WINDOWS\System32\FLTLIB.DLL
0x0000000057770000 - 0x0000000057909000 	C:\Program Files\Java\jre1.8.0_172\bin\awt.dll
0x00007ffb84440000 - 0x00007ffb84502000 	C:\WINDOWS\System32\OLEAUT32.dll
0x00007ffb7eb00000 - 0x00007ffb7eb8b000 	C:\WINDOWS\SYSTEM32\apphelp.dll
0x00007ffb80290000 - 0x00007ffb802a7000 	C:\WINDOWS\SYSTEM32\CRYPTSP.dll
0x00007ffb7fcc0000 - 0x00007ffb7fcf3000 	C:\WINDOWS\system32\rsaenh.dll
0x00007ffb803c0000 - 0x00007ffb803e5000 	C:\WINDOWS\SYSTEM32\bcrypt.dll
0x00007ffb80790000 - 0x00007ffb807b8000 	C:\WINDOWS\SYSTEM32\USERENV.dll
0x00007ffb802b0000 - 0x00007ffb802bb000 	C:\WINDOWS\SYSTEM32\CRYPTBASE.dll
0x0000000057930000 - 0x000000005794a000 	C:\Program Files\Java\jre1.8.0_172\bin\net.dll
0x00007ffb800e0000 - 0x00007ffb80146000 	C:\WINDOWS\system32\mswsock.dll
0x00007ffb7fe60000 - 0x00007ffb7fe98000 	C:\WINDOWS\SYSTEM32\IPHLPAPI.DLL
0x00007ffb84510000 - 0x00007ffb84518000 	C:\WINDOWS\System32\NSI.dll
0x00007ffb76480000 - 0x00007ffb76496000 	C:\WINDOWS\SYSTEM32\dhcpcsvc6.DLL
0x00007ffb790a0000 - 0x00007ffb790ba000 	C:\WINDOWS\SYSTEM32\dhcpcsvc.DLL
0x0000000057910000 - 0x0000000057921000 	C:\Program Files\Java\jre1.8.0_172\bin\nio.dll
0x00000000637c0000 - 0x00000000637cd000 	C:\Users\Tomas\AppData\Local\Temp\jogamp_0000\file_cache\jln7831893552356302995\jln7273873275267323239\natives\windows-amd64\gluegen-rt.dll
0x00007ffb7ee30000 - 0x00007ffb7eec8000 	C:\WINDOWS\system32\uxtheme.dll
0x00007ffb83850000 - 0x00007ffb839c4000 	C:\WINDOWS\System32\MSCTF.dll
0x00007ffb6f3c0000 - 0x00007ffb6f3f9000 	C:\Program Files\Nahimic\Nahimic2\UserInterface\x64\Nahimic2DevProps.dll
0x00007ffb840d0000 - 0x00007ffb84221000 	C:\WINDOWS\System32\ole32.dll
0x00007ffb6f450000 - 0x00007ffb6f49e000 	C:\Program Files\Nahimic\Nahimic2\UserInterface\x64\Nahimic2OSD.dll
0x00007ffb831a0000 - 0x00007ffb83240000 	C:\WINDOWS\System32\clbcatq.dll
0x00007ffb75d90000 - 0x00007ffb75e06000 	C:\WINDOWS\System32\MMDevApi.dll
0x00007ffb80670000 - 0x00007ffb80697000 	C:\WINDOWS\System32\DEVOBJ.dll
0x00007ffb7d250000 - 0x00007ffb7d404000 	C:\WINDOWS\System32\PROPSYS.dll
0x00007ffb75b50000 - 0x00007ffb75c7c000 	C:\WINDOWS\SYSTEM32\AUDIOSES.DLL
0x00007ffb7c9d0000 - 0x00007ffb7cb1d000 	C:\WINDOWS\SYSTEM32\wintypes.dll
0x00007ffb7c040000 - 0x00007ffb7c04a000 	C:\WINDOWS\SYSTEM32\AVRT.dll
0x00007ffb7ef10000 - 0x00007ffb7ef39000 	C:\WINDOWS\system32\dwmapi.dll
0x0000000057560000 - 0x0000000057567000 	C:\Program Files\Java\jre1.8.0_172\bin\jawt.dll
0x000000006a440000 - 0x000000006a44d000 	C:\Users\Tomas\AppData\Local\Temp\jogamp_0000\file_cache\jln7831893552356302995\jln7273873275267323239\natives\windows-amd64\nativewindow_awt.dll
0x00007ffb67be0000 - 0x00007ffb67d00000 	C:\WINDOWS\system32\opengl32.dll
0x00007ffb75040000 - 0x00007ffb7506c000 	C:\WINDOWS\SYSTEM32\GLU32.dll
0x000000006c100000 - 0x000000006c10f000 	C:\Users\Tomas\AppData\Local\Temp\jogamp_0000\file_cache\jln7831893552356302995\jln7273873275267323239\natives\windows-amd64\nativewindow_win32.dll
0x0000000064500000 - 0x00000000645b1000 	C:\Users\Tomas\AppData\Local\Temp\jogamp_0000\file_cache\jln7831893552356302995\jln7273873275267323239\natives\windows-amd64\jogl_desktop.dll
0x00007ffb52010000 - 0x00007ffb52280000 	C:\Program Files\MiKTeX 2.9\miktex\bin\x64\libGLESv2.dll
0x00007ffb7b1e0000 - 0x00007ffb7b377000 	C:\WINDOWS\SYSTEM32\d3d9.dll
0x00007ffb77750000 - 0x00007ffb77766000 	C:\Program Files\Java\jre1.8.0_172\bin\VCRUNTIME140.dll
0x00007ffb64150000 - 0x00007ffb641ec000 	C:\Program Files\Java\jre1.8.0_172\bin\MSVCP140.dll
0x0000000064340000 - 0x00000000643a2000 	C:\Users\Tomas\AppData\Local\Temp\jogamp_0000\file_cache\jln7831893552356302995\jln7273873275267323239\natives\windows-amd64\jogl_mobile.dll
0x00007ffb2f510000 - 0x00007ffb303d2000 	C:\WINDOWS\System32\DriverStore\FileRepository\igdlh64.inf_amd64_d44295a98a21a376\ig9icd64.dll
0x00007ffb7d470000 - 0x00007ffb7d483000 	C:\WINDOWS\SYSTEM32\WTSAPI32.dll
0x00007ffb59460000 - 0x00007ffb5aa5e000 	C:\WINDOWS\System32\DriverStore\FileRepository\igdlh64.inf_amd64_d44295a98a21a376\igc64.dll
0x000000006cbc0000 - 0x000000006cbd3000 	C:\Users\Tomas\AppData\Local\Temp\jogamp_0000\file_cache\jln7831893552356302995\jln7273873275267323239\natives\windows-amd64\newt.dll
0x00007ffb7b090000 - 0x00007ffb7b138000 	C:\WINDOWS\SYSTEM32\mscms.dll
0x00007ffb7d440000 - 0x00007ffb7d450000 	C:\WINDOWS\SYSTEM32\ColorAdapterClient.dll
0x00007ffb63d30000 - 0x00007ffb63d73000 	C:\WINDOWS\SYSTEM32\icm32.dll
0x00007ffb83240000 - 0x00007ffb8368b000 	C:\WINDOWS\System32\setupapi.dll
0x00007ffb80920000 - 0x00007ffb80977000 	C:\WINDOWS\System32\WINTRUST.dll
0x00007ffb80890000 - 0x00007ffb808a2000 	C:\WINDOWS\System32\MSASN1.dll
0x00007ffb817f0000 - 0x00007ffb819d2000 	C:\WINDOWS\System32\CRYPT32.dll
0x00007ffb79f50000 - 0x00007ffb79fe7000 	C:\WINDOWS\System32\TextInputFramework.dll
0x00007ffb7baf0000 - 0x00007ffb7be0e000 	C:\WINDOWS\System32\CoreUIComponents.dll
0x00007ffb7e7e0000 - 0x00007ffb7e8ba000 	C:\WINDOWS\System32\CoreMessaging.dll
0x00007ffb7f950000 - 0x00007ffb7f981000 	C:\WINDOWS\SYSTEM32\ntmarta.dll
0x0000000057520000 - 0x0000000057551000 	C:\Program Files\Java\jre1.8.0_172\bin\jpeg.dll

VM Arguments:
jvm_args: -Dfile.encoding=Cp1252 
java_command: unsw.graphics.world.World res/worlds/test1.json
java_class_path (initial): C:\Program Files\Java\jre1.8.0_172\lib\resources.jar;C:\Program Files\Java\jre1.8.0_172\lib\rt.jar;C:\Program Files\Java\jre1.8.0_172\lib\jsse.jar;C:\Program Files\Java\jre1.8.0_172\lib\jce.jar;C:\Program Files\Java\jre1.8.0_172\lib\charsets.jar;C:\Program Files\Java\jre1.8.0_172\lib\jfr.jar;C:\Program Files\Java\jre1.8.0_172\lib\ext\access-bridge-64.jar;C:\Program Files\Java\jre1.8.0_172\lib\ext\cldrdata.jar;C:\Program Files\Java\jre1.8.0_172\lib\ext\dnsns.jar;C:\Program Files\Java\jre1.8.0_172\lib\ext\jaccess.jar;C:\Program Files\Java\jre1.8.0_172\lib\ext\jfxrt.jar;C:\Program Files\Java\jre1.8.0_172\lib\ext\localedata.jar;C:\Program Files\Java\jre1.8.0_172\lib\ext\nashorn.jar;C:\Program Files\Java\jre1.8.0_172\lib\ext\sunec.jar;C:\Program Files\Java\jre1.8.0_172\lib\ext\sunjce_provider.jar;C:\Program Files\Java\jre1.8.0_172\lib\ext\sunmscapi.jar;C:\Program Files\Java\jre1.8.0_172\lib\ext\sunpkcs11.jar;C:\Program Files\Java\jre1.8.0_172\lib\ext\zipfs.jar;D:\_UNSW\COMP3421 - Computer Graphics\COPM3421_ASS2\bin;D:\_UNSW\COMP3421 - Computer Graphics\COPM3421_ASS2\lib\gluegen-rt.jar;D:\_UNSW\COMP3421 - Computer Graphics\COPM3421_ASS2\lib\jogl-all.jar;C:\Users\Tomas\.p2\pool\plugins\org.junit_4.12.0.v201504281640\junit.jar;C:\Users\Tomas\.p2\pool\plugins\org.hamcrest.core_1.3.0.v201303031735.jar;D:\_UNSW\COMP3421 - Computer Graphics\COPM3421_ASS2\lib\jply.jar;D:\_UNSW\COMP3421 - Computer Graphics\COPM3421_ASS2\lib\commons-lang3-3.7.jar
Launcher Type: SUN_STANDARD

Environment Variables:
USERNAME=Tomas
OS=Windows_NT
PROCESSOR_IDENTIFIER=Intel64 Family 6 Model 158 Stepping 9, GenuineIntel



---------------  S Y S T E M  ---------------

OS: Windows 10.0 , 64 bit Build 17134 (10.0.17134.1)

CPU:total 4 (initial active 4) (4 cores per cpu, 1 threads per core) family 6 model 158 stepping 9, cmov, cx8, fxsr, mmx, sse, sse2, sse3, ssse3, sse4.1, sse4.2, popcnt, avx, avx2, aes, clmul, erms, 3dnowpref, lzcnt, tsc, tscinvbit, bmi1, bmi2, adx

Memory: 4k page, physical 8306720k(304456k free), swap 18318620k(60k free)

vm_info: Java HotSpot(TM) 64-Bit Server VM (25.172-b11) for windows-amd64 JRE (1.8.0_172-b11), built on Mar 28 2018 21:21:52 by "java_re" with MS VC++ 10.0 (VS2010)

time: Sun Oct 21 17:07:19 2018
elapsed time: 665 seconds (0d 0h 11m 5s)

