#
# There is insufficient memory for the Java Runtime Environment to continue.
# Native memory allocation (malloc) failed to allocate 198096 bytes for Chunk::new
# Possible reasons:
#   The system is out of physical RAM or swap space
#   In 32 bit mode, the process size limit was hit
# Possible solutions:
#   Reduce memory load on the system
#   Increase physical memory or swap space
#   Check if swap backing store is full
#   Use 64 bit Java on a 64 bit OS
#   Decrease Java heap size (-Xmx/-Xms)
#   Decrease number of Java threads
#   Decrease Java thread stack sizes (-Xss)
#   Set larger code cache with -XX:ReservedCodeCacheSize=
# This output file may be truncated or incomplete.
#
#  Out of Memory Error (allocation.cpp:390), pid=20732, tid=0x0000000000001580
#
# JRE version: Java(TM) SE Runtime Environment (8.0_172-b11) (build 1.8.0_172-b11)
# Java VM: Java HotSpot(TM) 64-Bit Server VM (25.172-b11 mixed mode windows-amd64 compressed oops)
# Failed to write core dump. Minidumps are not enabled by default on client versions of Windows
#

---------------  T H R E A D  ---------------

Current thread (0x0000000017340800):  JavaThread "C2 CompilerThread0" daemon [_thread_in_native, id=5504, stack(0x0000000018980000,0x0000000018a80000)]

Stack: [0x0000000018980000,0x0000000018a80000]
[error occurred during error reporting (printing stack bounds), id 0xc0000005]

Native frames: (J=compiled Java code, j=interpreted, Vv=VM code, C=native code)


Current CompileTask:
C2: 159792 1680       4       sun.misc.URLClassPath::getResource (83 bytes)


---------------  P R O C E S S  ---------------

Java Threads: ( => current thread )
  0x00000000026c2800 JavaThread "DestroyJavaVM" [_thread_blocked, id=12952, stack(0x00000000025c0000,0x00000000026c0000)]
  0x0000000019cd6800 JavaThread "main-FPSAWTAnimator#00-Timer0" [_thread_in_native, id=26044, stack(0x0000000025dd0000,0x0000000025ed0000)]
  0x0000000019cd2800 JavaThread "main-Display-.windows_nil-1-EDT-1" daemon [_thread_blocked, id=15028, stack(0x00000000254d0000,0x00000000255d0000)]
  0x0000000019a04000 JavaThread "main-SharedResourceRunner" daemon [_thread_blocked, id=24516, stack(0x000000001c180000,0x000000001c280000)]
  0x00000000199b5000 JavaThread "AWT-Windows" daemon [_thread_in_native, id=18732, stack(0x000000001b1d0000,0x000000001b2d0000)]
  0x00000000196a7000 JavaThread "Java2D Disposer" daemon [_thread_blocked, id=12476, stack(0x000000001afd0000,0x000000001b0d0000)]
  0x0000000018cd4800 JavaThread "Service Thread" daemon [_thread_blocked, id=11108, stack(0x0000000019080000,0x0000000019180000)]
  0x0000000017349000 JavaThread "C1 CompilerThread2" daemon [_thread_blocked, id=18264, stack(0x0000000018b80000,0x0000000018c80000)]
  0x0000000017343800 JavaThread "C2 CompilerThread1" daemon [_thread_blocked, id=20584, stack(0x0000000018a80000,0x0000000018b80000)]
=>0x0000000017340800 JavaThread "C2 CompilerThread0" daemon [_thread_in_native, id=5504, stack(0x0000000018980000,0x0000000018a80000)]
  0x000000001733f000 JavaThread "Attach Listener" daemon [_thread_blocked, id=22448, stack(0x0000000018880000,0x0000000018980000)]
  0x000000001733d000 JavaThread "Signal Dispatcher" daemon [_thread_blocked, id=25332, stack(0x0000000018780000,0x0000000018880000)]
  0x000000001732a800 JavaThread "Finalizer" daemon [_thread_blocked, id=6788, stack(0x0000000018590000,0x0000000018690000)]
  0x00000000027b2000 JavaThread "Reference Handler" daemon [_thread_blocked, id=21352, stack(0x0000000018490000,0x0000000018590000)]

Other Threads:
  0x0000000017308000 VMThread [stack: 0x0000000018390000,0x0000000018490000] [id=11880]
  0x0000000018cd7000 WatcherThread [stack: 0x0000000019180000,0x0000000019280000] [id=15460]

VM state:not at safepoint (normal execution)

VM Mutex/Monitor currently owned by a thread: None

Heap:
 PSYoungGen      total 581120K, used 128944K [0x00000000d5b80000, 0x00000000fec80000, 0x0000000100000000)
  eden space 580608K, 22% used [0x00000000d5b80000,0x00000000dd9142e8,0x00000000f9280000)
  from space 512K, 68% used [0x00000000fec00000,0x00000000fec58000,0x00000000fec80000)
  to   space 9728K, 0% used [0x00000000fd980000,0x00000000fd980000,0x00000000fe300000)
 ParOldGen       total 87552K, used 12387K [0x0000000081200000, 0x0000000086780000, 0x00000000d5b80000)
  object space 87552K, 14% used [0x0000000081200000,0x0000000081e18de8,0x0000000086780000)
 Metaspace       used 15007K, capacity 15150K, committed 15360K, reserved 1062912K
  class space    used 1438K, capacity 1505K, committed 1536K, reserved 1048576K

Card table byte_map: [0x0000000011b80000,0x0000000011f80000] byte_map_base: 0x0000000011777000

Marking Bits: (ParMarkBitMap*) 0x0000000066d43c10
 Begin Bits: [0x0000000012630000, 0x00000000145e8000)
 End Bits:   [0x00000000145e8000, 0x00000000165a0000)

Polling page: 0x0000000002350000

CodeCache: size=245760Kb used=5414Kb max_used=5892Kb free=240345Kb
 bounds [0x00000000027c0000, 0x0000000002d90000, 0x00000000117c0000]
 total_blobs=2243 nmethods=1460 adapters=696
 compilation: enabled

Compilation events (10 events):
Event: 146.440 Thread 0x0000000017340800 nmethod 1675 0x00000000028dda50 code [0x00000000028ddbe0, 0x00000000028de2c8]
Event: 147.088 Thread 0x0000000017343800 1676       4       com.jogamp.common.nio.Buffers::getArray (71 bytes)
Event: 147.090 Thread 0x0000000017343800 nmethod 1676 0x0000000002bc3c90 code [0x0000000002bc3de0, 0x0000000002bc3e78]
Event: 147.618 Thread 0x0000000017340800 1677       4       java.io.File::<init> (47 bytes)
Event: 147.628 Thread 0x0000000017340800 nmethod 1677 0x00000000028dc4d0 code [0x00000000028dc660, 0x00000000028dcd68]
Event: 148.984 Thread 0x0000000017343800 1678  s    4       java.io.FileDescriptor::attach (73 bytes)
Event: 148.985 Thread 0x0000000017343800 nmethod 1678 0x0000000002a7fe90 code [0x0000000002a7ffe0, 0x0000000002a80218]
Event: 149.003 Thread 0x0000000017340800 1679       4       com.jogamp.common.util.VersionNumber::compareTo (80 bytes)
Event: 149.004 Thread 0x0000000017340800 nmethod 1679 0x0000000002989410 code [0x0000000002989540, 0x00000000029895d8]
Event: 159.736 Thread 0x0000000017340800 1680       4       sun.misc.URLClassPath::getResource (83 bytes)

GC Heap History (10 events):
Event: 41.328 GC heap before
{Heap before GC invocations=12 (full 0):
 PSYoungGen      total 436224K, used 425281K [0x00000000d5b80000, 0x0000000100000000, 0x0000000100000000)
  eden space 425472K, 99% used [0x00000000d5b80000,0x00000000efa907c0,0x00000000efb00000)
  from space 10752K, 2% used [0x00000000efb00000,0x00000000efb40000,0x00000000f0580000)
  to   space 10752K, 0% used [0x00000000ff580000,0x00000000ff580000,0x0000000100000000)
 ParOldGen       total 87552K, used 11173K [0x0000000081200000, 0x0000000086780000, 0x00000000d5b80000)
  object space 87552K, 12% used [0x0000000081200000,0x0000000081ce95b8,0x0000000086780000)
 Metaspace       used 15000K, capacity 15150K, committed 15360K, reserved 1062912K
  class space    used 1437K, capacity 1505K, committed 1536K, reserved 1048576K
Event: 41.331 GC heap after
Heap after GC invocations=12 (full 0):
 PSYoungGen      total 681984K, used 320K [0x00000000d5b80000, 0x0000000100000000, 0x0000000100000000)
  eden space 671232K, 0% used [0x00000000d5b80000,0x00000000d5b80000,0x00000000feb00000)
  from space 10752K, 2% used [0x00000000ff580000,0x00000000ff5d0010,0x0000000100000000)
  to   space 10752K, 0% used [0x00000000feb00000,0x00000000feb00000,0x00000000ff580000)
 ParOldGen       total 87552K, used 11325K [0x0000000081200000, 0x0000000086780000, 0x00000000d5b80000)
  object space 87552K, 12% used [0x0000000081200000,0x0000000081d0f5b8,0x0000000086780000)
 Metaspace       used 15000K, capacity 15150K, committed 15360K, reserved 1062912K
  class space    used 1437K, capacity 1505K, committed 1536K, reserved 1048576K
}
Event: 59.020 GC heap before
{Heap before GC invocations=13 (full 0):
 PSYoungGen      total 681984K, used 671552K [0x00000000d5b80000, 0x0000000100000000, 0x0000000100000000)
  eden space 671232K, 100% used [0x00000000d5b80000,0x00000000feb00000,0x00000000feb00000)
  from space 10752K, 2% used [0x00000000ff580000,0x00000000ff5d0010,0x0000000100000000)
  to   space 10752K, 0% used [0x00000000feb00000,0x00000000feb00000,0x00000000ff580000)
 ParOldGen       total 87552K, used 11325K [0x0000000081200000, 0x0000000086780000, 0x00000000d5b80000)
  object space 87552K, 12% used [0x0000000081200000,0x0000000081d0f5b8,0x0000000086780000)
 Metaspace       used 15000K, capacity 15150K, committed 15360K, reserved 1062912K
  class space    used 1437K, capacity 1505K, committed 1536K, reserved 1048576K
Event: 59.028 GC heap after
Heap after GC invocations=13 (full 0):
 PSYoungGen      total 671744K, used 416K [0x00000000d5b80000, 0x00000000fff00000, 0x0000000100000000)
  eden space 671232K, 0% used [0x00000000d5b80000,0x00000000d5b80000,0x00000000feb00000)
  from space 512K, 81% used [0x00000000feb00000,0x00000000feb68000,0x00000000feb80000)
  to   space 10240K, 0% used [0x00000000ff500000,0x00000000ff500000,0x00000000fff00000)
 ParOldGen       total 87552K, used 11541K [0x0000000081200000, 0x0000000086780000, 0x00000000d5b80000)
  object space 87552K, 13% used [0x0000000081200000,0x0000000081d455c8,0x0000000086780000)
 Metaspace       used 15000K, capacity 15150K, committed 15360K, reserved 1062912K
  class space    used 1437K, capacity 1505K, committed 1536K, reserved 1048576K
}
Event: 76.877 GC heap before
{Heap before GC invocations=14 (full 0):
 PSYoungGen      total 671744K, used 671648K [0x00000000d5b80000, 0x00000000fff00000, 0x0000000100000000)
  eden space 671232K, 100% used [0x00000000d5b80000,0x00000000feb00000,0x00000000feb00000)
  from space 512K, 81% used [0x00000000feb00000,0x00000000feb68000,0x00000000feb80000)
  to   space 10240K, 0% used [0x00000000ff500000,0x00000000ff500000,0x00000000fff00000)
 ParOldGen       total 87552K, used 11541K [0x0000000081200000, 0x0000000086780000, 0x00000000d5b80000)
  object space 87552K, 13% used [0x0000000081200000,0x0000000081d455c8,0x0000000086780000)
 Metaspace       used 15000K, capacity 15150K, committed 15360K, reserved 1062912K
  class space    used 1437K, capacity 1505K, committed 1536K, reserved 1048576K
Event: 76.892 GC heap after
Heap after GC invocations=14 (full 0):
 PSYoungGen      total 640512K, used 544K [0x00000000d5b80000, 0x00000000ff600000, 0x0000000100000000)
  eden space 639488K, 0% used [0x00000000d5b80000,0x00000000d5b80000,0x00000000fcc00000)
  from space 1024K, 53% used [0x00000000ff500000,0x00000000ff588010,0x00000000ff600000)
  to   space 10240K, 0% used [0x00000000fe200000,0x00000000fe200000,0x00000000fec00000)
 ParOldGen       total 87552K, used 11811K [0x0000000081200000, 0x0000000086780000, 0x00000000d5b80000)
  object space 87552K, 13% used [0x0000000081200000,0x0000000081d88dd8,0x0000000086780000)
 Metaspace       used 15000K, capacity 15150K, committed 15360K, reserved 1062912K
  class space    used 1437K, capacity 1505K, committed 1536K, reserved 1048576K
}
Event: 106.798 GC heap before
{Heap before GC invocations=15 (full 0):
 PSYoungGen      total 640512K, used 639945K [0x00000000d5b80000, 0x00000000ff600000, 0x0000000100000000)
  eden space 639488K, 99% used [0x00000000d5b80000,0x00000000fcbea540,0x00000000fcc00000)
  from space 1024K, 53% used [0x00000000ff500000,0x00000000ff588010,0x00000000ff600000)
  to   space 10240K, 0% used [0x00000000fe200000,0x00000000fe200000,0x00000000fec00000)
 ParOldGen       total 87552K, used 11811K [0x0000000081200000, 0x0000000086780000, 0x00000000d5b80000)
  object space 87552K, 13% used [0x0000000081200000,0x0000000081d88dd8,0x0000000086780000)
 Metaspace       used 15000K, capacity 15150K, committed 15360K, reserved 1062912K
  class space    used 1437K, capacity 1505K, committed 1536K, reserved 1048576K
Event: 106.809 GC heap after
Heap after GC invocations=15 (full 0):
 PSYoungGen      total 619520K, used 352K [0x00000000d5b80000, 0x00000000ff580000, 0x0000000100000000)
  eden space 609280K, 0% used [0x00000000d5b80000,0x00000000d5b80000,0x00000000fae80000)
  from space 10240K, 3% used [0x00000000fe200000,0x00000000fe258000,0x00000000fec00000)
  to   space 9728K, 0% used [0x00000000fec00000,0x00000000fec00000,0x00000000ff580000)
 ParOldGen       total 87552K, used 12171K [0x0000000081200000, 0x0000000086780000, 0x00000000d5b80000)
  object space 87552K, 13% used [0x0000000081200000,0x0000000081de2de8,0x0000000086780000)
 Metaspace       used 15000K, capacity 15150K, committed 15360K, reserved 1062912K
  class space    used 1437K, capacity 1505K, committed 1536K, reserved 1048576K
}
Event: 146.711 GC heap before
{Heap before GC invocations=16 (full 0):
 PSYoungGen      total 619520K, used 609632K [0x00000000d5b80000, 0x00000000ff580000, 0x0000000100000000)
  eden space 609280K, 100% used [0x00000000d5b80000,0x00000000fae80000,0x00000000fae80000)
  from space 10240K, 3% used [0x00000000fe200000,0x00000000fe258000,0x00000000fec00000)
  to   space 9728K, 0% used [0x00000000fec00000,0x00000000fec00000,0x00000000ff580000)
 ParOldGen       total 87552K, used 12171K [0x0000000081200000, 0x0000000086780000, 0x00000000d5b80000)
  object space 87552K, 13% used [0x0000000081200000,0x0000000081de2de8,0x0000000086780000)
 Metaspace       used 15000K, capacity 15150K, committed 15360K, reserved 1062912K
  class space    used 1437K, capacity 1505K, committed 1536K, reserved 1048576K
Event: 146.715 GC heap after
Heap after GC invocations=16 (full 0):
 PSYoungGen      total 581120K, used 352K [0x00000000d5b80000, 0x00000000fec80000, 0x0000000100000000)
  eden space 580608K, 0% used [0x00000000d5b80000,0x00000000d5b80000,0x00000000f9280000)
  from space 512K, 68% used [0x00000000fec00000,0x00000000fec58000,0x00000000fec80000)
  to   space 9728K, 0% used [0x00000000fd980000,0x00000000fd980000,0x00000000fe300000)
 ParOldGen       total 87552K, used 12387K [0x0000000081200000, 0x0000000086780000, 0x00000000d5b80000)
  object space 87552K, 14% used [0x0000000081200000,0x0000000081e18de8,0x0000000086780000)
 Metaspace       used 15000K, capacity 15150K, committed 15360K, reserved 1062912K
  class space    used 1437K, capacity 1505K, committed 1536K, reserved 1048576K
}

Deoptimization events (10 events):
Event: 1.585 Thread 0x0000000019a04000 Uncommon trap: reason=bimorphic action=maybe_recompile pc=0x0000000002ab0588 method=java.util.regex.Pattern$Curly.match0(Ljava/util/regex/Matcher;IILjava/lang/CharSequence;)Z @ 77
Event: 1.689 Thread 0x0000000019a04000 Uncommon trap: reason=bimorphic action=maybe_recompile pc=0x0000000002ab0588 method=java.util.regex.Pattern$Curly.match0(Ljava/util/regex/Matcher;IILjava/lang/CharSequence;)Z @ 77
Event: 1.731 Thread 0x0000000019a04000 Uncommon trap: reason=bimorphic action=maybe_recompile pc=0x0000000002ab0588 method=java.util.regex.Pattern$Curly.match0(Ljava/util/regex/Matcher;IILjava/lang/CharSequence;)Z @ 77
Event: 1.810 Thread 0x0000000019a04000 Uncommon trap: reason=bimorphic action=maybe_recompile pc=0x0000000002ab0588 method=java.util.regex.Pattern$Curly.match0(Ljava/util/regex/Matcher;IILjava/lang/CharSequence;)Z @ 77
Event: 1.827 Thread 0x00000000026c2800 Uncommon trap: reason=unstable_if action=reinterpret pc=0x0000000002a2bb14 method=java.lang.String.split(Ljava/lang/String;I)[Ljava/lang/String; @ 32
Event: 1.827 Thread 0x00000000026c2800 Uncommon trap: reason=bimorphic action=maybe_recompile pc=0x0000000002ab9ee0 method=java.util.regex.Pattern$Start.match(Ljava/util/regex/Matcher;ILjava/lang/CharSequence;)Z @ 44
Event: 1.827 Thread 0x00000000026c2800 Uncommon trap: reason=bimorphic action=maybe_recompile pc=0x0000000002ab9ee0 method=java.util.regex.Pattern$Start.match(Ljava/util/regex/Matcher;ILjava/lang/CharSequence;)Z @ 44
Event: 1.870 Thread 0x00000000026c2800 Uncommon trap: reason=unstable_if action=reinterpret pc=0x0000000002b6e034 method=java.lang.reflect.AccessibleObject.setAccessible0(Ljava/lang/reflect/AccessibleObject;Z)V @ 4
Event: 1.966 Thread 0x0000000019cd6800 Uncommon trap: reason=unstable_if action=reinterpret pc=0x0000000002ab9dbc method=java.util.regex.Pattern$Curly.match0(Ljava/util/regex/Matcher;IILjava/lang/CharSequence;)Z @ 5
Event: 1.966 Thread 0x0000000019cd6800 Uncommon trap: reason=unstable_if action=reinterpret pc=0x0000000002a21ea8 method=java.lang.String.<init>([CII)V @ 18

Classes redefined (0 events):
No events

Internal exceptions (10 events):
Event: 0.029 Thread 0x00000000026c2800 Exception <a 'java/lang/NoSuchMethodError': Method sun.misc.Unsafe.defineClass(Ljava/lang/String;[BII)Ljava/lang/Class; name or signature does not match> (0x00000000d5b87cb0) thrown at [C:\re\workspace\8-2-build-windows-amd64-cygwin\jdk8u172\10810\hotspot
Event: 0.029 Thread 0x00000000026c2800 Exception <a 'java/lang/NoSuchMethodError': Method sun.misc.Unsafe.prefetchRead(Ljava/lang/Object;J)V name or signature does not match> (0x00000000d5b87f98) thrown at [C:\re\workspace\8-2-build-windows-amd64-cygwin\jdk8u172\10810\hotspot\src\share\vm\prim
Event: 0.260 Thread 0x00000000026c2800 Exception <a 'java/security/PrivilegedActionException'> (0x00000000d5ca6dd0) thrown at [C:\re\workspace\8-2-build-windows-amd64-cygwin\jdk8u172\10810\hotspot\src\share\vm\prims\jvm.cpp, line 1435]
Event: 0.260 Thread 0x00000000026c2800 Exception <a 'java/security/PrivilegedActionException'> (0x00000000d5ca6fe0) thrown at [C:\re\workspace\8-2-build-windows-amd64-cygwin\jdk8u172\10810\hotspot\src\share\vm\prims\jvm.cpp, line 1435]
Event: 0.260 Thread 0x00000000026c2800 Exception <a 'java/security/PrivilegedActionException'> (0x00000000d5caac50) thrown at [C:\re\workspace\8-2-build-windows-amd64-cygwin\jdk8u172\10810\hotspot\src\share\vm\prims\jvm.cpp, line 1435]
Event: 0.260 Thread 0x00000000026c2800 Exception <a 'java/security/PrivilegedActionException'> (0x00000000d5caae60) thrown at [C:\re\workspace\8-2-build-windows-amd64-cygwin\jdk8u172\10810\hotspot\src\share\vm\prims\jvm.cpp, line 1435]
Event: 0.266 Thread 0x00000000026c2800 Exception <a 'java/io/FileNotFoundException'> (0x00000000d5cbf8e8) thrown at [C:\re\workspace\8-2-build-windows-amd64-cygwin\jdk8u172\10810\hotspot\src\share\vm\prims\jni.cpp, line 709]
Event: 0.296 Thread 0x00000000026c2800 Exception <a 'java/lang/NoSuchFieldError': method resolution failed> (0x00000000d5de3030) thrown at [C:\re\workspace\8-2-build-windows-amd64-cygwin\jdk8u172\10810\hotspot\src\share\vm\prims\methodHandles.cpp, line 1167]
Event: 0.297 Thread 0x00000000026c2800 Exception <a 'java/lang/NoSuchFieldError': method resolution failed> (0x00000000d5df03d0) thrown at [C:\re\workspace\8-2-build-windows-amd64-cygwin\jdk8u172\10810\hotspot\src\share\vm\prims\methodHandles.cpp, line 1167]
Event: 1.207 Thread 0x00000000026c2800 Exception <a 'java/io/FileNotFoundException'> (0x00000000d7966ef8) thrown at [C:\re\workspace\8-2-build-windows-amd64-cygwin\jdk8u172\10810\hotspot\src\share\vm\prims\jni.cpp, line 709]

Events (10 events):
Event: 59.019 Executing VM operation: ParallelGCFailedAllocation
Event: 59.028 Executing VM operation: ParallelGCFailedAllocation done
Event: 76.873 Executing VM operation: ParallelGCFailedAllocation
Event: 76.892 Executing VM operation: ParallelGCFailedAllocation done
Event: 106.796 Executing VM operation: ParallelGCFailedAllocation
Event: 106.809 Executing VM operation: ParallelGCFailedAllocation done
Event: 146.711 Executing VM operation: ParallelGCFailedAllocation
Event: 146.715 Executing VM operation: ParallelGCFailedAllocation done
Event: 159.734 loading class com/jogamp/opengl/GLDebugMessage
Event: 159.734 loading class com/jogamp/opengl/GLDebugMessage done


Dynamic libraries:
0x00007ff729260000 - 0x00007ff729297000 	C:\Program Files\Java\jre1.8.0_172\bin\javaw.exe
0x00007ffc1afd0000 - 0x00007ffc1b1b1000 	C:\WINDOWS\SYSTEM32\ntdll.dll
0x00007ffc1a9f0000 - 0x00007ffc1aaa2000 	C:\WINDOWS\System32\KERNEL32.DLL
0x00007ffc17ad0000 - 0x00007ffc17d43000 	C:\WINDOWS\System32\KERNELBASE.dll
0x00007ffc1a3a0000 - 0x00007ffc1a441000 	C:\WINDOWS\System32\ADVAPI32.dll
0x00007ffc1ad30000 - 0x00007ffc1adce000 	C:\WINDOWS\System32\msvcrt.dll
0x00007ffc18540000 - 0x00007ffc1859b000 	C:\WINDOWS\System32\sechost.dll
0x00007ffc185a0000 - 0x00007ffc186c4000 	C:\WINDOWS\System32\RPCRT4.dll
0x00007ffc1ab10000 - 0x00007ffc1aca0000 	C:\WINDOWS\System32\USER32.dll
0x00007ffc17ab0000 - 0x00007ffc17ad0000 	C:\WINDOWS\System32\win32u.dll
0x00007ffc1a570000 - 0x00007ffc1a598000 	C:\WINDOWS\System32\GDI32.dll
0x00007ffc174d0000 - 0x00007ffc17662000 	C:\WINDOWS\System32\gdi32full.dll
0x00007ffc17820000 - 0x00007ffc178bf000 	C:\WINDOWS\System32\msvcp_win.dll
0x00007ffc176c0000 - 0x00007ffc177ba000 	C:\WINDOWS\System32\ucrtbase.dll
0x00007ffc08d40000 - 0x00007ffc08fa9000 	C:\WINDOWS\WinSxS\amd64_microsoft.windows.common-controls_6595b64144ccf1df_6.0.17134.285_none_fb4297e330656775\COMCTL32.dll
0x00007ffc186d0000 - 0x00007ffc189f3000 	C:\WINDOWS\System32\combase.dll
0x00007ffc17450000 - 0x00007ffc174ca000 	C:\WINDOWS\System32\bcryptPrimitives.dll
0x00007ffc18500000 - 0x00007ffc1852d000 	C:\WINDOWS\System32\IMM32.DLL
0x00000000678a0000 - 0x0000000067972000 	C:\Program Files\Java\jre1.8.0_172\bin\msvcr100.dll
0x0000000066520000 - 0x0000000066dc3000 	C:\Program Files\Java\jre1.8.0_172\bin\server\jvm.dll
0x00007ffc18530000 - 0x00007ffc18538000 	C:\WINDOWS\System32\PSAPI.DLL
0x00007ffc06280000 - 0x00007ffc06289000 	C:\WINDOWS\SYSTEM32\WSOCK32.dll
0x00007ffc0c8c0000 - 0x00007ffc0c8e3000 	C:\WINDOWS\SYSTEM32\WINMM.dll
0x00007ffc09ac0000 - 0x00007ffc09aca000 	C:\WINDOWS\SYSTEM32\VERSION.dll
0x00007ffc1a500000 - 0x00007ffc1a56c000 	C:\WINDOWS\System32\WS2_32.dll
0x00007ffc0c6b0000 - 0x00007ffc0c6da000 	C:\WINDOWS\SYSTEM32\winmmbase.dll
0x00007ffc17670000 - 0x00007ffc176b9000 	C:\WINDOWS\System32\cfgmgr32.dll
0x0000000068f90000 - 0x0000000068f9f000 	C:\Program Files\Java\jre1.8.0_172\bin\verify.dll
0x0000000068f60000 - 0x0000000068f89000 	C:\Program Files\Java\jre1.8.0_172\bin\java.dll
0x0000000068f40000 - 0x0000000068f56000 	C:\Program Files\Java\jre1.8.0_172\bin\zip.dll
0x00007ffc18f60000 - 0x00007ffc1a3a0000 	C:\WINDOWS\System32\SHELL32.dll
0x00007ffc1a450000 - 0x00007ffc1a4f9000 	C:\WINDOWS\System32\shcore.dll
0x00007ffc17d50000 - 0x00007ffc1845d000 	C:\WINDOWS\System32\windows.storage.dll
0x00007ffc18a00000 - 0x00007ffc18a51000 	C:\WINDOWS\System32\shlwapi.dll
0x00007ffc17360000 - 0x00007ffc17371000 	C:\WINDOWS\System32\kernel.appcore.dll
0x00007ffc17380000 - 0x00007ffc1739f000 	C:\WINDOWS\System32\profapi.dll
0x00007ffc17310000 - 0x00007ffc1735c000 	C:\WINDOWS\System32\powrprof.dll
0x00007ffc17300000 - 0x00007ffc1730a000 	C:\WINDOWS\System32\FLTLIB.DLL
0x0000000067da0000 - 0x0000000067f39000 	C:\Program Files\Java\jre1.8.0_172\bin\awt.dll
0x00007ffc18bc0000 - 0x00007ffc18c82000 	C:\WINDOWS\System32\OLEAUT32.dll
0x00007ffc153d0000 - 0x00007ffc1545b000 	C:\WINDOWS\SYSTEM32\apphelp.dll
0x00007ffc16d10000 - 0x00007ffc16d27000 	C:\WINDOWS\SYSTEM32\CRYPTSP.dll
0x00007ffc16740000 - 0x00007ffc16773000 	C:\WINDOWS\system32\rsaenh.dll
0x00007ffc16e40000 - 0x00007ffc16e65000 	C:\WINDOWS\SYSTEM32\bcrypt.dll
0x00007ffc17210000 - 0x00007ffc17238000 	C:\WINDOWS\SYSTEM32\USERENV.dll
0x00007ffc16d30000 - 0x00007ffc16d3b000 	C:\WINDOWS\SYSTEM32\CRYPTBASE.dll
0x0000000068f20000 - 0x0000000068f3a000 	C:\Program Files\Java\jre1.8.0_172\bin\net.dll
0x00007ffc16b60000 - 0x00007ffc16bc6000 	C:\WINDOWS\system32\mswsock.dll
0x00007ffc168e0000 - 0x00007ffc16918000 	C:\WINDOWS\SYSTEM32\IPHLPAPI.DLL
0x00007ffc1add0000 - 0x00007ffc1add8000 	C:\WINDOWS\System32\NSI.dll
0x00007ffc0fc20000 - 0x00007ffc0fc36000 	C:\WINDOWS\SYSTEM32\dhcpcsvc6.DLL
0x00007ffc10ed0000 - 0x00007ffc10eea000 	C:\WINDOWS\SYSTEM32\dhcpcsvc.DLL
0x0000000068f00000 - 0x0000000068f11000 	C:\Program Files\Java\jre1.8.0_172\bin\nio.dll
0x00000000637c0000 - 0x00000000637cd000 	C:\Users\Tomas\AppData\Local\Temp\jogamp_0000\file_cache\jln7469588542142344717\jln7998026017855135\natives\windows-amd64\gluegen-rt.dll
0x00007ffc158c0000 - 0x00007ffc15958000 	C:\WINDOWS\system32\uxtheme.dll
0x00007ffc18c90000 - 0x00007ffc18e05000 	C:\WINDOWS\System32\MSCTF.dll
0x00007ffc06190000 - 0x00007ffc061c9000 	C:\Program Files\Nahimic\Nahimic2\UserInterface\x64\Nahimic2DevProps.dll
0x00007ffc18a60000 - 0x00007ffc18bb1000 	C:\WINDOWS\System32\ole32.dll
0x00007ffbee6c0000 - 0x00007ffbee70e000 	C:\Program Files\Nahimic\Nahimic2\UserInterface\x64\Nahimic2OSD.dll
0x00007ffc18460000 - 0x00007ffc18500000 	C:\WINDOWS\System32\clbcatq.dll
0x00007ffc0ee90000 - 0x00007ffc0ef06000 	C:\WINDOWS\System32\MMDevApi.dll
0x00007ffc170f0000 - 0x00007ffc17117000 	C:\WINDOWS\System32\DEVOBJ.dll
0x00007ffc14840000 - 0x00007ffc149f4000 	C:\WINDOWS\System32\PROPSYS.dll
0x00007ffc0e9a0000 - 0x00007ffc0eacc000 	C:\WINDOWS\SYSTEM32\AUDIOSES.DLL
0x00007ffc13550000 - 0x00007ffc1369d000 	C:\WINDOWS\SYSTEM32\wintypes.dll
0x00007ffc13270000 - 0x00007ffc1327a000 	C:\WINDOWS\SYSTEM32\AVRT.dll
0x00007ffc15c00000 - 0x00007ffc15c29000 	C:\WINDOWS\system32\dwmapi.dll
0x0000000067890000 - 0x0000000067897000 	C:\Program Files\Java\jre1.8.0_172\bin\jawt.dll
0x000000006a440000 - 0x000000006a44d000 	C:\Users\Tomas\AppData\Local\Temp\jogamp_0000\file_cache\jln7469588542142344717\jln7998026017855135\natives\windows-amd64\nativewindow_awt.dll
0x00007ffbfaa70000 - 0x00007ffbfab90000 	C:\WINDOWS\system32\opengl32.dll
0x00007ffc0c320000 - 0x00007ffc0c34c000 	C:\WINDOWS\SYSTEM32\GLU32.dll
0x000000006c100000 - 0x000000006c10f000 	C:\Users\Tomas\AppData\Local\Temp\jogamp_0000\file_cache\jln7469588542142344717\jln7998026017855135\natives\windows-amd64\nativewindow_win32.dll
0x0000000064500000 - 0x00000000645b1000 	C:\Users\Tomas\AppData\Local\Temp\jogamp_0000\file_cache\jln7469588542142344717\jln7998026017855135\natives\windows-amd64\jogl_desktop.dll
0x00007ffbcce20000 - 0x00007ffbcd090000 	C:\Program Files\MiKTeX 2.9\miktex\bin\x64\libGLESv2.dll
0x00007ffbec0a0000 - 0x00007ffbec237000 	C:\WINDOWS\SYSTEM32\d3d9.dll
0x00007ffc01350000 - 0x00007ffc013ec000 	C:\Program Files\Java\jre1.8.0_172\bin\MSVCP140.dll
0x00007ffc11960000 - 0x00007ffc11976000 	C:\Program Files\Java\jre1.8.0_172\bin\VCRUNTIME140.dll
0x0000000064340000 - 0x00000000643a2000 	C:\Users\Tomas\AppData\Local\Temp\jogamp_0000\file_cache\jln7469588542142344717\jln7998026017855135\natives\windows-amd64\jogl_mobile.dll
0x00007ffbc3750000 - 0x00007ffbc4612000 	C:\WINDOWS\System32\DriverStore\FileRepository\igdlh64.inf_amd64_d44295a98a21a376\ig9icd64.dll
0x00007ffc13360000 - 0x00007ffc13373000 	C:\WINDOWS\SYSTEM32\WTSAPI32.dll
0x00007ffbfd010000 - 0x00007ffbfe60e000 	C:\WINDOWS\System32\DriverStore\FileRepository\igdlh64.inf_amd64_d44295a98a21a376\igc64.dll
0x000000006cbc0000 - 0x000000006cbd3000 	C:\Users\Tomas\AppData\Local\Temp\jogamp_0000\file_cache\jln7469588542142344717\jln7998026017855135\natives\windows-amd64\newt.dll
0x00007ffc120c0000 - 0x00007ffc12168000 	C:\WINDOWS\SYSTEM32\mscms.dll
0x00007ffc13380000 - 0x00007ffc13390000 	C:\WINDOWS\SYSTEM32\ColorAdapterClient.dll
0x00007ffbfbcb0000 - 0x00007ffbfbcf3000 	C:\WINDOWS\SYSTEM32\icm32.dll
0x0000000024e80000 - 0x00000000252cb000 	C:\WINDOWS\System32\setupapi.dll
0x00007ffc177c0000 - 0x00007ffc17817000 	C:\WINDOWS\System32\WINTRUST.dll
0x00007ffc172e0000 - 0x00007ffc172f2000 	C:\WINDOWS\System32\MSASN1.dll
0x00007ffc178c0000 - 0x00007ffc17aa2000 	C:\WINDOWS\System32\CRYPT32.dll
0x00007ffc00a40000 - 0x00007ffc00ad7000 	C:\WINDOWS\System32\TextInputFramework.dll
0x00007ffc00720000 - 0x00007ffc00a3e000 	C:\WINDOWS\System32\CoreUIComponents.dll
0x00007ffc14e20000 - 0x00007ffc14efa000 	C:\WINDOWS\System32\CoreMessaging.dll
0x00007ffc163b0000 - 0x00007ffc163e1000 	C:\WINDOWS\SYSTEM32\ntmarta.dll

VM Arguments:
jvm_args: -Dfile.encoding=Cp1252 
java_command: unsw.graphics.world.World res/worlds/test1.json
java_class_path (initial): C:\Program Files\Java\jre1.8.0_172\lib\resources.jar;C:\Program Files\Java\jre1.8.0_172\lib\rt.jar;C:\Program Files\Java\jre1.8.0_172\lib\jsse.jar;C:\Program Files\Java\jre1.8.0_172\lib\jce.jar;C:\Program Files\Java\jre1.8.0_172\lib\charsets.jar;C:\Program Files\Java\jre1.8.0_172\lib\jfr.jar;C:\Program Files\Java\jre1.8.0_172\lib\ext\access-bridge-64.jar;C:\Program Files\Java\jre1.8.0_172\lib\ext\cldrdata.jar;C:\Program Files\Java\jre1.8.0_172\lib\ext\dnsns.jar;C:\Program Files\Java\jre1.8.0_172\lib\ext\jaccess.jar;C:\Program Files\Java\jre1.8.0_172\lib\ext\jfxrt.jar;C:\Program Files\Java\jre1.8.0_172\lib\ext\localedata.jar;C:\Program Files\Java\jre1.8.0_172\lib\ext\nashorn.jar;C:\Program Files\Java\jre1.8.0_172\lib\ext\sunec.jar;C:\Program Files\Java\jre1.8.0_172\lib\ext\sunjce_provider.jar;C:\Program Files\Java\jre1.8.0_172\lib\ext\sunmscapi.jar;C:\Program Files\Java\jre1.8.0_172\lib\ext\sunpkcs11.jar;C:\Program Files\Java\jre1.8.0_172\lib\ext\zipfs.jar;D:\_UNSW\COMP3421 - Computer Graphics\COPM3421_ASS2\bin;D:\_UNSW\COMP3421 - Computer Graphics\COPM3421_ASS2\lib\gluegen-rt.jar;D:\_UNSW\COMP3421 - Computer Graphics\COPM3421_ASS2\lib\jogl-all.jar;C:\Users\Tomas\.p2\pool\plugins\org.junit_4.12.0.v201504281640\junit.jar;C:\Users\Tomas\.p2\pool\plugins\org.hamcrest.core_1.3.0.v201303031735.jar;D:\_UNSW\COMP3421 - Computer Graphics\COPM3421_ASS2\lib\jply.jar;D:\_UNSW\COMP3421 - Computer Graphics\COPM3421_ASS2\lib\commons-lang3-3.7.jar
Launcher Type: SUN_STANDARD

Environment Variables:
USERNAME=Tomas
OS=Windows_NT
PROCESSOR_IDENTIFIER=Intel64 Family 6 Model 158 Stepping 9, GenuineIntel



---------------  S Y S T E M  ---------------

OS: Windows 10.0 , 64 bit Build 17134 (10.0.17134.1)

CPU:total 4 (initial active 4) (4 cores per cpu, 1 threads per core) family 6 model 158 stepping 9, cmov, cx8, fxsr, mmx, sse, sse2, sse3, ssse3, sse4.1, sse4.2, popcnt, avx, avx2, aes, clmul, erms, 3dnowpref, lzcnt, tsc, tscinvbit, bmi1, bmi2, adx

Memory: 4k page, physical 8306720k(1705556k free), swap 18318620k(44k free)

vm_info: Java HotSpot(TM) 64-Bit Server VM (25.172-b11) for windows-amd64 JRE (1.8.0_172-b11), built on Mar 28 2018 21:21:52 by "java_re" with MS VC++ 10.0 (VS2010)

time: Sun Oct 07 23:27:14 2018
elapsed time: 159 seconds (0d 0h 2m 39s)

